2018-05-02 12:40:55:
--------------程序启动!--------------
2018-05-02 12:41:11:
--------------程序结束!--------------
2018-05-02 12:42:42:
--------------程序启动!--------------
2018-05-02 12:42:45:
正在同步...
2018-05-02 12:42:45:
同步表[device_type]操作完成!
2018-05-02 12:42:46:
同步表[device_info]操作完成!
2018-05-02 12:42:46:
同步表[work_type]操作完成!
2018-05-02 12:42:46:
同步表[work_template]操作完成!
2018-05-02 12:42:46:
同步表[work_task]操作完成!
2018-05-02 12:42:46:
同步表[work_record]操作完成!
2018-05-02 12:42:46:
The file './/phone.db' was transferred to the device.
The newly created object's ID is 'o91358'

2018-05-02 12:42:46:
同步完成...
2018-05-02 12:43:20:
正在同步...
2018-05-02 12:43:21:
同步表[device_type]操作完成!
2018-05-02 12:43:21:
同步表[device_info]操作完成!
2018-05-02 12:43:21:
同步表[work_type]操作完成!
2018-05-02 12:43:21:
同步表[work_template]操作完成!
2018-05-02 12:43:21:
同步表[work_task]操作完成!
2018-05-02 12:43:21:
同步表[work_record]操作完成!
2018-05-02 12:43:21:
The file './/phone.db' was transferred to the device.
The newly created object's ID is 'o91359'

2018-05-02 12:43:21:
同步完成...
2018-05-02 12:43:29:
正在同步...
2018-05-02 12:43:29:
同步表[device_type]操作完成!
2018-05-02 12:43:29:
同步表[device_info]操作完成!
2018-05-02 12:43:29:
同步表[work_type]操作完成!
2018-05-02 12:43:29:
同步表[work_template]操作完成!
2018-05-02 12:43:29:
同步表[work_task]操作完成!
2018-05-02 12:43:29:
同步表[work_record]操作完成!
2018-05-02 12:43:29:
The file './/phone.db' was transferred to the device.
The newly created object's ID is 'o9135A'

2018-05-02 12:43:29:
同步完成...
2018-05-02 12:43:36:
正在同步...
2018-05-02 12:43:36:
同步表[device_type]操作完成!
2018-05-02 12:43:36:
同步表[device_info]操作完成!
2018-05-02 12:43:36:
同步表[work_type]操作完成!
2018-05-02 12:43:36:
没有数据需要同步,表[work_template]操作完成!
2018-05-02 12:43:36:
没有数据需要同步,表[work_record]操作完成!
2018-05-02 12:43:36:
The file './/phone.db' was transferred to the device.
The newly created object's ID is 'o9135B'

2018-05-02 12:43:36:
同步完成...
2018-05-02 12:43:39:
正在同步...
2018-05-02 12:43:39:
同步表[device_type]操作完成!
2018-05-02 12:43:39:
同步表[device_info]操作完成!
2018-05-02 12:43:39:
同步表[work_type]操作完成!
2018-05-02 12:43:39:
没有数据需要同步,表[work_template]操作完成!
2018-05-02 12:43:39:
没有数据需要同步,表[work_record]操作完成!
2018-05-02 12:43:39:
The file './/phone.db' was transferred to the device.
The newly created object's ID is 'o9135C'

2018-05-02 12:43:39:
同步完成...
2018-05-02 12:43:40:
正在同步...
2018-05-02 12:43:40:
同步表[device_type]操作完成!
2018-05-02 12:43:40:
同步表[device_info]操作完成!
2018-05-02 12:43:40:
同步表[work_type]操作完成!
2018-05-02 12:43:40:
没有数据需要同步,表[work_template]操作完成!
2018-05-02 12:43:40:
没有数据需要同步,表[work_record]操作完成!
2018-05-02 12:43:41:
The file './/phone.db' was transferred to the device.
The newly created object's ID is 'o9135D'

2018-05-02 12:43:41:
同步完成...
2018-05-02 12:43:43:
正在同步...
2018-05-02 12:43:43:
同步表[device_type]操作完成!
2018-05-02 12:43:43:
同步表[device_info]操作完成!
2018-05-02 12:43:43:
同步表[work_type]操作完成!
2018-05-02 12:43:43:
没有数据需要同步,表[work_template]操作完成!
2018-05-02 12:43:43:
没有数据需要同步,表[work_record]操作完成!
2018-05-02 12:43:43:
The file './/phone.db' was transferred to the device.
The newly created object's ID is 'o9135E'

2018-05-02 12:43:43:
同步完成...
2018-05-02 12:43:45:
正在同步...
2018-05-02 12:43:45:
同步表[device_type]操作完成!
2018-05-02 12:43:45:
同步表[device_info]操作完成!
2018-05-02 12:43:45:
同步表[work_type]操作完成!
2018-05-02 12:43:45:
没有数据需要同步,表[work_template]操作完成!
2018-05-02 12:43:45:
没有数据需要同步,表[work_record]操作完成!
2018-05-02 12:43:45:
The file './/phone.db' was transferred to the device.
The newly created object's ID is 'o9135F'

2018-05-02 12:43:45:
同步完成...
2018-05-02 12:43:47:
正在同步...
2018-05-02 12:43:47:
同步表[device_type]操作完成!
2018-05-02 12:43:47:
同步表[device_info]操作完成!
2018-05-02 12:43:47:
同步表[work_type]操作完成!
2018-05-02 12:43:47:
没有数据需要同步,表[work_template]操作完成!
2018-05-02 12:43:47:
没有数据需要同步,表[work_record]操作完成!
2018-05-02 12:43:48:
The file './/phone.db' was transferred to the device.
The newly created object's ID is 'o91360'

2018-05-02 12:43:48:
同步完成...
2018-05-02 12:43:50:
正在同步...
2018-05-02 12:43:50:
同步表[device_type]操作完成!
2018-05-02 12:43:50:
同步表[device_info]操作完成!
2018-05-02 12:43:50:
同步表[work_type]操作完成!
2018-05-02 12:43:50:
没有数据需要同步,表[work_template]操作完成!
2018-05-02 12:43:50:
没有数据需要同步,表[work_record]操作完成!
2018-05-02 12:43:50:
The file './/phone.db' was transferred to the device.
The newly created object's ID is 'o91361'

2018-05-02 12:43:50:
同步完成...
2018-05-02 12:43:55:
正在同步...
2018-05-02 12:43:55:
同步表[device_type]操作完成!
2018-05-02 12:43:55:
同步表[device_info]操作完成!
2018-05-02 12:43:55:
同步表[work_type]操作完成!
2018-05-02 12:43:55:
没有数据需要同步,表[work_template]操作完成!
2018-05-02 12:43:55:
没有数据需要同步,表[work_record]操作完成!
2018-05-02 12:43:55:
The file './/phone.db' was transferred to the device.
The newly created object's ID is 'o91362'

2018-05-02 12:43:55:
同步完成...
2018-05-02 12:43:56:
正在同步...
2018-05-02 12:43:56:
同步表[device_type]操作完成!
2018-05-02 12:43:57:
同步表[device_info]操作完成!
2018-05-02 12:43:57:
同步表[work_type]操作完成!
2018-05-02 12:43:57:
同步表[work_template]操作完成!
2018-05-02 12:43:57:
同步表[work_task]操作完成!
2018-05-02 12:43:57:
同步表[work_record]操作完成!
2018-05-02 12:43:57:
The file './/phone.db' was transferred to the device.
The newly created object's ID is 'o91363'

2018-05-02 12:43:57:
同步完成...
2018-05-02 12:43:58:
正在同步...
2018-05-02 12:43:58:
同步表[device_type]操作完成!
2018-05-02 12:43:58:
同步表[device_info]操作完成!
2018-05-02 12:43:58:
同步表[work_type]操作完成!
2018-05-02 12:43:58:
没有数据需要同步,表[work_template]操作完成!
2018-05-02 12:43:58:
没有数据需要同步,表[work_record]操作完成!
2018-05-02 12:43:58:
The file './/phone.db' was transferred to the device.
The newly created object's ID is 'o91364'

2018-05-02 12:43:58:
同步完成...
2018-05-02 12:44:05:
--------------程序结束!--------------
2018-05-02 12:45:32:
--------------程序启动!--------------
2018-05-02 12:45:38:
正在同步...
2018-05-02 12:45:38:
同步表[device_type]操作完成!
2018-05-02 12:45:38:
no such table: device_info
2018-05-02 12:45:38:
library routine called out of sequence
2018-05-02 12:45:38:
设备类型表(device_info) -同步失败!
2018-05-02 12:45:38:
同步失败...
2018-05-02 12:45:46:
正在同步...
2018-05-02 12:45:46:
同步表[device_type]操作完成!
2018-05-02 12:45:46:
no such table: device_info
2018-05-02 12:45:46:
library routine called out of sequence
2018-05-02 12:45:46:
设备类型表(device_info) -同步失败!
2018-05-02 12:45:46:
同步失败...
2018-05-02 12:45:49:
正在同步...
2018-05-02 12:45:49:
同步表[device_type]操作完成!
2018-05-02 12:45:49:
no such table: device_info
2018-05-02 12:45:49:
library routine called out of sequence
2018-05-02 12:45:49:
设备类型表(device_info) -同步失败!
2018-05-02 12:45:49:
同步失败...
2018-05-02 12:45:52:
正在同步...
2018-05-02 12:45:52:
同步表[device_type]操作完成!
2018-05-02 12:45:52:
no such table: device_info
2018-05-02 12:45:52:
library routine called out of sequence
2018-05-02 12:45:52:
设备类型表(device_info) -同步失败!
2018-05-02 12:45:52:
同步失败...
2018-05-02 12:45:58:
正在同步...
2018-05-02 12:45:58:
同步表[device_type]操作完成!
2018-05-02 12:45:58:
no such table: device_info
2018-05-02 12:45:58:
library routine called out of sequence
2018-05-02 12:45:58:
设备类型表(device_info) -同步失败!
2018-05-02 12:45:58:
同步失败...
2018-05-02 12:46:00:
正在同步...
2018-05-02 12:46:00:
同步表[device_type]操作完成!
2018-05-02 12:46:00:
no such table: device_info
2018-05-02 12:46:00:
library routine called out of sequence
2018-05-02 12:46:00:
设备类型表(device_info) -同步失败!
2018-05-02 12:46:00:
同步失败...
2018-05-02 12:46:03:
正在同步...
2018-05-02 12:46:03:
同步表[device_type]操作完成!
2018-05-02 12:46:03:
no such table: device_info
2018-05-02 12:46:03:
library routine called out of sequence
2018-05-02 12:46:03:
设备类型表(device_info) -同步失败!
2018-05-02 12:46:03:
同步失败...
2018-05-02 12:46:06:
--------------程序结束!--------------
2018-05-02 12:48:59:
--------------程序启动!--------------
2018-05-02 12:49:01:
正在同步...
2018-05-02 12:49:01:
同步表[device_type]操作完成!
2018-05-02 12:49:01:
同步表[device_info]操作完成!
2018-05-02 12:49:01:
同步表[work_type]操作完成!
2018-05-02 12:49:01:
同步表[work_template]操作完成!
2018-05-02 12:49:01:
同步表[work_task]操作完成!
2018-05-02 12:49:01:
同步表[work_record]操作完成!
2018-05-02 12:49:01:
The file './/phone.db' was transferred to the device.
The newly created object's ID is 'o91365'

2018-05-02 12:49:01:
同步完成...
2018-05-02 12:49:56:
请重新插拔一次,再重试!----
2018-05-02 12:49:56:
同步失败...
2018-05-02 12:59:07:
--------------程序结束!--------------
