2018-05-04 17:03:13:
--------------程序启动!--------------
2018-05-04 17:03:19:
170319
2018-05-04 17:03:19:
正在同步...
2018-05-04 17:03:19:
同步表[device_type]操作完成!
2018-05-04 17:03:19:
同步表[device_info]操作完成!
2018-05-04 17:03:19:
同步表[work_type]操作完成!
2018-05-04 17:03:20:
同步表[work_template]操作完成!
2018-05-04 17:04:53:
--------------程序启动!--------------
2018-05-04 17:05:00:
170500
2018-05-04 17:05:00:
正在同步...
2018-05-04 17:05:00:
同步表[device_type]操作完成!
2018-05-04 17:05:00:
同步表[device_info]操作完成!
2018-05-04 17:05:00:
同步表[work_type]操作完成!
2018-05-04 17:05:00:
没有数据需要同步,表[work_template]操作完成!
2018-05-04 17:05:00:
没有数据需要同步,表[work_record]操作完成!
2018-05-04 17:05:00:
同步表[sys_user]操作完成!
2018-05-04 17:05:01:
The file './/safetydata.db' was transferred to the device.
The newly created object's ID is 'o9138B'

2018-05-04 17:05:01:
同步完成...
2018-05-04 17:05:01:
170501
2018-05-04 17:08:01:
--------------程序启动!--------------
2018-05-04 17:08:53:
170853
2018-05-04 17:08:53:
正在同步...
2018-05-04 17:08:53:
同步表[device_type]操作完成!
2018-05-04 17:08:53:
同步表[device_info]操作完成!
2018-05-04 17:08:53:
同步表[work_type]操作完成!
2018-05-04 17:08:53:
同步表[work_template]操作完成!
2018-05-04 17:10:08:
--------------程序启动!--------------
2018-05-04 17:10:10:
171010
2018-05-04 17:10:10:
正在同步...
2018-05-04 17:10:10:
同步表[device_type]操作完成!
2018-05-04 17:10:10:
同步表[device_info]操作完成!
2018-05-04 17:10:10:
同步表[work_type]操作完成!
2018-05-04 17:10:10:
同步表[work_template]操作完成!
2018-05-04 17:10:24:
同步表[work_task]操作完成!
2018-05-04 17:10:24:
同步表[work_record]操作完成!
2018-05-04 17:10:24:
同步表[sys_user]操作完成!
2018-05-04 17:10:24:
The file './/safetydata.db' was transferred to the device.
The newly created object's ID is 'o9138D'

2018-05-04 17:10:24:
同步完成...
2018-05-04 17:10:24:
171024
2018-05-04 17:10:39:
171039
2018-05-04 17:10:45:
指定文件路径下未找到相应数据库文件!Android#safetydata#
2018-05-04 17:10:45:
同步失败...
2018-05-04 17:10:49:
171049
2018-05-04 17:10:50:
正在同步...
2018-05-04 17:10:50:
同步表[device_type]操作完成!
2018-05-04 17:10:50:
同步表[device_info]操作完成!
2018-05-04 17:10:50:
同步表[work_type]操作完成!
2018-05-04 17:10:50:
同步表[work_template]操作完成!
2018-05-04 17:10:51:
同步表[work_task]操作完成!
2018-05-04 17:10:51:
同步表[work_record]操作完成!
2018-05-04 17:10:51:
同步表[sys_user]操作完成!
2018-05-04 17:10:51:
The file './/safetydata.db' was transferred to the device.
The newly created object's ID is 'o9138E'

2018-05-04 17:10:51:
同步完成...
2018-05-04 17:10:51:
171051
2018-05-04 17:17:27:
--------------程序启动!--------------
2018-05-04 17:17:29:
171729
2018-05-04 17:17:29:
正在同步...
2018-05-04 17:17:30:
同步表[device_type]操作完成!
2018-05-04 17:17:30:
同步表[device_info]操作完成!
2018-05-04 17:17:30:
同步表[work_type]操作完成!
2018-05-04 17:17:30:
同步表[work_template]操作完成!
2018-05-04 17:17:30:
同步表[work_task]操作完成!
2018-05-04 17:17:30:
同步表[work_record]操作完成!
2018-05-04 17:17:30:
同步表[sys_user]操作完成!
2018-05-04 17:17:30:
The file './/safetydata.db' was transferred to the device.
The newly created object's ID is 'o91390'

2018-05-04 17:17:30:
同步完成...
2018-05-04 17:17:30:
171730
2018-05-04 17:21:01:
172101
2018-05-04 17:21:01:
正在同步...
2018-05-04 17:21:01:
同步表[device_type]操作完成!
2018-05-04 17:21:01:
同步表[device_info]操作完成!
2018-05-04 17:21:01:
同步表[work_type]操作完成!
2018-05-04 17:21:01:
同步表[work_template]操作完成!
2018-05-04 17:21:02:
同步表[work_task]操作完成!
2018-05-04 17:21:02:
同步表[work_record]操作完成!
2018-05-04 17:21:02:
同步表[sys_user]操作完成!
2018-05-04 17:21:02:
The file './/safetydata.db' was transferred to the device.
The newly created object's ID is 'o91391'

2018-05-04 17:21:02:
同步完成...
2018-05-04 17:21:02:
172102
2018-05-04 17:21:11:
172111
2018-05-04 17:21:30:
指定文件路径下未找到相应数据库文件!Android#safetydata#
2018-05-04 17:21:30:
同步失败...
2018-05-04 17:21:35:
172135
2018-05-04 17:21:36:
正在同步...
2018-05-04 17:21:36:
同步表[device_type]操作完成!
2018-05-04 17:21:36:
同步表[device_info]操作完成!
2018-05-04 17:21:36:
同步表[work_type]操作完成!
2018-05-04 17:21:36:
同步表[work_template]操作完成!
2018-05-04 17:23:53:
--------------程序启动!--------------
2018-05-04 17:24:02:
172402
2018-05-04 17:24:02:
正在同步...
2018-05-04 17:24:02:
同步表[device_type]操作完成!
2018-05-04 17:24:02:
同步表[device_info]操作完成!
2018-05-04 17:24:03:
同步表[work_type]操作完成!
2018-05-04 17:24:03:
同步表[work_template]操作完成!
2018-05-04 17:24:18:
同步表[work_task]操作完成!
2018-05-04 17:24:18:
同步表[work_record]操作完成!
2018-05-04 17:24:18:
同步表[sys_user]操作完成!
2018-05-04 17:24:18:
The file './/safetydata.db' was transferred to the device.
The newly created object's ID is 'o91392'

2018-05-04 17:24:18:
同步完成...
2018-05-04 17:24:18:
172418
2018-05-04 17:26:11:
172611
2018-05-04 17:26:11:
正在同步...
2018-05-04 17:26:11:
同步表[device_type]操作完成!
2018-05-04 17:26:11:
同步表[device_info]操作完成!
2018-05-04 17:26:11:
同步表[work_type]操作完成!
2018-05-04 17:26:12:
同步表[work_template]操作完成!
2018-05-04 17:28:07:
同步表[work_task]操作完成!
2018-05-04 17:28:07:
同步表[work_record]操作完成!
2018-05-04 17:28:07:
同步表[sys_user]操作完成!
2018-05-04 17:28:08:
The file './/safetydata.db' was transferred to the device.
The newly created object's ID is 'o91393'

2018-05-04 17:28:08:
同步完成...
2018-05-04 17:28:08:
172808
2018-05-04 17:28:09:
172809
2018-05-04 17:28:14:
指定文件路径下未找到相应数据库文件!Android#safetydata#
2018-05-04 17:28:14:
同步失败...
2018-05-04 17:28:23:
172823
2018-05-04 17:28:24:
正在同步...
2018-05-04 17:28:24:
同步表[device_type]操作完成!
2018-05-04 17:28:24:
同步表[device_info]操作完成!
2018-05-04 17:28:24:
同步表[work_type]操作完成!
2018-05-04 17:28:24:
同步表[work_template]操作完成!
2018-05-04 17:29:57:
--------------程序启动!--------------
2018-05-04 17:30:00:
173000
2018-05-04 17:30:00:
正在同步...
2018-05-04 17:30:00:
同步表[device_type]操作完成!
2018-05-04 17:30:08:
从phone更新RFId到服务端失败!
2018-05-04 17:30:08:

2018-05-04 17:30:08:
设备类型表(device_info) -同步失败!
2018-05-04 17:30:08:
同步失败...
2018-05-04 17:31:19:
--------------程序启动!--------------
2018-05-04 17:31:21:
173121
2018-05-04 17:31:22:
正在同步...
2018-05-04 17:31:22:
同步表[device_type]操作完成!
2018-05-04 17:31:28:
同步表[device_info]操作完成!
2018-05-04 17:31:28:
同步表[work_type]操作完成!
2018-05-04 17:31:29:
同步表[work_template]操作完成!
2018-05-04 17:32:38:
--------------程序启动!--------------
2018-05-04 17:35:55:
--------------程序启动!--------------
2018-05-04 17:36:02:
173602
2018-05-04 17:36:02:
正在同步...
2018-05-04 17:36:03:
同步表[device_type]操作完成!
2018-05-04 17:36:03:
同步表[device_info]操作完成!
2018-05-04 17:36:03:
同步表[work_type]操作完成!
2018-05-04 17:36:03:
同步表[work_template]操作完成!
2018-05-04 17:36:03:
同步表[work_task]操作完成!
2018-05-04 17:36:03:
同步表[work_record]操作完成!
2018-05-04 17:36:03:
同步表[sys_user]操作完成!
2018-05-04 17:36:03:
The file './/safetydata.db' was transferred to the device.
The newly created object's ID is 'o91394'

2018-05-04 17:36:03:
同步完成...
2018-05-04 17:36:03:
173603
2018-05-04 17:37:14:
--------------程序结束!--------------
2018-05-04 17:53:13:
--------------程序启动!--------------
2018-05-04 17:53:15:
175315
2018-05-04 17:53:15:
正在同步...
2018-05-04 17:53:16:
同步表[device_type]操作完成!
2018-05-04 17:53:16:
同步表[device_info]操作完成!
2018-05-04 17:53:16:
同步表[work_type]操作完成!
2018-05-04 17:53:17:
同步表[work_template]操作完成!
2018-05-04 17:53:17:
同步表[work_task]操作完成!
2018-05-04 17:53:17:
同步表[work_record]操作完成!
2018-05-04 17:53:17:
同步表[sys_user]操作完成!
2018-05-04 17:53:17:
The file './/safetydata.db' was transferred to the device.
The newly created object's ID is 'o34'

2018-05-04 17:53:17:
同步完成...
2018-05-04 17:53:17:
175317
2018-05-04 17:53:23:
175323
2018-05-04 17:53:23:
正在同步...
2018-05-04 17:53:23:
同步表[device_type]操作完成!
2018-05-04 17:53:23:
同步表[device_info]操作完成!
2018-05-04 17:53:23:
同步表[work_type]操作完成!
2018-05-04 17:53:23:
同步表[work_template]操作完成!
2018-05-04 17:53:23:
同步表[work_task]操作完成!
2018-05-04 17:53:23:
同步表[work_record]操作完成!
2018-05-04 17:53:23:
同步表[sys_user]操作完成!
2018-05-04 17:53:23:
The file './/safetydata.db' was transferred to the device.
The newly created object's ID is 'o35'

2018-05-04 17:53:23:
同步完成...
2018-05-04 17:53:23:
175323
