2018-05-04 12:00:39:
--------------程序启动!--------------
2018-05-04 12:00:46:
120046
2018-05-04 12:00:46:
正在同步...
2018-05-04 12:00:47:
同步表[device_type]操作完成!
2018-05-04 12:00:47:
同步表[device_info]操作完成!
2018-05-04 12:00:47:
同步表[work_type]操作完成!
2018-05-04 12:00:47:
同步表[work_template]操作完成!
2018-05-04 12:00:47:
同步表[work_task]操作完成!
2018-05-04 12:00:47:
同步表[work_record]操作完成!
2018-05-04 12:00:47:
7 values for 8 columns
2018-05-04 12:00:47:
library routine called out of sequence
2018-05-04 12:00:47:
设备类型表(sys_user) -同步失败!
2018-05-04 12:00:47:
同步失败...
2018-05-04 12:01:04:
120104
2018-05-04 12:01:04:
正在同步...
2018-05-04 12:01:04:
同步表[device_type]操作完成!
2018-05-04 12:01:04:
同步表[device_info]操作完成!
2018-05-04 12:01:04:
同步表[work_type]操作完成!
2018-05-04 12:01:04:
同步表[work_template]操作完成!
2018-05-04 12:01:04:
同步表[work_task]操作完成!
2018-05-04 12:01:04:
同步表[work_record]操作完成!
2018-05-04 12:01:32:
--------------程序启动!--------------
2018-05-04 12:01:34:
120134
2018-05-04 12:01:34:
正在同步...
2018-05-04 12:01:34:
同步表[device_type]操作完成!
2018-05-04 12:01:34:
同步表[device_info]操作完成!
2018-05-04 12:01:34:
同步表[work_type]操作完成!
2018-05-04 12:01:35:
同步表[work_template]操作完成!
2018-05-04 12:01:35:
同步表[work_task]操作完成!
2018-05-04 12:01:35:
同步表[work_record]操作完成!
2018-05-04 12:01:36:
同步表[sys_user]操作完成!
2018-05-04 12:01:37:
The file './/safetydata.db' was transferred to the device.
The newly created object's ID is 'o30'

2018-05-04 12:01:37:
同步完成...
2018-05-04 12:01:37:
120137
2018-05-04 12:17:48:
--------------程序启动!--------------
2018-05-04 12:17:53:
121753
2018-05-04 12:17:53:
正在同步...
2018-05-04 12:17:53:
同步表[device_type]操作完成!
2018-05-04 12:17:53:
同步表[device_info]操作完成!
2018-05-04 12:17:53:
同步表[work_type]操作完成!
2018-05-04 12:17:53:
同步表[work_template]操作完成!
2018-05-04 12:17:54:
同步表[work_task]操作完成!
2018-05-04 12:17:54:
同步表[work_record]操作完成!
2018-05-04 12:17:54:
同步表[sys_user]操作完成!
2018-05-04 12:17:54:
The file './/safetydata.db' was transferred to the device.
The newly created object's ID is 'o33'

2018-05-04 12:17:54:
同步完成...
2018-05-04 12:17:54:
121754
