2018-05-04 11:03:21:
--------------程序启动!--------------
2018-05-04 11:03:25:
110325
2018-05-04 11:03:25:
正在同步...
2018-05-04 11:03:25:
同步表[device_type]操作完成!
2018-05-04 11:03:25:
同步表[device_info]操作完成!
2018-05-04 11:03:25:
同步表[work_type]操作完成!
2018-05-04 11:03:26:
同步表[work_template]操作完成!
2018-05-04 11:03:26:
同步表[work_task]操作完成!
2018-05-04 11:04:28:
--------------程序启动!--------------
2018-05-04 11:04:44:
110444
2018-05-04 11:04:44:
正在同步...
2018-05-04 11:04:45:
同步表[device_type]操作完成!
2018-05-04 11:04:45:
同步表[device_info]操作完成!
2018-05-04 11:04:45:
同步表[work_type]操作完成!
2018-05-04 11:04:45:
同步表[work_template]操作完成!
2018-05-04 11:04:46:
同步表[work_task]操作完成!
2018-05-04 11:28:33:
--------------程序启动!--------------
2018-05-04 11:28:36:
112836
2018-05-04 11:28:36:
正在同步...
2018-05-04 11:28:36:
同步表[device_type]操作完成!
2018-05-04 11:28:36:
同步表[device_info]操作完成!
2018-05-04 11:28:36:
同步表[work_type]操作完成!
2018-05-04 11:28:37:
同步表[work_template]操作完成!
2018-05-04 11:28:37:
同步表[work_task]操作完成!
2018-05-04 11:28:48:
--------------程序启动!--------------
2018-05-04 11:28:50:
112850
2018-05-04 11:28:50:
正在同步...
2018-05-04 11:28:50:
同步表[device_type]操作完成!
2018-05-04 11:28:50:
同步表[device_info]操作完成!
2018-05-04 11:28:50:
同步表[work_type]操作完成!
2018-05-04 11:28:51:
同步表[work_template]操作完成!
2018-05-04 11:28:51:
同步表[work_task]操作完成!
2018-05-04 11:29:54:
--------------程序启动!--------------
2018-05-04 11:29:56:
112956
2018-05-04 11:29:56:
正在同步...
2018-05-04 11:29:56:
同步表[device_type]操作完成!
2018-05-04 11:29:56:
同步表[device_info]操作完成!
2018-05-04 11:29:56:
同步表[work_type]操作完成!
2018-05-04 11:29:57:
同步表[work_template]操作完成!
2018-05-04 11:29:57:
同步表[work_task]操作完成!
2018-05-04 11:33:33:
--------------程序启动!--------------
2018-05-04 11:33:38:
113338
2018-05-04 11:33:38:
正在同步...
2018-05-04 11:33:38:
同步表[device_type]操作完成!
2018-05-04 11:33:38:
同步表[device_info]操作完成!
2018-05-04 11:33:38:
同步表[work_type]操作完成!
2018-05-04 11:33:39:
同步表[work_template]操作完成!
2018-05-04 11:33:39:
同步表[work_task]操作完成!
2018-05-04 11:34:10:
同步表[work_record]操作完成!
2018-05-04 11:34:10:
同步表[sys_user]操作完成!
2018-05-04 11:34:10:
The file './/safetydata.db' was transferred to the device.
The newly created object's ID is 'o27'

2018-05-04 11:34:10:
同步完成...
2018-05-04 11:34:10:
113410
2018-05-04 11:39:22:
113922
2018-05-04 11:39:22:
正在同步...
2018-05-04 11:39:22:
同步表[device_type]操作完成!
2018-05-04 11:39:23:
同步表[device_info]操作完成!
2018-05-04 11:39:23:
同步表[work_type]操作完成!
2018-05-04 11:39:23:
同步表[work_template]操作完成!
2018-05-04 11:39:23:
同步表[work_task]操作完成!
2018-05-04 11:39:23:
同步表[work_record]操作完成!
2018-05-04 11:39:23:
同步表[sys_user]操作完成!
2018-05-04 11:39:23:
The file './/safetydata.db' was transferred to the device.
The newly created object's ID is 'o28'

2018-05-04 11:39:23:
同步完成...
2018-05-04 11:39:23:
113923
2018-05-04 11:39:24:
113924
2018-05-04 11:39:24:
正在同步...
2018-05-04 11:39:24:
同步表[device_type]操作完成!
2018-05-04 11:39:25:
同步表[device_info]操作完成!
2018-05-04 11:39:25:
同步表[work_type]操作完成!
2018-05-04 11:39:25:
同步表[work_template]操作完成!
2018-05-04 11:39:25:
同步表[work_task]操作完成!
2018-05-04 11:39:25:
同步表[work_record]操作完成!
2018-05-04 11:39:25:
同步表[sys_user]操作完成!
2018-05-04 11:39:25:
The file './/safetydata.db' was transferred to the device.
The newly created object's ID is 'o29'

2018-05-04 11:39:25:
同步完成...
2018-05-04 11:39:25:
113925
2018-05-04 11:39:28:
113928
2018-05-04 11:39:28:
正在同步...
2018-05-04 11:39:28:
同步表[device_type]操作完成!
2018-05-04 11:39:28:
同步表[device_info]操作完成!
2018-05-04 11:39:28:
同步表[work_type]操作完成!
2018-05-04 11:39:28:
没有数据需要同步,表[work_template]操作完成!
2018-05-04 11:39:28:
没有数据需要同步,表[work_record]操作完成!
2018-05-04 11:39:28:
同步表[sys_user]操作完成!
2018-05-04 11:39:28:
The file './/safetydata.db' was transferred to the device.
The newly created object's ID is 'o2A'

2018-05-04 11:39:28:
同步完成...
2018-05-04 11:39:28:
113928
2018-05-04 11:39:31:
113931
2018-05-04 11:39:31:
正在同步...
2018-05-04 11:39:31:
同步表[device_type]操作完成!
2018-05-04 11:39:32:
同步表[device_info]操作完成!
2018-05-04 11:39:32:
同步表[work_type]操作完成!
2018-05-04 11:39:32:
同步表[work_template]操作完成!
2018-05-04 11:39:32:
同步表[work_task]操作完成!
2018-05-04 11:39:32:
同步表[work_record]操作完成!
2018-05-04 11:39:32:
同步表[sys_user]操作完成!
2018-05-04 11:39:32:
The file './/safetydata.db' was transferred to the device.
The newly created object's ID is 'o2B'

2018-05-04 11:39:32:
同步完成...
2018-05-04 11:39:32:
113932
2018-05-04 11:42:49:
--------------程序启动!--------------
2018-05-04 11:42:53:
114253
2018-05-04 11:42:53:
正在同步...
2018-05-04 11:45:43:
--------------程序启动!--------------
2018-05-04 11:45:46:
114546
2018-05-04 11:45:46:
正在同步...
2018-05-04 11:45:47:
同步表[device_type]操作完成!
2018-05-04 11:45:48:
同步表[device_info]操作完成!
2018-05-04 11:45:48:
同步表[work_type]操作完成!
2018-05-04 11:45:48:
同步表[work_template]操作完成!
2018-05-04 11:45:48:
同步表[work_task]操作完成!
2018-05-04 11:45:48:
同步表[work_record]操作完成!
2018-05-04 11:45:49:
同步表[sys_user]操作完成!
2018-05-04 11:45:49:
The file './/safetydata.db' was transferred to the device.
The newly created object's ID is 'o2C'

2018-05-04 11:45:49:
同步完成...
2018-05-04 11:45:49:
114549
2018-05-04 11:54:08:
--------------程序启动!--------------
2018-05-04 11:54:10:
115410
2018-05-04 11:54:10:
正在同步...
2018-05-04 11:54:12:
同步表[device_type]操作完成!
2018-05-04 11:54:12:
同步表[device_info]操作完成!
2018-05-04 11:54:12:
同步表[work_type]操作完成!
2018-05-04 11:54:12:
同步表[work_template]操作完成!
2018-05-04 11:54:12:
同步表[work_task]操作完成!
2018-05-04 11:54:12:
同步表[work_record]操作完成!
2018-05-04 11:54:13:
同步表[sys_user]操作完成!
2018-05-04 11:54:13:
The file './/safetydata.db' was transferred to the device.
The newly created object's ID is 'o2E'

2018-05-04 11:54:13:
同步完成...
2018-05-04 11:54:13:
115413
2018-05-04 11:56:34:
115634
2018-05-04 11:56:34:
正在同步...
2018-05-04 11:56:37:
同步表[device_type]操作完成!
2018-05-04 11:56:37:
同步表[device_info]操作完成!
2018-05-04 11:56:37:
同步表[work_type]操作完成!
2018-05-04 11:56:38:
同步表[work_template]操作完成!
2018-05-04 11:56:38:
同步表[work_task]操作完成!
2018-05-04 11:56:38:
同步表[work_record]操作完成!
2018-05-04 11:56:38:
同步表[sys_user]操作完成!
2018-05-04 11:56:39:
The file './/safetydata.db' was transferred to the device.
The newly created object's ID is 'o2F'

2018-05-04 11:56:39:
同步完成...
2018-05-04 11:56:39:
115639
