2018-05-04 10:03:45:
--------------程序启动!--------------
2018-05-04 10:03:52:
请选择一项区域
2018-05-04 10:03:54:
100354
2018-05-04 10:04:32:
--------------程序启动!--------------
2018-05-04 10:04:35:
100435
2018-05-04 10:12:25:
--------------程序启动!--------------
2018-05-04 10:12:27:
101227
2018-05-04 10:37:07:
--------------程序启动!--------------
2018-05-04 10:37:10:
103710
2018-05-04 10:37:55:
正在同步...
2018-05-04 10:38:02:
同步表[device_type]操作完成!
2018-05-04 10:38:03:
同步表[device_info]操作完成!
2018-05-04 10:38:03:
同步表[work_type]操作完成!
2018-05-04 10:38:05:
同步表[work_template]操作完成!
2018-05-04 10:38:05:
同步表[work_task]操作完成!
2018-05-04 10:38:06:
no such column: CreateDate
2018-05-04 10:38:06:
library routine called out of sequence
2018-05-04 10:38:07:
设备类型表(work_record) -同步失败!
2018-05-04 10:38:13:
同步失败...
2018-05-04 10:38:30:
103830
2018-05-04 10:38:34:
正在同步...
2018-05-04 10:38:34:
同步表[device_type]操作完成!
2018-05-04 10:38:35:
同步表[device_info]操作完成!
2018-05-04 10:38:35:
同步表[work_type]操作完成!
2018-05-04 10:38:35:
同步表[work_template]操作完成!
2018-05-04 10:38:35:
同步表[work_task]操作完成!
2018-05-04 10:38:53:
no such column: CreateDate
2018-05-04 10:40:58:
library routine called out of sequence
2018-05-04 10:40:58:
设备类型表(work_record) -同步失败!
2018-05-04 10:40:58:
同步失败...
2018-05-04 10:40:59:
104059
2018-05-04 10:40:59:
正在同步...
2018-05-04 10:41:00:
同步表[device_type]操作完成!
2018-05-04 10:41:00:
同步表[device_info]操作完成!
2018-05-04 10:41:00:
同步表[work_type]操作完成!
2018-05-04 10:41:00:
同步表[work_template]操作完成!
2018-05-04 10:41:01:
同步表[work_task]操作完成!
2018-05-04 10:41:11:
no such column: CreateDate
2018-05-04 10:44:21:
--------------程序启动!--------------
2018-05-04 10:44:23:
104423
2018-05-04 10:44:23:
正在同步...
2018-05-04 10:44:23:
同步表[device_type]操作完成!
2018-05-04 10:44:23:
同步表[device_info]操作完成!
2018-05-04 10:44:23:
同步表[work_type]操作完成!
2018-05-04 10:44:23:
没有数据需要同步,表[work_template]操作完成!
2018-05-04 10:44:23:
没有数据需要同步,表[work_record]操作完成!
2018-05-04 10:44:23:
同步表[sys_user]操作完成!
2018-05-04 10:44:24:
The file './/safetydata.db' was transferred to the device.
The newly created object's ID is 'o22'

2018-05-04 10:44:24:
同步完成...
2018-05-04 10:44:24:
104424
2018-05-04 10:45:11:
104511
2018-05-04 10:45:11:
正在同步...
2018-05-04 10:45:11:
同步表[device_type]操作完成!
2018-05-04 10:45:11:
同步表[device_info]操作完成!
2018-05-04 10:45:11:
同步表[work_type]操作完成!
2018-05-04 10:45:11:
没有数据需要同步,表[work_template]操作完成!
2018-05-04 10:45:11:
没有数据需要同步,表[work_record]操作完成!
2018-05-04 10:45:11:
同步表[sys_user]操作完成!
2018-05-04 10:45:11:
The file './/safetydata.db' was transferred to the device.
The newly created object's ID is 'o23'

2018-05-04 10:45:11:
同步完成...
2018-05-04 10:45:11:
104511
2018-05-04 10:45:12:
104512
2018-05-04 10:45:12:
正在同步...
2018-05-04 10:45:12:
同步表[device_type]操作完成!
2018-05-04 10:45:12:
同步表[device_info]操作完成!
2018-05-04 10:45:12:
同步表[work_type]操作完成!
2018-05-04 10:45:12:
没有数据需要同步,表[work_template]操作完成!
2018-05-04 10:45:12:
没有数据需要同步,表[work_record]操作完成!
2018-05-04 10:45:12:
同步表[sys_user]操作完成!
2018-05-04 10:45:12:
The file './/safetydata.db' was transferred to the device.
The newly created object's ID is 'o24'

2018-05-04 10:45:12:
同步完成...
2018-05-04 10:45:12:
104512
2018-05-04 10:45:13:
104513
2018-05-04 10:45:13:
正在同步...
2018-05-04 10:45:13:
同步表[device_type]操作完成!
2018-05-04 10:45:13:
同步表[device_info]操作完成!
2018-05-04 10:45:13:
同步表[work_type]操作完成!
2018-05-04 10:45:13:
没有数据需要同步,表[work_template]操作完成!
2018-05-04 10:45:13:
没有数据需要同步,表[work_record]操作完成!
2018-05-04 10:45:13:
同步表[sys_user]操作完成!
2018-05-04 10:45:13:
The file './/safetydata.db' was transferred to the device.
The newly created object's ID is 'o25'

2018-05-04 10:45:13:
同步完成...
2018-05-04 10:45:13:
104513
2018-05-04 10:48:23:
104823
2018-05-04 10:48:23:
正在同步...
2018-05-04 10:48:23:
同步表[device_type]操作完成!
2018-05-04 10:48:23:
同步表[device_info]操作完成!
2018-05-04 10:48:23:
同步表[work_type]操作完成!
2018-05-04 10:48:24:
同步表[work_template]操作完成!
2018-05-04 10:48:24:
同步表[work_task]操作完成!
2018-05-04 10:48:28:
no such column: CreateDate
2018-05-04 10:48:28:
library routine called out of sequence
2018-05-04 10:48:28:
设备类型表(work_record) -同步失败!
2018-05-04 10:48:28:
同步失败...
2018-05-04 10:48:39:
104839
2018-05-04 10:48:39:
正在同步...
2018-05-04 10:48:39:
同步表[device_type]操作完成!
2018-05-04 10:48:40:
同步表[device_info]操作完成!
2018-05-04 10:48:40:
同步表[work_type]操作完成!
2018-05-04 10:48:40:
同步表[work_template]操作完成!
2018-05-04 10:48:41:
同步表[work_task]操作完成!
2018-05-04 10:48:52:
no such column: CreateDate
