2018-05-04 16:03:38:
160338
2018-05-04 16:03:38:
正在同步...
2018-05-04 16:03:38:
同步表[device_type]操作完成!
2018-05-04 16:03:39:
同步表[device_info]操作完成!
2018-05-04 16:03:39:
同步表[work_type]操作完成!
2018-05-04 16:03:39:
同步表[work_template]操作完成!
2018-05-04 16:06:18:
同步新数据操作失败!SELECT `Id`,`DeviceId`,`RFId`,`WorkName`,`WorkTemplateId`,`Cycle`,`StartTime`,`Executor`,`State`,`SynchronState`,`CreateDate`,`CreateUserId` FROM `work_task` 		where DeviceId='03abfd759d0341dd92209c3e1c9941d1' and SynchronState='0' and State='1' and CreateDate >= '2017-11-05 00:00:00' and CreateDate <= '2018-05-04 16:03:39';		
2018-05-04 16:06:18:
Lost connection to MySQL server during query
2018-05-04 16:06:18:
设备类型表(work_task) -同步失败!
2018-05-04 16:06:18:
同步失败...
2018-05-04 16:51:13:
--------------程序启动!--------------
2018-05-04 16:51:15:
165115
2018-05-04 16:51:16:
正在同步...
2018-05-04 16:51:16:
同步表[device_type]操作完成!
2018-05-04 16:51:16:
同步表[device_info]操作完成!
2018-05-04 16:51:16:
同步表[work_type]操作完成!
2018-05-04 16:51:17:
同步表[work_template]操作完成!
2018-05-04 16:52:21:
同步表[work_task]操作完成!
2018-05-04 16:52:21:
同步表[work_record]操作完成!
2018-05-04 16:52:21:
同步表[sys_user]操作完成!
2018-05-04 16:52:21:
The file './/safetydata.db' was transferred to the device.
The newly created object's ID is 'o91385'

2018-05-04 16:52:21:
同步完成...
2018-05-04 16:52:21:
165221
2018-05-04 16:54:09:
165409
2018-05-04 16:54:09:
正在同步...
2018-05-04 16:54:09:
同步表[device_type]操作完成!
2018-05-04 16:54:09:
同步表[device_info]操作完成!
2018-05-04 16:54:09:
同步表[work_type]操作完成!
2018-05-04 16:54:10:
同步表[work_template]操作完成!
2018-05-04 16:54:11:
同步表[work_task]操作完成!
2018-05-04 16:54:11:
同步表[work_record]操作完成!
2018-05-04 16:54:11:
同步表[sys_user]操作完成!
2018-05-04 16:54:11:
The file './/safetydata.db' was transferred to the device.
The newly created object's ID is 'o91386'

2018-05-04 16:54:11:
同步完成...
2018-05-04 16:54:11:
165411
2018-05-04 16:54:30:
165430
2018-05-04 16:54:48:
指定文件路径下未找到相应数据库文件!Android#safetydata#
2018-05-04 16:54:48:
同步失败...
2018-05-04 16:54:55:
165455
2018-05-04 16:54:56:
正在同步...
2018-05-04 16:54:56:
同步表[device_type]操作完成!
2018-05-04 16:54:56:
同步表[device_info]操作完成!
2018-05-04 16:54:56:
同步表[work_type]操作完成!
2018-05-04 16:54:56:
同步表[work_template]操作完成!
2018-05-04 16:54:57:
同步表[work_task]操作完成!
2018-05-04 16:54:57:
同步表[work_record]操作完成!
2018-05-04 16:54:57:
同步表[sys_user]操作完成!
2018-05-04 16:54:57:
The file './/safetydata.db' was transferred to the device.
The newly created object's ID is 'o91387'

2018-05-04 16:54:57:
同步完成...
2018-05-04 16:54:57:
165457
2018-05-04 16:55:18:
165518
2018-05-04 16:55:24:
指定文件路径下未找到相应数据库文件!Android#safetydata#
2018-05-04 16:55:24:
同步失败...
2018-05-04 16:55:29:
165529
2018-05-04 16:55:30:
正在同步...
2018-05-04 16:55:30:
同步表[device_type]操作完成!
2018-05-04 16:55:30:
同步表[device_info]操作完成!
2018-05-04 16:55:30:
同步表[work_type]操作完成!
2018-05-04 16:55:30:
同步表[work_template]操作完成!
2018-05-04 16:55:31:
同步表[work_task]操作完成!
2018-05-04 16:55:31:
同步表[work_record]操作完成!
2018-05-04 16:55:31:
同步表[sys_user]操作完成!
2018-05-04 16:55:31:
The file './/safetydata.db' was transferred to the device.
The newly created object's ID is 'o91388'

2018-05-04 16:55:31:
同步完成...
2018-05-04 16:55:31:
165531
2018-05-04 16:55:43:
165543
2018-05-04 16:55:44:
正在同步...
2018-05-04 16:55:44:
同步表[device_type]操作完成!
2018-05-04 16:55:44:
同步表[device_info]操作完成!
2018-05-04 16:55:44:
同步表[work_type]操作完成!
2018-05-04 16:55:45:
同步表[work_template]操作完成!
2018-05-04 16:56:17:
同步表[work_task]操作完成!
2018-05-04 16:56:17:
同步表[work_record]操作完成!
2018-05-04 16:56:17:
同步表[sys_user]操作完成!
2018-05-04 16:56:17:
The file './/safetydata.db' was transferred to the device.
The newly created object's ID is 'o91389'

2018-05-04 16:56:17:
同步完成...
2018-05-04 16:56:17:
165617
2018-05-04 16:57:16:
165716
2018-05-04 16:57:16:
正在同步...
2018-05-04 16:57:16:
同步表[device_type]操作完成!
2018-05-04 16:57:17:
同步表[device_info]操作完成!
2018-05-04 16:57:17:
同步表[work_type]操作完成!
2018-05-04 16:57:17:
同步表[work_template]操作完成!
2018-05-04 16:57:17:
从phone更新RFId和完成状态到服务端work_task失败!
2018-05-04 16:57:17:

2018-05-04 16:57:17:
设备类型表(work_task) -同步失败!
2018-05-04 16:57:17:
同步失败...
