2018-05-04 15:39:20:
153920
2018-05-04 15:39:20:
正在同步...
2018-05-04 15:39:20:
同步表[device_type]操作完成!
2018-05-04 15:39:20:
同步表[device_info]操作完成!
2018-05-04 15:39:20:
同步表[work_type]操作完成!
2018-05-04 15:39:21:
同步表[work_template]操作完成!
2018-05-04 15:39:21:
同步表[work_task]操作完成!
2018-05-04 15:39:21:
同步表[work_record]操作完成!
2018-05-04 15:39:21:
同步表[sys_user]操作完成!
2018-05-04 15:39:21:
The file './/safetydata.db' was transferred to the device.
The newly created object's ID is 'o91382'

2018-05-04 15:39:21:
同步完成...
2018-05-04 15:39:21:
153921
2018-05-04 15:50:49:
--------------程序结束!--------------
2018-05-04 15:50:55:
--------------程序启动!--------------
2018-05-04 15:54:40:
155440
2018-05-04 15:54:41:
正在同步...
2018-05-04 15:54:41:
同步表[device_type]操作完成!
2018-05-04 15:54:41:
同步表[device_info]操作完成!
2018-05-04 15:54:41:
同步表[work_type]操作完成!
2018-05-04 15:54:42:
同步表[work_template]操作完成!
2018-05-04 15:54:42:
同步表[work_task]操作完成!
2018-05-04 15:54:42:
同步表[work_record]操作完成!
2018-05-04 15:54:45:
同步表[sys_user]操作完成!
2018-05-04 15:54:46:
The file './/safetydata.db' was transferred to the device.
The newly created object's ID is 'o91384'

2018-05-04 15:54:46:
同步完成...
2018-05-04 15:54:46:
155446
