2018-05-02 11:00:38:
--------------程序启动!--------------
2018-05-02 11:01:48:
--------------程序启动!--------------
2018-05-02 11:06:30:
--------------程序启动!--------------
2018-05-02 11:11:31:
--------------程序启动!--------------
2018-05-02 11:12:38:
身份验证失败,用户未注册!
2018-05-02 11:13:05:
--------------程序启动!--------------
2018-05-02 11:13:10:
--------------程序结束!--------------
2018-05-02 11:16:55:
--------------程序启动!--------------
2018-05-02 11:17:12:
同步表[device_type]操作完成!
2018-05-02 11:17:12:
同步表[device_type]操作完成!
2018-05-02 11:17:12:
同步表[work_type]操作完成!
2018-05-02 11:18:37:
同步表[device_type]操作完成!
2018-05-02 11:18:38:
同步表[device_type]操作完成!
2018-05-02 11:18:38:
同步表[work_type]操作完成!
2018-05-02 11:20:56:
--------------程序结束!--------------
2018-05-02 11:21:02:
--------------程序启动!--------------
2018-05-02 11:21:14:
同步表[device_type]操作完成!
2018-05-02 11:21:14:
同步表[device_info]操作完成!
2018-05-02 11:21:14:
同步表[work_type]操作完成!
2018-05-02 11:40:18:
--------------程序启动!--------------
2018-05-02 11:40:23:
no such table: device_type
2018-05-02 11:40:23:
library routine called out of sequence
2018-05-02 11:40:23:
设备类型表(device_type) -同步失败!
2018-05-02 11:40:38:
同步表[device_type]操作完成!
2018-05-02 11:40:38:
no such table: device_info
2018-05-02 11:40:38:
library routine called out of sequence
2018-05-02 11:40:38:
设备类型表(device_info) -同步失败!
2018-05-02 11:40:40:
同步表[device_type]操作完成!
2018-05-02 11:40:40:
no such table: device_info
2018-05-02 11:40:40:
library routine called out of sequence
2018-05-02 11:40:40:
设备类型表(device_info) -同步失败!
2018-05-02 11:40:43:
同步表[device_type]操作完成!
2018-05-02 11:40:43:
no such table: device_info
2018-05-02 11:40:43:
library routine called out of sequence
2018-05-02 11:40:43:
设备类型表(device_info) -同步失败!
2018-05-02 11:40:46:
同步表[device_type]操作完成!
2018-05-02 11:40:46:
no such table: device_info
2018-05-02 11:40:46:
library routine called out of sequence
2018-05-02 11:40:46:
设备类型表(device_info) -同步失败!
2018-05-02 11:40:49:
同步表[device_type]操作完成!
2018-05-02 11:40:49:
no such table: device_info
2018-05-02 11:40:49:
library routine called out of sequence
2018-05-02 11:40:49:
设备类型表(device_info) -同步失败!
2018-05-02 11:40:51:
no such table: device_type
2018-05-02 11:40:51:
library routine called out of sequence
2018-05-02 11:40:51:
设备类型表(device_type) -同步失败!
2018-05-02 11:40:53:
同步表[device_type]操作完成!
2018-05-02 11:40:53:
no such table: device_info
2018-05-02 11:40:53:
library routine called out of sequence
2018-05-02 11:40:53:
设备类型表(device_info) -同步失败!
2018-05-02 11:40:57:
--------------程序结束!--------------
2018-05-02 11:44:03:
--------------程序启动!--------------
2018-05-02 11:45:25:
114525
2018-05-02 11:45:31:
正在同步...
2018-05-02 11:46:04:
同步表[device_type]操作完成!
2018-05-02 11:46:04:
同步表[device_info]操作完成!
2018-05-02 11:46:04:
同步表[work_type]操作完成!
2018-05-02 11:46:04:
同步表[work_template]操作完成!
2018-05-02 11:46:05:
同步表[work_task]操作完成!
2018-05-02 11:46:05:
同步表[work_record]操作完成!
2018-05-02 11:46:05:
The file './/phone.db' was transferred to the device.
The newly created object's ID is 'o91354'

2018-05-02 11:46:05:
同步完成...
2018-05-02 11:46:05:
114605
2018-05-02 11:49:56:
114956
2018-05-02 11:49:59:
正在同步...
2018-05-02 11:49:59:
同步表[device_type]操作完成!
2018-05-02 11:49:59:
同步表[device_info]操作完成!
2018-05-02 11:49:59:
同步表[work_type]操作完成!
2018-05-02 11:49:59:
同步表[work_template]操作完成!
2018-05-02 11:50:02:
同步表[work_task]操作完成!
2018-05-02 11:50:02:
同步表[work_record]操作完成!
2018-05-02 11:50:02:
The file './/phone.db' was transferred to the device.
The newly created object's ID is 'o91355'

2018-05-02 11:50:02:
同步完成...
2018-05-02 11:50:02:
115002
2018-05-02 11:50:05:
115005
2018-05-02 11:50:43:
请解锁手机,再重试!----
2018-05-02 11:50:43:
同步失败...
2018-05-02 11:50:48:
115048
2018-05-02 11:50:48:
正在同步...
2018-05-02 11:50:48:
同步表[device_type]操作完成!
2018-05-02 11:50:48:
同步表[device_info]操作完成!
2018-05-02 11:50:48:
同步表[work_type]操作完成!
2018-05-02 11:50:48:
同步表[work_template]操作完成!
2018-05-02 11:50:48:
同步表[work_task]操作完成!
2018-05-02 11:50:48:
同步表[work_record]操作完成!
2018-05-02 11:50:48:
The file './/phone.db' was transferred to the device.
The newly created object's ID is 'o91356'

2018-05-02 11:50:48:
同步完成...
2018-05-02 11:50:48:
115048
2018-05-02 11:50:52:
115052
2018-05-02 11:51:00:
请解锁手机,再重试!----
2018-05-02 11:51:00:
同步失败...
2018-05-02 11:57:57:
--------------程序启动!--------------
2018-05-02 11:58:11:
115811
2018-05-02 11:58:12:
正在同步...
2018-05-02 11:58:12:
同步表[device_type]操作完成!
2018-05-02 11:58:12:
同步表[device_info]操作完成!
2018-05-02 11:58:12:
同步表[work_type]操作完成!
2018-05-02 11:58:12:
同步表[work_template]操作完成!
2018-05-02 11:58:12:
同步表[work_task]操作完成!
2018-05-02 11:58:12:
同步表[work_record]操作完成!
2018-05-02 11:58:12:
The file './/phone.db' was transferred to the device.
The newly created object's ID is 'o91357'

2018-05-02 11:58:12:
同步完成...
2018-05-02 11:58:12:
115812
2018-05-02 11:58:14:
115814
