2018-04-27 16:06:37:
--------------程序启动!--------------
2018-04-27 16:06:44:
160644
2018-04-27 16:06:50:
正在同步...
2018-04-27 16:06:51:
The file './/phone.db' was transferred to the device.
The newly created object's ID is 'o9132E'

2018-04-27 16:06:51:
同步完成...
2018-04-27 16:06:51:
160651
2018-04-27 16:07:01:
160701
2018-04-27 16:07:25:
请解锁手机,再重试!----
2018-04-27 16:07:25:
同步失败...
2018-04-27 16:07:29:
160729
2018-04-27 16:07:30:
正在同步...
2018-04-27 16:07:30:
The file './/phone.db' was transferred to the device.
The newly created object's ID is 'o9132F'

2018-04-27 16:07:30:
同步完成...
2018-04-27 16:07:30:
160730
2018-04-27 16:07:32:
160732
2018-04-27 16:07:42:
操作过于频繁!
2018-04-27 16:07:44:
请解锁手机,再重试!----
2018-04-27 16:07:44:
同步失败...
2018-04-27 16:07:53:
160753
2018-04-27 16:07:53:
正在同步...
2018-04-27 16:07:53:
The file './/phone.db' was transferred to the device.
The newly created object's ID is 'o91330'

2018-04-27 16:07:53:
同步完成...
2018-04-27 16:07:53:
160753
2018-04-27 16:08:32:
--------------程序启动!--------------
2018-04-27 16:08:35:
160835
2018-04-27 16:09:29:
--------------程序启动!--------------
2018-04-27 16:09:41:
160941
2018-04-27 16:10:31:
--------------程序启动!--------------
2018-04-27 16:11:08:
--------------程序启动!--------------
2018-04-27 16:12:28:
--------------程序启动!--------------
2018-04-27 16:12:37:
161237
2018-04-27 16:14:09:
--------------程序启动!--------------
2018-04-27 16:25:28:
--------------程序启动!--------------
2018-04-27 16:25:31:
162531
2018-04-27 16:27:17:
--------------程序启动!--------------
2018-04-27 16:27:21:
162721
2018-04-27 16:36:07:
--------------程序启动!--------------
2018-04-27 16:41:10:
164110
2018-04-27 16:41:22:
同步失败...
2018-04-27 16:41:31:
164131
2018-04-27 16:43:21:
--------------程序启动!--------------
2018-04-27 16:43:25:
164324
2018-04-27 16:51:56:
--------------程序启动!--------------
2018-04-27 16:52:04:
165204
2018-04-27 16:53:53:
--------------程序启动!--------------
2018-04-27 16:53:56:
165356
2018-04-27 16:54:33:
near ")": syntax error
2018-04-27 16:54:53:
library routine called out of sequence
2018-04-27 16:54:55:
设备类型表(device_type) -同步失败!
2018-04-27 16:54:55:
同步失败...
2018-04-27 16:56:18:
--------------程序启动!--------------
2018-04-27 16:56:21:
165621
2018-04-27 16:56:25:
no such table: device_type
2018-04-27 16:56:28:
library routine called out of sequence
2018-04-27 16:56:28:
设备类型表(device_type) -同步失败!
2018-04-27 16:56:28:
同步失败...
2018-04-27 16:58:04:
165804
2018-04-27 16:58:08:
no such collation sequence: utf8_bin
2018-04-27 16:58:10:
library routine called out of sequence
2018-04-27 16:58:10:
设备类型表(device_type) -同步失败!
2018-04-27 16:58:10:
同步失败...
2018-04-27 16:59:57:
165957
