2018-04-27 17:00:12:
no such collation sequence: utf8_bin
2018-04-27 17:01:00:
library routine called out of sequence
2018-04-27 17:01:00:
设备类型表(device_type) -同步失败!
2018-04-27 17:01:00:
同步失败...
2018-04-27 17:01:57:
--------------程序启动!--------------
2018-04-27 17:02:00:
170200
2018-04-27 17:02:06:
no such collation sequence: utf8_bin
2018-04-27 17:05:00:
--------------程序启动!--------------
2018-04-27 17:05:07:
170507
2018-04-27 17:05:11:
no such collation sequence: utf8_bin
2018-04-27 17:06:18:
--------------程序启动!--------------
2018-04-27 17:06:20:
170620
2018-04-27 17:06:25:
no such collation sequence: utf8_bin
2018-04-27 17:06:49:
library routine called out of sequence
2018-04-27 17:06:49:
设备类型表(device_type) -同步失败!
2018-04-27 17:06:49:
同步失败...
2018-04-27 17:11:40:
--------------程序启动!--------------
2018-04-27 17:11:47:
no such collation sequence: utf8_bin
2018-04-27 17:11:53:
library routine called out of sequence
2018-04-27 17:11:53:
设备类型表(device_type) -同步失败!
2018-04-27 17:21:23:
--------------程序启动!--------------
2018-04-27 17:21:32:
no such collation sequence: utf8_bin
2018-04-27 17:30:32:
--------------程序启动!--------------
2018-04-27 17:30:51:
library routine called out of sequence
2018-04-27 17:30:51:
设备类型表(device_type) -同步失败!
2018-04-27 17:33:02:
--------------程序启动!--------------
2018-04-27 17:33:31:
library routine called out of sequence
2018-04-27 17:33:31:
设备类型表(device_type) -同步失败!
2018-04-27 17:36:41:
--------------程序启动!--------------
2018-04-27 17:38:50:
--------------程序启动!--------------
2018-04-27 17:48:48:
--------------程序启动!--------------
2018-04-27 17:49:40:
--------------程序结束!--------------
2018-04-27 17:51:25:
--------------程序启动!--------------
