2018-04-24 17:04:07:
--------------程序启动!--------------
2018-04-24 17:05:45:
--------------程序启动!--------------
2018-04-24 17:06:28:
--------------程序启动!--------------
2018-04-24 17:08:36:
--------------程序启动!--------------
2018-04-24 17:12:24:
--------------程序启动!--------------
2018-04-24 17:13:03:
--------------程序启动!--------------
2018-04-24 17:16:10:
获取文件夹与对应的数据库文件失败[音乐#data#phone##
2018-04-24 17:17:12:
获取文件夹与对应的数据库文件失败[音乐#data#phone##
2018-04-24 17:19:20:
--------------程序启动!--------------
2018-04-24 17:20:28:
获取文件夹与对应的数据库文件失败[音乐#data#phone##
2018-04-24 17:20:36:
获取文件夹与对应的数据库文件失败[音乐#data#phone##
2018-04-24 17:23:45:
--------------程序结束!--------------
2018-04-24 17:28:44:
--------------程序启动!--------------
2018-04-24 17:28:50:
设备连接失败,获取设备失败!
2018-04-24 17:28:58:
设备连接失败,获取设备失败!
2018-04-24 17:31:14:
--------------程序启动!--------------
2018-04-24 17:31:16:
设备连接失败,获取设备失败!
2018-04-24 17:31:20:
设备连接失败,获取设备失败!
2018-04-24 17:32:13:
请解锁手机,再重试!----音乐#data#phone#
2018-04-24 17:32:17:
请解锁手机,再重试!----音乐#data#phone#
2018-04-24 17:38:36:
--------------程序启动!--------------
2018-04-24 17:38:38:
正在同步...
2018-04-24 17:38:40:
error
2018-04-24 17:38:41:
error
2018-04-24 17:38:41:
error
2018-04-24 17:38:41:
error
2018-04-24 17:38:41:
error
2018-04-24 17:38:41:
正在同步...
2018-04-24 17:38:47:
正在同步...
2018-04-24 17:38:50:
正在同步...
2018-04-24 17:38:52:
error
2018-04-24 17:38:52:
error
2018-04-24 17:38:52:
error
2018-04-24 17:38:52:
正在同步...
2018-04-24 17:40:49:
--------------程序启动!--------------
2018-04-24 17:40:51:
请解锁手机,再重试!----音乐#data#phone.db#
2018-04-24 17:41:04:
请解锁手机,再重试!----音乐#data#phone.db#
2018-04-24 17:45:12:
--------------程序结束!--------------
2018-04-24 17:45:16:
--------------程序启动!--------------
2018-04-24 17:45:22:
--------------程序结束!--------------
2018-04-24 17:56:13:
--------------程序启动!--------------
2018-04-24 17:57:04:
--------------程序启动!--------------
2018-04-24 17:57:45:
--------------程序启动!--------------
2018-04-24 17:57:47:
正在同步...
2018-04-24 17:58:55:
--------------程序启动!--------------
2018-04-24 17:58:58:
正在同步...
