2018-05-13 20:29:33:
--------------程序启动!--------------
2018-05-13 20:29:33:
开始初始化工作!
2018-05-13 20:29:33:
配置文件初始化成功!
2018-05-13 20:29:38:
202938
2018-05-13 20:29:38:
正在同步...
2018-05-13 20:29:38:
同步表[device_type]操作完成!
2018-05-13 20:30:51:
--------------程序启动!--------------
2018-05-13 20:30:51:
开始初始化工作!
2018-05-13 20:30:51:
配置文件初始化成功!
2018-05-13 20:30:54:
请选择一项系统
2018-05-13 20:30:57:
203057
2018-05-13 20:30:57:
正在同步...
2018-05-13 20:30:57:
同步表[device_type]操作完成!
2018-05-13 20:32:26:
同步表[device_info]操作完成!
2018-05-13 20:32:27:
同步表[work_template]操作完成!
2018-05-13 20:32:27:
同步表[work_type]操作完成!
2018-05-13 20:32:27:
同步表[work_task]操作完成!
2018-05-13 20:32:27:
同步表[work_record]操作完成!
2018-05-13 20:32:27:
同步表[sys_user]操作完成!
2018-05-13 20:32:28:
The file './/safetydata.db' was transferred to the device.
The newly created object's ID is 'o94413'

2018-05-13 20:32:28:
同步完成...
2018-05-13 20:32:28:
203228
2018-05-13 20:32:49:
203249
2018-05-13 20:32:52:
丢失数据库文件,请确保文件存在!----
2018-05-13 20:32:52:
同步失败...
2018-05-13 20:32:55:
203255
2018-05-13 20:32:55:
正在同步...
2018-05-13 20:32:55:
同步表[device_type]操作完成!
2018-05-13 20:34:17:
同步表[device_info]操作完成!
2018-05-13 20:34:18:
同步表[work_template]操作完成!
2018-05-13 20:34:18:
同步表[work_type]操作完成!
2018-05-13 20:34:18:
同步表[work_task]操作完成!
2018-05-13 20:34:18:
同步表[work_record]操作完成!
2018-05-13 20:34:18:
同步表[sys_user]操作完成!
2018-05-13 20:34:18:
The file './/safetydata.db' was transferred to the device.
The newly created object's ID is 'o94414'

2018-05-13 20:34:18:
同步完成...
2018-05-13 20:34:18:
203418
2018-05-13 20:48:19:
204819
2018-05-13 20:48:20:
正在同步...
2018-05-13 20:48:20:
同步表[device_type]操作完成!
2018-05-13 20:51:30:
同步表[device_info]操作完成!
2018-05-13 20:51:31:
同步表[work_template]操作完成!
2018-05-13 20:51:31:
同步表[work_type]操作完成!
2018-05-13 20:51:31:
同步表[work_task]操作完成!
2018-05-13 20:51:31:
同步表[work_record]操作完成!
2018-05-13 20:51:31:
同步表[sys_user]操作完成!
2018-05-13 20:51:41:
The file './/safetydata.db' was transferred to the device.
The newly created object's ID is 'o94415'

2018-05-13 20:51:41:
同步完成...
2018-05-13 20:51:41:
205141
2018-05-13 20:53:00:
205300
2018-05-13 20:53:01:
正在同步...
2018-05-13 20:53:01:
同步表[device_type]操作完成!
2018-05-13 20:53:12:
同步表[device_info]操作完成!
2018-05-13 20:53:13:
同步表[work_template]操作完成!
2018-05-13 20:53:13:
同步表[work_type]操作完成!
2018-05-13 20:53:13:
同步表[work_task]操作完成!
2018-05-13 20:53:13:
同步表[work_record]操作完成!
2018-05-13 20:53:13:
同步表[sys_user]操作完成!
2018-05-13 20:53:13:
The file './/safetydata.db' was transferred to the device.
The newly created object's ID is 'o94417'

2018-05-13 20:53:13:
同步完成...
2018-05-13 20:53:13:
205313
2018-05-13 20:56:34:
205634
2018-05-13 20:56:37:
丢失数据库文件,请确保文件存在!----
2018-05-13 20:56:37:
同步失败...
2018-05-13 20:56:40:
205640
2018-05-13 20:56:41:
正在同步...
2018-05-13 20:56:41:
同步表[device_type]操作完成!
2018-05-13 20:56:41:
同步表[device_info]操作完成!
2018-05-13 20:56:41:
同步表[work_template]操作完成!
2018-05-13 20:56:41:
同步表[work_type]操作完成!
2018-05-13 20:56:51:
同步表[work_task]操作完成!
2018-05-13 20:56:51:
同步表[work_record]操作完成!
2018-05-13 20:56:51:
同步表[sys_user]操作完成!
2018-05-13 20:56:51:
The file './/safetydata.db' was transferred to the device.
The newly created object's ID is 'o94418'

2018-05-13 20:56:51:
同步完成...
2018-05-13 20:56:51:
205651
