2018-05-13 19:01:29:
--------------程序启动!--------------
2018-05-13 19:01:29:
开始初始化工作!
2018-05-13 19:01:29:
配置文件初始化成功!
2018-05-13 19:01:37:
请选择一项系统
2018-05-13 19:01:41:
190141
2018-05-13 19:01:42:
正在同步...
2018-05-13 19:01:42:
同步表[device_type]操作完成!
2018-05-13 19:01:42:
同步表[device_info]操作完成!
2018-05-13 19:01:42:
同步表[work_template]操作完成!
2018-05-13 19:01:42:
同步表[work_type]操作完成!
2018-05-13 19:01:50:
table work_task has no column named ExecutorLevel
2018-05-13 19:01:50:
library routine called out of sequenceReplace  INTO `work_task` (`Id`,`DeviceId`,`RFId`,`WorkName`,`WorkTemplateId`,`Cycle`,`StartTime`,`Executor`,`State`,`SynchronState`,`CreateDate`,`CreateUserId`,Level,Frequency,AllId,ExecutorTime,ExecutorLevel,TaskRemark) VALUES(?,?,?,?,?,?,?,?,?,?,?,?,?,?,?,?,?,?);
2018-05-13 19:01:50:
设备类型表(work_task) -同步失败!
2018-05-13 19:01:50:
同步表[work_record]操作完成!
2018-05-13 19:01:50:
同步表[sys_user]操作完成!
2018-05-13 19:01:50:
同步失败...
2018-05-13 19:01:56:
190156
2018-05-13 19:01:56:
正在同步...
2018-05-13 19:01:57:
同步表[device_type]操作完成!
2018-05-13 19:01:57:
同步表[device_info]操作完成!
2018-05-13 19:01:57:
同步表[work_template]操作完成!
2018-05-13 19:01:57:
同步表[work_type]操作完成!
2018-05-13 19:02:12:
table work_task has no column named ExecutorLevel
2018-05-13 19:02:15:
library routine called out of sequenceReplace  INTO `work_task` (`Id`,`DeviceId`,`RFId`,`WorkName`,`WorkTemplateId`,`Cycle`,`StartTime`,`Executor`,`State`,`SynchronState`,`CreateDate`,`CreateUserId`,Level,Frequency,AllId,ExecutorTime,ExecutorLevel,TaskRemark) VALUES(?,?,?,?,?,?,?,?,?,?,?,?,?,?,?,?,?,?);
2018-05-13 19:02:23:
设备类型表(work_task) -同步失败!
2018-05-13 19:02:23:
同步表[work_record]操作完成!
2018-05-13 19:02:23:
同步表[sys_user]操作完成!
2018-05-13 19:02:24:
同步失败...
2018-05-13 19:04:44:
190444
2018-05-13 19:04:44:
正在同步...
2018-05-13 19:04:44:
同步表[device_type]操作完成!
2018-05-13 19:04:44:
同步表[device_info]操作完成!
2018-05-13 19:04:44:
同步表[work_template]操作完成!
2018-05-13 19:04:44:
同步表[work_type]操作完成!
2018-05-13 19:04:51:
table work_task has no column named ExecutorLevel
2018-05-13 19:04:51:
library routine called out of sequenceReplace  INTO `work_task` (`Id`,`DeviceId`,`RFId`,`WorkName`,`WorkTemplateId`,`Cycle`,`StartTime`,`Executor`,`State`,`SynchronState`,`CreateDate`,`CreateUserId`,Level,Frequency,AllId,ExecutorTime,ExecutorLevel,TaskRemark) VALUES(?,?,?,?,?,?,?,?,?,?,?,?,?,?,?,?,?,?);
2018-05-13 19:04:51:
设备类型表(work_task) -同步失败!
2018-05-13 19:04:51:
同步表[work_record]操作完成!
2018-05-13 19:04:51:
同步表[sys_user]操作完成!
2018-05-13 19:04:51:
同步失败...
2018-05-13 19:06:56:
更新完成,若获取失败,请重新插拔一次设备再重试!
2018-05-13 19:13:06:
--------------程序启动!--------------
2018-05-13 19:13:06:
开始初始化工作!
2018-05-13 19:13:06:
配置文件初始化成功!
2018-05-13 19:13:10:
更新完成,若获取失败,请重新插拔一次设备再重试!
2018-05-13 19:13:14:
191314
2018-05-13 19:13:14:
正在同步...
2018-05-13 19:13:14:
同步表[device_type]操作完成!
2018-05-13 19:13:14:
同步表[device_info]操作完成!
2018-05-13 19:13:14:
同步表[work_template]操作完成!
2018-05-13 19:13:14:
同步表[work_type]操作完成!
2018-05-13 19:13:19:
table work_task has no column named ExecutorLevel
2018-05-13 19:13:19:
library routine called out of sequenceReplace  INTO `work_task` (`Id`,`DeviceId`,`RFId`,`WorkName`,`WorkTemplateId`,`Cycle`,`StartTime`,`Executor`,`State`,`SynchronState`,`CreateDate`,`CreateUserId`,Level,Frequency,AllId,ExecutorTime,ExecutorLevel,TaskRemark) VALUES(?,?,?,?,?,?,?,?,?,?,?,?,?,?,?,?,?,?);
2018-05-13 19:13:19:
设备类型表(work_task) -同步失败!
2018-05-13 19:13:19:
同步表[work_record]操作完成!
2018-05-13 19:13:19:
同步表[sys_user]操作完成!
2018-05-13 19:13:19:
同步失败...
2018-05-13 19:13:58:
191358
2018-05-13 19:13:58:
正在同步...
2018-05-13 19:13:59:
同步表[device_type]操作完成!
2018-05-13 19:13:59:
同步表[device_info]操作完成!
2018-05-13 19:13:59:
同步表[work_template]操作完成!
2018-05-13 19:13:59:
同步表[work_type]操作完成!
2018-05-13 19:14:01:
同步表[work_task]操作完成!
2018-05-13 19:14:01:
同步表[work_record]操作完成!
2018-05-13 19:14:01:
同步表[sys_user]操作完成!
2018-05-13 19:14:01:
The file './/safetydata.db' was transferred to the device.
The newly created object's ID is 'o94409'

2018-05-13 19:14:01:
同步完成...
2018-05-13 19:14:01:
191401
2018-05-13 19:14:06:
191406
2018-05-13 19:14:12:
连接失败,请重新插入设备再重试!!
2018-05-13 19:14:17:
丢失数据库文件,请确保文件存在!----
2018-05-13 19:14:17:
同步失败...
2018-05-13 19:14:23:
191423
2018-05-13 19:14:24:
正在同步...
2018-05-13 19:14:24:
同步表[device_type]操作完成!
2018-05-13 19:14:24:
同步表[device_info]操作完成!
2018-05-13 19:14:24:
同步表[work_template]操作完成!
2018-05-13 19:14:24:
同步表[work_type]操作完成!
2018-05-13 19:14:24:
同步表[work_task]操作完成!
2018-05-13 19:14:24:
同步表[work_record]操作完成!
2018-05-13 19:14:24:
同步表[sys_user]操作完成!
2018-05-13 19:14:25:
The file './/safetydata.db' was transferred to the device.
The newly created object's ID is 'o9440A'

2018-05-13 19:14:25:
同步完成...
2018-05-13 19:14:25:
191425
2018-05-13 19:17:05:
191705
2018-05-13 19:17:05:
丢失数据库文件,请确保文件存在!----
2018-05-13 19:17:05:
同步失败...
2018-05-13 19:17:08:
更新完成,若获取失败,请重新插拔一次设备再重试!
2018-05-13 19:17:13:
191713
2018-05-13 19:17:13:
丢失数据库文件,请确保文件存在!----
2018-05-13 19:17:13:
同步失败...
2018-05-13 19:17:24:
191724
2018-05-13 19:17:24:
丢失数据库文件,请确保文件存在!----
2018-05-13 19:17:24:
同步失败...
2018-05-13 19:17:27:
更新完成,若获取失败,请重新插拔一次设备再重试!
2018-05-13 19:17:30:
191730
2018-05-13 19:17:31:
丢失数据库文件,请确保文件存在!----
2018-05-13 19:17:31:
同步失败...
2018-05-13 19:17:40:
191740
2018-05-13 19:17:41:
丢失数据库文件,请确保文件存在!----
2018-05-13 19:17:41:
同步失败...
2018-05-13 19:21:00:
--------------程序启动!--------------
2018-05-13 19:21:00:
开始初始化工作!
2018-05-13 19:21:00:
配置文件初始化成功!
2018-05-13 19:22:12:
192212
2018-05-13 19:22:12:
丢失数据库文件,请确保文件存在!----
2018-05-13 19:22:12:
同步失败...
2018-05-13 19:22:34:
192234
2018-05-13 19:22:34:
正在同步...
2018-05-13 19:22:34:
同步表[device_type]操作完成!
2018-05-13 19:22:34:
同步表[device_info]操作完成!
2018-05-13 19:22:35:
同步表[work_template]操作完成!
2018-05-13 19:22:35:
同步表[work_type]操作完成!
2018-05-13 19:22:38:
同步表[work_task]操作完成!
2018-05-13 19:22:38:
同步表[work_record]操作完成!
2018-05-13 19:22:38:
同步表[sys_user]操作完成!
2018-05-13 19:22:38:
The file './/safetydata.db' was transferred to the device.
The newly created object's ID is 'o9440D'

2018-05-13 19:22:38:
同步完成...
2018-05-13 19:22:38:
192238
2018-05-13 19:22:41:
192241
2018-05-13 19:22:43:
连接失败,请重新插入设备再重试!!
2018-05-13 19:22:53:
丢失数据库文件,请确保文件存在!----
2018-05-13 19:22:53:
同步失败...
2018-05-13 19:22:55:
192255
2018-05-13 19:22:56:
正在同步...
2018-05-13 19:22:56:
同步表[device_type]操作完成!
2018-05-13 19:22:56:
同步表[device_info]操作完成!
2018-05-13 19:22:56:
同步表[work_template]操作完成!
2018-05-13 19:22:56:
同步表[work_type]操作完成!
2018-05-13 19:22:56:
同步表[work_task]操作完成!
2018-05-13 19:22:56:
同步表[work_record]操作完成!
2018-05-13 19:22:56:
同步表[sys_user]操作完成!
2018-05-13 19:22:56:
The file './/safetydata.db' was transferred to the device.
The newly created object's ID is 'o9440E'

2018-05-13 19:22:56:
同步完成...
2018-05-13 19:22:56:
192256
2018-05-13 19:25:32:
192532
2018-05-13 19:25:32:
正在同步...
2018-05-13 19:25:32:
同步表[device_type]操作完成!
2018-05-13 19:25:32:
同步表[device_info]操作完成!
2018-05-13 19:25:32:
同步表[work_template]操作完成!
2018-05-13 19:25:32:
同步表[work_type]操作完成!
2018-05-13 19:25:33:
同步表[work_task]操作完成!
2018-05-13 19:25:33:
同步表[work_record]操作完成!
2018-05-13 19:25:33:
同步表[sys_user]操作完成!
2018-05-13 19:25:33:
The file './/safetydata.db' was transferred to the device.
The newly created object's ID is 'o94410'

2018-05-13 19:25:33:
同步完成...
2018-05-13 19:25:33:
192533
2018-05-13 19:26:43:
192643
2018-05-13 19:26:43:
正在同步...
2018-05-13 19:26:43:
同步表[device_type]操作完成!
2018-05-13 19:26:43:
同步表[device_info]操作完成!
2018-05-13 19:26:44:
同步表[work_template]操作完成!
2018-05-13 19:26:44:
同步表[work_type]操作完成!
2018-05-13 19:26:44:
同步表[work_task]操作完成!
2018-05-13 19:26:44:
同步表[work_record]操作完成!
2018-05-13 19:26:44:
同步表[sys_user]操作完成!
2018-05-13 19:26:44:
The file './/safetydata.db' was transferred to the device.
The newly created object's ID is 'o94412'

2018-05-13 19:26:44:
同步完成...
2018-05-13 19:26:44:
192644
2018-05-13 19:26:58:
192658
2018-05-13 19:27:00:
连接失败,请重新插入设备再重试!!
2018-05-13 19:27:10:
更新完成,若获取失败,请重新插拔一次设备再重试!
2018-05-13 19:27:15:
--------------程序结束!--------------
