2018-05-13 21:00:00:
210000
2018-05-13 21:00:00:
正在同步...
2018-05-13 21:00:00:
同步表[device_type]操作完成!
2018-05-13 21:00:00:
同步表[device_info]操作完成!
2018-05-13 21:00:00:
同步表[work_template]操作完成!
2018-05-13 21:00:00:
同步表[work_type]操作完成!
2018-05-13 21:00:01:
同步表[work_task]操作完成!
2018-05-13 21:00:01:
同步表[work_record]操作完成!
2018-05-13 21:00:01:
同步表[sys_user]操作完成!
2018-05-13 21:00:01:
The file './/safetydata.db' was transferred to the device.
The newly created object's ID is 'o9441A'

2018-05-13 21:00:01:
同步完成...
2018-05-13 21:00:01:
210001
2018-05-13 21:22:19:
212219
2018-05-13 21:22:20:
正在同步...
2018-05-13 21:22:21:
同步表[device_type]操作完成!
2018-05-13 21:22:21:
同步表[device_info]操作完成!
2018-05-13 21:22:21:
同步表[work_template]操作完成!
2018-05-13 21:22:21:
同步表[work_type]操作完成!
2018-05-13 21:22:21:
同步表[work_task]操作完成!
2018-05-13 21:22:21:
同步表[work_record]操作完成!
2018-05-13 21:22:21:
同步表[sys_user]操作完成!
2018-05-13 21:22:22:
The file './/safetydata.db' was transferred to the device.
The newly created object's ID is 'o9441C'

2018-05-13 21:22:22:
同步完成...
2018-05-13 21:22:22:
212222
2018-05-13 21:24:13:
--------------程序启动!--------------
2018-05-13 21:24:13:
开始初始化工作!
2018-05-13 21:24:13:
配置文件初始化成功!
2018-05-13 21:24:40:
212440
2018-05-13 21:24:40:
正在同步...
2018-05-13 21:24:40:
同步表[device_type]操作完成!
2018-05-13 21:24:40:
同步表[device_info]操作完成!
2018-05-13 21:24:40:
同步表[work_template]操作完成!
2018-05-13 21:24:40:
同步表[work_type]操作完成!
2018-05-13 21:24:40:
同步表[work_task]操作完成!
2018-05-13 21:24:40:
同步表[work_record]操作完成!
2018-05-13 21:24:40:
同步表[sys_user]操作完成!
2018-05-13 21:24:41:
The file './/safetydata.db' was transferred to the device.
The newly created object's ID is 'o9441E'

2018-05-13 21:24:41:
同步完成...
2018-05-13 21:24:41:
212441
2018-05-13 21:55:34:
软件重复启动,失败!
2018-05-13 21:55:34:
--------------程序启动!--------------
2018-05-13 21:55:34:
开始初始化工作!
2018-05-13 21:55:34:
配置文件初始化成功!
2018-05-13 21:56:25:
215625
2018-05-13 21:56:26:
正在同步...
2018-05-13 21:58:07:
同步表[device_type]操作完成!
2018-05-13 21:58:08:
同步表[device_info]操作完成!
2018-05-13 21:58:08:
同步表[work_template]操作完成!
2018-05-13 21:58:08:
同步表[work_type]操作完成!
2018-05-13 21:58:08:
同步表[work_task]操作完成!
2018-05-13 21:58:08:
同步表[work_record]操作完成!
2018-05-13 21:58:08:
同步表[sys_user]操作完成!
2018-05-13 21:58:08:
The file './/safetydata.db' was transferred to the device.
The newly created object's ID is 'o9441F'

2018-05-13 21:58:08:
同步完成...
2018-05-13 21:58:08:
215808
2018-05-13 21:58:31:
215831
2018-05-13 21:58:36:
丢失数据库文件,请确保文件存在!----
2018-05-13 21:58:36:
同步失败...
2018-05-13 21:58:39:
215839
2018-05-13 21:58:39:
正在同步...
