2018-05-07 17:01:43:
--------------程序启动!--------------
2018-05-07 17:01:47:
170147
2018-05-07 17:01:48:
正在同步...
2018-05-07 17:01:48:
同步表[device_type]操作完成!
2018-05-07 17:01:48:
同步表[device_info]操作完成!
2018-05-07 17:01:48:
同步表[work_type]操作完成!
2018-05-07 17:01:48:
同步表[work_template]操作完成!
2018-05-07 17:01:53:
同步表[work_task]操作完成!
2018-05-07 17:01:53:
同步表[work_record]操作完成!
2018-05-07 17:01:53:
同步表[sys_user]操作完成!
2018-05-07 17:01:53:
The file './/safetydata.db' was transferred to the device.
The newly created object's ID is 'o93686'

2018-05-07 17:01:53:
同步完成...
2018-05-07 17:01:53:
170153
2018-05-07 17:09:12:
软件重复启动,失败!
2018-05-07 17:09:12:
--------------程序启动!--------------
2018-05-07 17:09:15:
170915
2018-05-07 17:09:16:
正在同步...
2018-05-07 17:09:16:
同步表[device_type]操作完成!
2018-05-07 17:09:16:
同步表[device_info]操作完成!
2018-05-07 17:09:16:
同步表[work_type]操作完成!
2018-05-07 17:09:16:
同步表[work_template]操作完成!
2018-05-07 17:10:55:
同步表[work_task]操作完成!
2018-05-07 17:10:55:
同步表[work_record]操作完成!
2018-05-07 17:10:55:
同步表[sys_user]操作完成!
2018-05-07 17:10:55:
The file './/safetydata.db' was transferred to the device.
The newly created object's ID is 'o93689'

2018-05-07 17:10:55:
同步完成...
2018-05-07 17:10:55:
171055
2018-05-07 17:12:41:
--------------程序结束!--------------
2018-05-07 17:40:24:
--------------程序启动!--------------
2018-05-07 17:40:29:
174029
2018-05-07 17:40:29:
正在同步...
2018-05-07 17:40:29:
同步表[device_type]操作完成!
2018-05-07 17:40:29:
同步表[device_info]操作完成!
2018-05-07 17:41:07:
同步表[work_type]操作完成!
2018-05-07 17:41:11:
同步表[work_template]操作完成!
2018-05-07 17:41:11:
同步表[work_task]操作完成!
2018-05-07 17:41:11:
同步表[work_record]操作完成!
2018-05-07 17:41:11:
同步表[sys_user]操作完成!
2018-05-07 17:41:11:
The file './/safetydata.db' was transferred to the device.
The newly created object's ID is 'o9368A'

2018-05-07 17:41:11:
同步完成...
2018-05-07 17:41:11:
174111
2018-05-07 17:41:17:
174117
2018-05-07 17:41:27:
指定文件路径下未找到相应数据库文件!Android#safetydata#
2018-05-07 17:41:27:
同步失败...
2018-05-07 17:41:31:
174131
2018-05-07 17:41:32:
正在同步...
2018-05-07 17:41:32:
同步表[device_type]操作完成!
2018-05-07 17:41:32:
同步表[device_info]操作完成!
2018-05-07 17:41:36:
同步表[work_type]操作完成!
2018-05-07 17:41:36:
同步表[work_template]操作完成!
2018-05-07 17:41:36:
同步表[work_task]操作完成!
2018-05-07 17:41:36:
同步表[work_record]操作完成!
2018-05-07 17:41:36:
同步表[sys_user]操作完成!
2018-05-07 17:41:36:
The file './/safetydata.db' was transferred to the device.
The newly created object's ID is 'o9368B'

2018-05-07 17:41:36:
同步完成...
2018-05-07 17:41:36:
174136
2018-05-07 17:42:55:
174255
2018-05-07 17:42:55:
正在同步...
2018-05-07 17:42:55:
同步表[device_type]操作完成!
2018-05-07 17:42:55:
同步表[device_info]操作完成!
2018-05-07 17:42:55:
没有数据需要同步,表[work_template]操作完成!
2018-05-07 17:42:55:
没有数据需要同步,表[work_template]操作完成!
2018-05-07 17:42:55:
没有数据需要同步,表[work_record]操作完成!
2018-05-07 17:42:55:
同步表[sys_user]操作完成!
2018-05-07 17:42:55:
The file './/safetydata.db' was transferred to the device.
The newly created object's ID is 'o9368C'

2018-05-07 17:42:55:
同步完成...
2018-05-07 17:42:55:
174255
2018-05-07 17:42:57:
174257
2018-05-07 17:43:09:
指定文件路径下未找到相应数据库文件!Android#safetydata#
2018-05-07 17:43:09:
同步失败...
2018-05-07 17:43:51:
--------------程序结束!--------------
2018-05-07 17:48:21:
--------------程序启动!--------------
2018-05-07 17:48:27:
174827
2018-05-07 17:48:28:
正在同步...
2018-05-07 17:48:28:
同步表[device_type]操作完成!
2018-05-07 17:48:28:
同步表[device_info]操作完成!
2018-05-07 17:48:37:
同步表[work_type]操作完成!
2018-05-07 17:48:37:
同步表[work_template]操作完成!
2018-05-07 17:48:37:
同步表[work_task]操作完成!
2018-05-07 17:48:37:
同步表[work_record]操作完成!
2018-05-07 17:48:37:
同步表[sys_user]操作完成!
2018-05-07 17:48:37:
The file './/safetydata.db' was transferred to the device.
The newly created object's ID is 'o9368D'

2018-05-07 17:48:37:
同步完成...
2018-05-07 17:48:37:
174837
2018-05-07 17:49:36:
174936
2018-05-07 17:49:42:
指定文件路径下未找到相应数据库文件!Android#safetydata#
2018-05-07 17:49:42:
同步失败...
2018-05-07 17:49:45:
174945
2018-05-07 17:49:46:
正在同步...
2018-05-07 17:49:46:
同步表[device_type]操作完成!
2018-05-07 17:49:46:
同步表[device_info]操作完成!
2018-05-07 17:50:07:
同步表[work_type]操作完成!
2018-05-07 17:54:07:
--------------程序启动!--------------
2018-05-07 17:54:22:
175422
2018-05-07 17:54:22:
正在同步...
2018-05-07 17:54:22:
同步表[device_type]操作完成!
2018-05-07 17:54:22:
同步表[device_info]操作完成!
2018-05-07 17:54:30:
同步表[work_type]操作完成!
2018-05-07 17:54:30:
同步表[work_template]操作完成!
2018-05-07 17:54:30:
同步表[work_task]操作完成!
2018-05-07 17:54:30:
同步表[work_record]操作完成!
2018-05-07 17:54:30:
同步表[sys_user]操作完成!
2018-05-07 17:54:30:
The file './/safetydata.db' was transferred to the device.
The newly created object's ID is 'o9368E'

2018-05-07 17:54:30:
同步完成...
2018-05-07 17:54:30:
175430
