2018-05-07 18:01:59:
--------------程序启动!--------------
2018-05-07 18:02:04:
180204
2018-05-07 18:02:04:
正在同步...
2018-05-07 18:02:04:
同步表[device_type]操作完成!
2018-05-07 18:02:04:
同步表[device_info]操作完成!
2018-05-07 18:05:47:
同步表[work_template]操作完成!
2018-05-07 18:05:47:
同步表[work_type]操作完成!
2018-05-07 18:05:47:
同步表[work_task]操作完成!
2018-05-07 18:05:47:
同步表[work_record]操作完成!
2018-05-07 18:05:47:
同步表[sys_user]操作完成!
2018-05-07 18:05:47:
The file './/safetydata.db' was transferred to the device.
The newly created object's ID is 'o9368F'

2018-05-07 18:05:47:
同步完成...
2018-05-07 18:05:47:
180547
2018-05-07 18:05:50:
--------------程序结束!--------------
2018-05-07 18:12:55:
--------------程序启动!--------------
2018-05-07 18:12:59:
181259
2018-05-07 18:12:59:
正在同步...
2018-05-07 18:12:59:
同步表[device_type]操作完成!
2018-05-07 18:12:59:
同步表[device_info]操作完成!
2018-05-07 18:13:51:
同步表[work_template]操作完成!
2018-05-07 18:13:51:
同步表[work_type]操作完成!
2018-05-07 18:13:51:
同步表[work_task]操作完成!
2018-05-07 18:13:51:
同步表[work_record]操作完成!
2018-05-07 18:13:51:
同步表[sys_user]操作完成!
2018-05-07 18:13:52:
The file './/safetydata.db' was transferred to the device.
The newly created object's ID is 'o93692'

2018-05-07 18:13:52:
同步完成...
2018-05-07 18:13:52:
181352
2018-05-07 18:14:25:
--------------程序结束!--------------
