2018-05-11 01:00:49:
010049
2018-05-11 01:00:49:
正在同步...
2018-05-11 01:00:49:
同步表[device_type]操作完成!
2018-05-11 01:00:49:
同步表[device_info]操作完成!
2018-05-11 01:00:50:
同步表[work_template]操作完成!
2018-05-11 01:00:51:
同步表[work_type]操作完成!
2018-05-11 01:01:05:
同步表[work_task]操作完成!
2018-05-11 01:01:05:
同步表[work_record]操作完成!
2018-05-11 01:01:05:
同步表[sys_user]操作完成!
2018-05-11 01:01:05:
The file './/safetydata.db' was transferred to the device.
The newly created object's ID is 'o943DB'

2018-05-11 01:01:05:
同步完成...
2018-05-11 01:01:05:
010105
2018-05-11 01:02:52:
010252
2018-05-11 01:02:52:
正在同步...
2018-05-11 01:02:52:
同步表[device_type]操作完成!
2018-05-11 01:02:52:
同步表[device_info]操作完成!
2018-05-11 01:02:53:
同步表[work_template]操作完成!
2018-05-11 01:02:53:
同步表[work_type]操作完成!
2018-05-11 01:02:55:
同步表[work_task]操作完成!
2018-05-11 01:02:55:
同步表[work_record]操作完成!
2018-05-11 01:02:55:
同步表[sys_user]操作完成!
2018-05-11 01:02:56:
The file './/safetydata.db' was transferred to the device.
The newly created object's ID is 'o943DC'

2018-05-11 01:02:56:
同步完成...
2018-05-11 01:02:56:
010256
2018-05-11 01:02:58:
010258
2018-05-11 01:02:58:
正在同步...
2018-05-11 01:02:58:
同步表[device_type]操作完成!
2018-05-11 01:02:58:
同步表[device_info]操作完成!
2018-05-11 01:02:59:
同步表[work_template]操作完成!
2018-05-11 01:02:59:
同步表[work_type]操作完成!
2018-05-11 01:02:59:
同步表[work_task]操作完成!
2018-05-11 01:02:59:
同步表[work_record]操作完成!
2018-05-11 01:02:59:
同步表[sys_user]操作完成!
2018-05-11 01:02:59:
The file './/safetydata.db' was transferred to the device.
The newly created object's ID is 'o943DD'

2018-05-11 01:02:59:
同步完成...
2018-05-11 01:02:59:
010259
2018-05-11 01:04:40:
010440
2018-05-11 01:04:40:
正在同步...
2018-05-11 01:04:40:
同步表[device_type]操作完成!
2018-05-11 01:04:40:
同步表[device_info]操作完成!
2018-05-11 01:04:40:
同步表[work_template]操作完成!
2018-05-11 01:04:41:
同步表[work_type]操作完成!
2018-05-11 01:04:41:
同步表[work_task]操作完成!
2018-05-11 01:04:41:
同步表[work_record]操作完成!
2018-05-11 01:04:41:
同步表[sys_user]操作完成!
2018-05-11 01:04:41:
The file './/safetydata.db' was transferred to the device.
The newly created object's ID is 'o943DE'

2018-05-11 01:04:41:
同步完成...
2018-05-11 01:04:41:
010441
2018-05-11 01:04:42:
010442
2018-05-11 01:04:42:
正在同步...
2018-05-11 01:04:42:
同步表[device_type]操作完成!
2018-05-11 01:04:42:
同步表[device_info]操作完成!
2018-05-11 01:04:43:
同步表[work_template]操作完成!
2018-05-11 01:04:43:
同步表[work_type]操作完成!
2018-05-11 01:04:43:
同步表[work_task]操作完成!
2018-05-11 01:04:43:
同步表[work_record]操作完成!
2018-05-11 01:04:43:
同步表[sys_user]操作完成!
2018-05-11 01:04:44:
The file './/safetydata.db' was transferred to the device.
The newly created object's ID is 'o943DF'

2018-05-11 01:04:44:
同步完成...
2018-05-11 01:04:44:
010444
2018-05-11 01:05:56:
010556
2018-05-11 01:05:56:
正在同步...
2018-05-11 01:05:56:
同步表[device_type]操作完成!
2018-05-11 01:05:57:
同步表[device_info]操作完成!
2018-05-11 01:05:57:
没有数据需要同步,表[work_template]操作完成!
2018-05-11 01:05:57:
没有数据需要同步,表[work_template]操作完成!
2018-05-11 01:05:57:
同步表[work_record]操作完成!
2018-05-11 01:05:57:
同步表[sys_user]操作完成!
2018-05-11 01:05:57:
The file './/safetydata.db' was transferred to the device.
The newly created object's ID is 'o943E0'

2018-05-11 01:05:57:
同步完成...
2018-05-11 01:05:57:
010557
2018-05-11 01:05:58:
010558
2018-05-11 01:05:58:
正在同步...
2018-05-11 01:05:58:
同步表[device_type]操作完成!
2018-05-11 01:05:58:
同步表[device_info]操作完成!
2018-05-11 01:05:58:
没有数据需要同步,表[work_template]操作完成!
2018-05-11 01:05:58:
没有数据需要同步,表[work_template]操作完成!
2018-05-11 01:05:58:
同步表[work_record]操作完成!
2018-05-11 01:05:58:
同步表[sys_user]操作完成!
2018-05-11 01:05:58:
The file './/safetydata.db' was transferred to the device.
The newly created object's ID is 'o943E1'

2018-05-11 01:05:58:
同步完成...
2018-05-11 01:05:58:
010558
2018-05-11 01:07:17:
010717
2018-05-11 01:07:17:
正在同步...
2018-05-11 01:07:17:
同步表[device_type]操作完成!
2018-05-11 01:07:17:
同步表[device_info]操作完成!
2018-05-11 01:07:18:
同步表[work_template]操作完成!
2018-05-11 01:07:18:
同步表[work_type]操作完成!
2018-05-11 01:07:18:
同步表[work_task]操作完成!
2018-05-11 01:07:18:
同步表[work_record]操作完成!
2018-05-11 01:07:18:
同步表[sys_user]操作完成!
2018-05-11 01:07:18:
The file './/safetydata.db' was transferred to the device.
The newly created object's ID is 'o943E2'

2018-05-11 01:07:18:
同步完成...
2018-05-11 01:07:18:
010718
2018-05-11 01:07:21:
010721
2018-05-11 01:07:21:
正在同步...
2018-05-11 01:07:21:
同步表[device_type]操作完成!
2018-05-11 01:07:21:
同步表[device_info]操作完成!
2018-05-11 01:07:21:
同步表[work_template]操作完成!
2018-05-11 01:07:21:
同步表[work_type]操作完成!
2018-05-11 01:07:22:
同步表[work_task]操作完成!
2018-05-11 01:07:22:
同步表[work_record]操作完成!
2018-05-11 01:07:22:
同步表[sys_user]操作完成!
2018-05-11 01:07:22:
The file './/safetydata.db' was transferred to the device.
The newly created object's ID is 'o943E3'

2018-05-11 01:07:22:
同步完成...
2018-05-11 01:07:22:
010722
2018-05-11 01:09:18:
010918
2018-05-11 01:09:18:
正在同步...
2018-05-11 01:09:19:
同步表[device_type]操作完成!
2018-05-11 01:09:19:
同步表[device_info]操作完成!
2018-05-11 01:09:19:
同步表[work_template]操作完成!
2018-05-11 01:09:19:
同步表[work_type]操作完成!
2018-05-11 01:10:24:
同步表[work_task]操作完成!
2018-05-11 01:10:24:
同步表[work_record]操作完成!
2018-05-11 01:10:24:
同步表[sys_user]操作完成!
2018-05-11 01:10:24:
The file './/safetydata.db' was transferred to the device.
The newly created object's ID is 'o943E4'

2018-05-11 01:10:24:
同步完成...
2018-05-11 01:10:24:
011024
2018-05-11 01:10:42:
011042
2018-05-11 01:10:42:
正在同步...
2018-05-11 01:10:42:
同步表[device_type]操作完成!
2018-05-11 01:10:42:
同步表[device_info]操作完成!
2018-05-11 01:10:43:
同步表[work_template]操作完成!
2018-05-11 01:10:43:
同步表[work_type]操作完成!
2018-05-11 01:10:45:
同步表[work_task]操作完成!
2018-05-11 01:10:45:
同步表[work_record]操作完成!
2018-05-11 01:10:45:
同步表[sys_user]操作完成!
2018-05-11 01:10:46:
The file './/safetydata.db' was transferred to the device.
The newly created object's ID is 'o943E5'

2018-05-11 01:10:46:
同步完成...
2018-05-11 01:10:46:
011046
2018-05-11 01:10:49:
011049
2018-05-11 01:10:49:
正在同步...
2018-05-11 01:10:49:
同步表[device_type]操作完成!
2018-05-11 01:10:49:
同步表[device_info]操作完成!
2018-05-11 01:10:50:
同步表[work_template]操作完成!
2018-05-11 01:10:50:
同步表[work_type]操作完成!
2018-05-11 01:10:50:
同步表[work_task]操作完成!
2018-05-11 01:10:50:
同步表[work_record]操作完成!
2018-05-11 01:10:50:
同步表[sys_user]操作完成!
2018-05-11 01:10:50:
The file './/safetydata.db' was transferred to the device.
The newly created object's ID is 'o943E6'

2018-05-11 01:10:50:
同步完成...
2018-05-11 01:10:50:
011050
2018-05-11 01:36:09:
--------------程序启动!--------------
2018-05-11 01:36:09:
开始初始化工作!
2018-05-11 01:36:09:
配置文件初始化成功!
2018-05-11 01:36:14:
013614
2018-05-11 01:36:14:
正在同步...
2018-05-11 01:37:02:
同步表[device_type]操作完成!
2018-05-11 01:37:58:
同步表[device_info]操作完成!
2018-05-11 01:42:18:
--------------程序启动!--------------
2018-05-11 01:42:18:
开始初始化工作!
2018-05-11 01:42:18:
配置文件初始化成功!
2018-05-11 01:42:22:
014222
2018-05-11 01:42:22:
正在同步...
2018-05-11 01:42:24:
同步表[device_type]操作完成!
2018-05-11 01:42:25:
同步表[device_info]操作完成!
2018-05-11 01:42:25:
同步表[work_template]操作完成!
2018-05-11 01:42:25:
同步表[work_type]操作完成!
2018-05-11 01:42:25:
同步表[work_task]操作完成!
2018-05-11 01:42:25:
同步表[work_record]操作完成!
2018-05-11 01:42:25:
同步表[sys_user]操作完成!
2018-05-11 01:42:25:
The file './/safetydata.db' was transferred to the device.
The newly created object's ID is 'o943E7'

2018-05-11 01:42:25:
同步完成...
2018-05-11 01:42:25:
014225
2018-05-11 01:43:32:
014332
2018-05-11 01:43:32:
正在同步...
2018-05-11 01:43:33:
同步表[device_type]操作完成!
2018-05-11 01:43:33:
同步表[device_info]操作完成!
2018-05-11 01:43:33:
同步表[work_template]操作完成!
2018-05-11 01:43:34:
同步表[work_type]操作完成!
2018-05-11 01:43:34:
同步表[work_task]操作完成!
2018-05-11 01:43:34:
同步表[work_record]操作完成!
2018-05-11 01:43:34:
同步表[sys_user]操作完成!
2018-05-11 01:43:35:
The file './/safetydata.db' was transferred to the device.
The newly created object's ID is 'o943E8'

2018-05-11 01:43:35:
同步完成...
2018-05-11 01:43:35:
014335
2018-05-11 01:43:37:
014337
2018-05-11 01:43:37:
正在同步...
2018-05-11 01:43:37:
同步表[device_type]操作完成!
2018-05-11 01:43:37:
同步表[device_info]操作完成!
2018-05-11 01:43:37:
没有数据需要同步,表[work_template]操作完成!
2018-05-11 01:43:37:
没有数据需要同步,表[work_template]操作完成!
2018-05-11 01:43:37:
同步表[work_record]操作完成!
2018-05-11 01:43:37:
同步表[sys_user]操作完成!
2018-05-11 01:43:38:
The file './/safetydata.db' was transferred to the device.
The newly created object's ID is 'o943E9'

2018-05-11 01:43:38:
同步完成...
2018-05-11 01:43:38:
014338
2018-05-11 01:45:04:
--------------程序结束!--------------
