2018-05-11 00:09:30:
--------------程序启动!--------------
2018-05-11 00:09:30:
开始初始化工作!
2018-05-11 00:09:30:
配置文件初始化成功!
2018-05-11 00:09:56:
扫描设备信息,若失败,请重新插拔一次设备!
2018-05-11 00:10:09:
扫描设备信息,若失败,请重新插拔一次设备!
2018-05-11 00:10:15:
001015
2018-05-11 00:10:16:
正在同步...
2018-05-11 00:10:30:
同步表[device_type]操作完成!
2018-05-11 00:10:30:
同步表[device_info]操作完成!
2018-05-11 00:10:30:
同步表[work_template]操作完成!
2018-05-11 00:10:31:
同步表[work_type]操作完成!
2018-05-11 00:35:40:
--------------程序启动!--------------
2018-05-11 00:35:40:
开始初始化工作!
2018-05-11 00:35:40:
配置文件初始化成功!
2018-05-11 00:36:24:
003624
2018-05-11 00:36:24:
正在同步...
2018-05-11 00:36:24:
同步表[device_type]操作完成!
2018-05-11 00:38:34:
--------------程序启动!--------------
2018-05-11 00:38:35:
开始初始化工作!
2018-05-11 00:38:35:
配置文件初始化成功!
2018-05-11 00:38:39:
003839
2018-05-11 00:38:39:
正在同步...
2018-05-11 00:39:18:
同步表[device_type]操作完成!
2018-05-11 00:41:26:
同步表[device_info]操作完成!
2018-05-11 00:41:26:
同步表[work_template]操作完成!
2018-05-11 00:41:26:
同步表[work_type]操作完成!
2018-05-11 00:41:26:
同步表[work_task]操作完成!
2018-05-11 00:41:26:
同步表[work_record]操作完成!
2018-05-11 00:41:26:
同步表[sys_user]操作完成!
2018-05-11 00:41:26:
The file './/safetydata.db' was transferred to the device.
The newly created object's ID is 'o943D1'

2018-05-11 00:41:26:
同步完成...
2018-05-11 00:41:26:
004126
2018-05-11 00:41:34:
004134
2018-05-11 00:41:34:
正在同步...
2018-05-11 00:41:36:
同步表[device_type]操作完成!
2018-05-11 00:41:37:
同步表[device_info]操作完成!
2018-05-11 00:41:37:
同步表[work_template]操作完成!
2018-05-11 00:41:37:
同步表[work_type]操作完成!
2018-05-11 00:41:37:
同步表[work_task]操作完成!
2018-05-11 00:41:37:
同步表[work_record]操作完成!
2018-05-11 00:41:37:
同步表[sys_user]操作完成!
2018-05-11 00:41:37:
The file './/safetydata.db' was transferred to the device.
The newly created object's ID is 'o943D2'

2018-05-11 00:41:37:
同步完成...
2018-05-11 00:41:37:
004137
2018-05-11 00:42:58:
004258
2018-05-11 00:42:58:
正在同步...
2018-05-11 00:43:00:
同步表[device_type]操作完成!
2018-05-11 00:43:32:
同步表[device_info]操作完成!
2018-05-11 00:43:32:
同步表[work_template]操作完成!
2018-05-11 00:43:32:
同步表[work_type]操作完成!
2018-05-11 00:43:32:
同步表[work_task]操作完成!
2018-05-11 00:43:32:
同步表[work_record]操作完成!
2018-05-11 00:43:32:
同步表[sys_user]操作完成!
2018-05-11 00:43:32:
The file './/safetydata.db' was transferred to the device.
The newly created object's ID is 'o943D3'

2018-05-11 00:43:32:
同步完成...
2018-05-11 00:43:32:
004332
2018-05-11 00:43:55:
004355
2018-05-11 00:43:55:
正在同步...
2018-05-11 00:44:00:
同步表[device_type]操作完成!
2018-05-11 00:44:08:
同步表[device_info]操作完成!
2018-05-11 00:44:09:
同步表[work_template]操作完成!
2018-05-11 00:44:09:
同步表[work_type]操作完成!
2018-05-11 00:44:09:
同步表[work_task]操作完成!
2018-05-11 00:44:09:
同步表[work_record]操作完成!
2018-05-11 00:44:09:
同步表[sys_user]操作完成!
2018-05-11 00:44:09:
The file './/safetydata.db' was transferred to the device.
The newly created object's ID is 'o943D4'

2018-05-11 00:44:09:
同步完成...
2018-05-11 00:44:09:
004409
2018-05-11 00:44:43:
004443
2018-05-11 00:44:43:
正在同步...
2018-05-11 00:44:46:
同步表[device_type]操作完成!
2018-05-11 00:44:46:
同步表[device_info]操作完成!
2018-05-11 00:44:46:
同步表[work_template]操作完成!
2018-05-11 00:44:46:
同步表[work_type]操作完成!
2018-05-11 00:44:46:
同步表[work_task]操作完成!
2018-05-11 00:44:46:
同步表[work_record]操作完成!
2018-05-11 00:44:46:
同步表[sys_user]操作完成!
2018-05-11 00:44:47:
The file './/safetydata.db' was transferred to the device.
The newly created object's ID is 'o943D5'

2018-05-11 00:44:47:
同步完成...
2018-05-11 00:44:47:
004447
2018-05-11 00:46:11:
004611
2018-05-11 00:46:11:
正在同步...
2018-05-11 00:46:21:
同步表[device_type]操作完成!
2018-05-11 00:46:43:
同步表[device_info]操作完成!
2018-05-11 00:46:43:
同步表[work_template]操作完成!
2018-05-11 00:46:43:
同步表[work_type]操作完成!
2018-05-11 00:46:43:
同步表[work_task]操作完成!
2018-05-11 00:46:43:
同步表[work_record]操作完成!
2018-05-11 00:46:43:
同步表[sys_user]操作完成!
2018-05-11 00:46:43:
The file './/safetydata.db' was transferred to the device.
The newly created object's ID is 'o943D6'

2018-05-11 00:46:43:
同步完成...
2018-05-11 00:46:43:
004643
2018-05-11 00:46:59:
--------------程序结束!--------------
2018-05-11 00:48:32:
--------------程序启动!--------------
2018-05-11 00:48:32:
开始初始化工作!
2018-05-11 00:48:32:
配置文件初始化成功!
2018-05-11 00:48:43:
请选择一项系统
2018-05-11 00:48:46:
004846
2018-05-11 00:48:46:
正在同步...
2018-05-11 00:48:52:
同步表[device_type]操作完成!
2018-05-11 00:48:52:
同步表[device_info]操作完成!
2018-05-11 00:48:53:
同步表[work_template]操作完成!
2018-05-11 00:48:53:
同步表[work_type]操作完成!
2018-05-11 00:49:43:
同步表[work_task]操作完成!
2018-05-11 00:49:43:
同步表[work_record]操作完成!
2018-05-11 00:49:43:
同步表[sys_user]操作完成!
2018-05-11 00:49:43:
The file './/safetydata.db' was transferred to the device.
The newly created object's ID is 'o943D8'

2018-05-11 00:49:43:
同步完成...
2018-05-11 00:49:43:
004943
2018-05-11 00:50:34:
005034
2018-05-11 00:50:34:
正在同步...
2018-05-11 00:50:37:
同步表[device_type]操作完成!
2018-05-11 00:50:37:
同步表[device_info]操作完成!
2018-05-11 00:50:37:
没有数据需要同步,表[work_template]操作完成!
2018-05-11 00:50:37:
没有数据需要同步,表[work_template]操作完成!
2018-05-11 00:50:37:
同步表[work_record]操作完成!
2018-05-11 00:50:37:
同步表[sys_user]操作完成!
2018-05-11 00:50:37:
The file './/safetydata.db' was transferred to the device.
The newly created object's ID is 'o943D9'

2018-05-11 00:50:37:
同步完成...
2018-05-11 00:50:37:
005037
2018-05-11 00:50:41:
005041
2018-05-11 00:50:41:
正在同步...
2018-05-11 00:50:48:
同步表[device_type]操作完成!
2018-05-11 00:50:48:
同步表[device_info]操作完成!
2018-05-11 00:50:49:
同步表[work_template]操作完成!
2018-05-11 00:50:49:
同步表[work_type]操作完成!
2018-05-11 00:51:05:
Replace  INTO `work_task` (`Id`,`DeviceId`,`RFId`,`WorkName`,`WorkTemplateId`,`Cycle`,`StartTime`,`Executor`,`State`,`SynchronState`,`CreateDate`,`CreateUserId`,Level,Frequency,AllId,ExecutorTime,SynchronTime) VALUES('0fd80d7a92484435b47efc1086cd8f62','301e0fa66e68431294fef9f631867ad7','E200208395080093159071E3','设备维保记录表','9a14f6174a4640b49297b7adea9078f0','2','2018-05-10 17:37:00','','0','1','2018-05-10 17:37:34','2650a3b1208a4931b6d61ed98466c676','0','1','','','2018-05-11 00:51:02');Replace  INTO `work_task` (`Id`,`DeviceId`,`RFId`,`WorkName`,`WorkTemplateId`,`Cycle`,`StartTime`,`Executor`,`State`,`SynchronState`,`CreateDate`,`CreateUserId`,Level,Frequency,AllId,ExecutorTime,SynchronTime) VALUES('561efb38025f45e3a1774bf33e7d4dce','301e0fa66e68431294fef9f631867ad7','E200208395080093159071E3','设备检查表','8d2e684ab0bc4669b3819d365c8e35a3','1','2018-05-29 20:39:00','','0','1','2018-05-10 20:40:21','40287d8161457c620161457fd6520001','0','1','','','2018-05-11 00:51:02');Replace  INTO `work_task` (`Id`,`DeviceId`,`RFId`,`WorkName`,`WorkTemplateId`,`Cycle`,`StartTime`,`Executor`,`State`,`SynchronState`,`CreateDate`,`CreateUserId`,Level,Frequency,AllId,ExecutorTime,SynchronTime) VALUES('7b791bdce65e410aba91b09a4f34e278','301e0fa66e68431294fef9f631867ad7','E200208395080093159071E3','设备检查表','8d2e684ab0bc4669b3819d365c8e35a3','1','2018-05-10 14:34:00','','2','1','2018-05-10 14:34:20','40287d8161457c620161457fd6520001','0','2','','','2018-05-11 00:51:02');
2018-05-11 00:51:05:
从phone更新RFId和完成状态到服务端work_task失败!
2018-05-11 00:51:05:

2018-05-11 00:51:05:
设备类型表(work_task) -同步失败!
2018-05-11 00:51:05:
同步表[work_record]操作完成!
2018-05-11 00:51:05:
同步表[sys_user]操作完成!
2018-05-11 00:51:05:
同步失败...
2018-05-11 00:51:13:
005113
2018-05-11 00:51:13:
正在同步...
2018-05-11 00:51:16:
同步表[device_type]操作完成!
2018-05-11 00:51:17:
同步表[device_info]操作完成!
2018-05-11 00:51:17:
同步表[work_template]操作完成!
2018-05-11 00:51:17:
同步表[work_type]操作完成!
2018-05-11 00:53:11:
Replace  INTO `work_task` (`Id`,`DeviceId`,`RFId`,`WorkName`,`WorkTemplateId`,`Cycle`,`StartTime`,`Executor`,`State`,`SynchronState`,`CreateDate`,`CreateUserId`,Level,Frequency,AllId,ExecutorTime,SynchronTime) VALUES('0fd80d7a92484435b47efc1086cd8f62','301e0fa66e68431294fef9f631867ad7','E200208395080093159071E3','设备维保记录表','9a14f6174a4640b49297b7adea9078f0','2','2018-05-10 17:37:00','','0','1','2018-05-10 17:37:34','2650a3b1208a4931b6d61ed98466c676','0','1','','','2018-05-11 00:53:11');Replace  INTO `work_task` (`Id`,`DeviceId`,`RFId`,`WorkName`,`WorkTemplateId`,`Cycle`,`StartTime`,`Executor`,`State`,`SynchronState`,`CreateDate`,`CreateUserId`,Level,Frequency,AllId,ExecutorTime,SynchronTime) VALUES('561efb38025f45e3a1774bf33e7d4dce','301e0fa66e68431294fef9f631867ad7','E200208395080093159071E3','设备检查表','8d2e684ab0bc4669b3819d365c8e35a3','1','2018-05-29 20:39:00','','0','1','2018-05-10 20:40:21','40287d8161457c620161457fd6520001','0','1','','','2018-05-11 00:53:11');Replace  INTO `work_task` (`Id`,`DeviceId`,`RFId`,`WorkName`,`WorkTemplateId`,`Cycle`,`StartTime`,`Executor`,`State`,`SynchronState`,`CreateDate`,`CreateUserId`,Level,Frequency,AllId,ExecutorTime,SynchronTime) VALUES('7b791bdce65e410aba91b09a4f34e278','301e0fa66e68431294fef9f631867ad7','E200208395080093159071E3','设备检查表','8d2e684ab0bc4669b3819d365c8e35a3','1','2018-05-10 14:34:00','','2','1','2018-05-10 14:34:20','40287d8161457c620161457fd6520001','0','2','','','2018-05-11 00:53:11');
2018-05-11 00:53:11:
从phone更新RFId和完成状态到服务端work_task失败!
2018-05-11 00:53:11:

2018-05-11 00:53:11:
设备类型表(work_task) -同步失败!
2018-05-11 00:53:11:
同步表[work_record]操作完成!
2018-05-11 00:53:11:
同步表[sys_user]操作完成!
2018-05-11 00:53:11:
同步失败...
