2018-04-25 15:00:03:
正在同步...
2018-04-25 15:00:03:
! Failed to transfer object to device, hr = 0x80004005

2018-04-25 15:00:03:
同步失败...
2018-04-25 15:00:10:
指定文件路径下未找到相应数据库文件!音乐#data#phone#
2018-04-25 15:00:10:
The file './/phone.db' was transferred to the device.
The newly created object's ID is 'o8F1E5'

2018-04-25 15:00:10:
同步完成...
2018-04-25 15:01:18:
正在同步...
2018-04-25 15:01:18:
! Failed to transfer object to device, hr = 0x80004005

2018-04-25 15:01:18:
同步失败...
2018-04-25 15:01:35:
正在同步...
2018-04-25 15:04:54:
--------------程序启动!--------------
2018-04-25 15:05:00:
正在同步...
2018-04-25 15:05:00:

2018-04-25 15:05:00:
同步失败...
2018-04-25 15:05:32:
操作过于频繁!
2018-04-25 15:05:33:
操作过于频繁!
2018-04-25 15:05:41:
操作过于频繁!
2018-04-25 15:05:47:
指定文件路径下未找到相应数据库文件!音乐#data#phone#
2018-04-25 15:06:11:

2018-04-25 15:06:11:
同步失败...
2018-04-25 15:06:51:
正在同步...
2018-04-25 15:06:55:

2018-04-25 15:06:55:
同步失败...
2018-04-25 15:07:10:
正在同步...
2018-04-25 15:07:17:

2018-04-25 15:07:17:
同步失败...
2018-04-25 15:07:37:
--------------程序启动!--------------
2018-04-25 15:07:49:
正在同步...
2018-04-25 15:08:06:
The file './/phone.db' was transferred to the device.
The newly created object's ID is 'o8F1E9'

2018-04-25 15:08:07:
同步完成...
2018-04-25 15:08:27:
正在同步...
2018-04-25 15:08:37:
The file './/phone.db' was transferred to the device.
The newly created object's ID is 'o8F1EA'

2018-04-25 15:08:37:
同步完成...
2018-04-25 15:08:41:
正在同步...
2018-04-25 15:09:25:
The file './/phone.db' was transferred to the device.
The newly created object's ID is 'o8F1EB'

2018-04-25 15:09:25:
同步完成...
2018-04-25 15:09:53:
--------------程序启动!--------------
2018-04-25 15:09:55:
正在同步...
2018-04-25 15:09:56:
The file './/phone.db' was transferred to the device.
The newly created object's ID is 'o8F1EC'

2018-04-25 15:09:56:
同步完成...
2018-04-25 15:09:57:
正在同步...
2018-04-25 15:09:57:
The file './/phone.db' was transferred to the device.
The newly created object's ID is 'o8F1ED'

2018-04-25 15:09:57:
同步完成...
2018-04-25 15:09:58:
正在同步...
2018-04-25 15:09:58:
The file './/phone.db' was transferred to the device.
The newly created object's ID is 'o8F1EE'

2018-04-25 15:09:58:
同步完成...
2018-04-25 15:09:59:
正在同步...
2018-04-25 15:09:59:
The file './/phone.db' was transferred to the device.
The newly created object's ID is 'o8F1EF'

2018-04-25 15:09:59:
同步完成...
2018-04-25 15:10:00:
正在同步...
2018-04-25 15:10:01:
The file './/phone.db' was transferred to the device.
The newly created object's ID is 'o8F1F0'

2018-04-25 15:10:01:
同步完成...
2018-04-25 15:10:01:
正在同步...
2018-04-25 15:10:02:
The file './/phone.db' was transferred to the device.
The newly created object's ID is 'o8F1F1'

2018-04-25 15:10:02:
同步完成...
2018-04-25 15:10:04:
正在同步...
2018-04-25 15:10:04:
The file './/phone.db' was transferred to the device.
The newly created object's ID is 'o8F1F2'

2018-04-25 15:10:04:
同步完成...
2018-04-25 15:10:27:
请选择一项设备
2018-04-25 15:10:27:
! Failed to open file named (.//phone.db) to transfer to device, hr = 0x80070002

2018-04-25 15:10:27:
同步失败...
2018-04-25 15:10:36:
请解锁手机,再重试!----
2018-04-25 15:10:36:
同步失败...
2018-04-25 15:10:42:
正在同步...
2018-04-25 15:10:43:
The file './/phone.db' was transferred to the device.
The newly created object's ID is 'o8F1F3'

2018-04-25 15:10:43:
同步完成...
2018-04-25 15:10:46:
操作过于频繁!
2018-04-25 15:10:56:
操作过于频繁!
2018-04-25 15:11:14:
请解锁手机,再重试!----
2018-04-25 15:11:14:
同步失败...
2018-04-25 15:11:27:
正在同步...
2018-04-25 15:11:27:
The file './/phone.db' was transferred to the device.
The newly created object's ID is 'o8F1F4'

2018-04-25 15:11:27:
同步完成...
2018-04-25 15:11:34:
操作过于频繁!
2018-04-25 15:12:08:
请解锁手机,再重试!----
2018-04-25 15:12:08:
同步失败...
2018-04-25 15:12:34:
请选择一项设备
2018-04-25 15:12:34:
同步失败...
2018-04-25 15:12:37:
正在同步...
2018-04-25 15:12:37:
The file './/phone.db' was transferred to the device.
The newly created object's ID is 'o8F1F5'

2018-04-25 15:12:37:
同步完成...
2018-04-25 15:15:15:
--------------程序启动!--------------
2018-04-25 15:16:13:
正在同步...
2018-04-25 15:16:15:
The file './/phone.db' was transferred to the device.
The newly created object's ID is 'o8F1F6'

2018-04-25 15:16:18:
同步完成...
2018-04-25 15:17:01:
--------------程序启动!--------------
2018-04-25 15:17:18:
正在同步...
2018-04-25 15:17:18:
The file './/phone.db' was transferred to the device.
The newly created object's ID is 'o8F1F7'

2018-04-25 15:17:18:
同步完成...
2018-04-25 15:17:51:
--------------程序启动!--------------
2018-04-25 15:18:28:
请解锁手机,再重试!----
2018-04-25 15:18:28:
同步失败...
2018-04-25 15:19:13:
正在同步...
2018-04-25 15:19:13:
The file './/phone.db' was transferred to the device.
The newly created object's ID is 'o8F1F8'

2018-04-25 15:19:13:
同步完成...
2018-04-25 15:22:06:
--------------程序启动!--------------
2018-04-25 15:22:19:
正在同步...
2018-04-25 15:22:20:
The file './/phone.db' was transferred to the device.
The newly created object's ID is 'o8F1F9'

2018-04-25 15:22:20:
同步完成...
2018-04-25 15:29:03:
--------------程序启动!--------------
2018-04-25 15:29:21:
--------------程序启动!--------------
2018-04-25 15:30:49:
请解锁手机,再重试!----
2018-04-25 15:30:49:
同步失败...
2018-04-25 15:31:50:
正在同步...
2018-04-25 15:31:50:
The file './/phone.db' was transferred to the device.
The newly created object's ID is 'o8F1FA'

2018-04-25 15:31:50:
同步完成...
2018-04-25 15:32:21:
请解锁手机,再重试!----
2018-04-25 15:32:21:
同步失败...
2018-04-25 15:33:00:
正在同步...
2018-04-25 15:33:20:
The file './/phone.db' was transferred to the device.
The newly created object's ID is 'o8F1FB'

2018-04-25 15:33:31:
同步完成...
2018-04-25 15:34:20:
--------------程序启动!--------------
2018-04-25 15:34:39:
请解锁手机,再重试!----
2018-04-25 15:34:39:
同步失败...
2018-04-25 15:34:42:
请选择一项设备
2018-04-25 15:34:42:
同步失败...
2018-04-25 15:34:43:
请选择一项设备
2018-04-25 15:34:43:
同步失败...
2018-04-25 15:34:46:
请解锁手机,再重试!----
2018-04-25 15:34:46:
同步失败...
2018-04-25 15:34:50:
正在同步...
2018-04-25 15:34:50:
同步完成...
2018-04-25 15:34:52:
正在同步...
2018-04-25 15:34:52:
同步完成...
2018-04-25 15:34:53:
正在同步...
2018-04-25 15:34:53:
同步完成...
2018-04-25 15:34:55:
正在同步...
2018-04-25 15:34:55:
同步完成...
2018-04-25 15:34:57:
正在同步...
2018-04-25 15:34:57:
同步完成...
2018-04-25 15:35:11:
正在同步...
2018-04-25 15:35:11:
同步完成...
2018-04-25 15:35:11:
正在同步...
2018-04-25 15:35:11:
同步完成...
2018-04-25 15:35:11:
正在同步...
2018-04-25 15:35:11:
同步完成...
2018-04-25 15:35:11:
正在同步...
2018-04-25 15:35:11:
同步完成...
2018-04-25 15:35:11:
正在同步...
2018-04-25 15:35:11:
同步完成...
2018-04-25 15:35:30:
--------------程序启动!--------------
2018-04-25 15:35:32:
正在同步...
2018-04-25 15:35:33:
The file './/phone.db' was transferred to the device.
The newly created object's ID is 'o8F1FC'

2018-04-25 15:35:33:
同步完成...
2018-04-25 15:35:37:
操作过于频繁!
2018-04-25 15:43:32:
--------------程序启动!--------------
2018-04-25 15:43:37:
正在同步...
2018-04-25 15:43:37:
同步完成...
2018-04-25 15:43:38:
正在同步...
2018-04-25 15:43:38:
同步完成...
2018-04-25 15:43:38:
正在同步...
2018-04-25 15:43:38:
同步完成...
2018-04-25 15:43:39:
正在同步...
2018-04-25 15:43:39:
同步完成...
2018-04-25 15:43:39:
正在同步...
2018-04-25 15:43:39:
同步完成...
2018-04-25 15:43:40:
正在同步...
2018-04-25 15:43:40:
同步完成...
2018-04-25 15:43:40:
正在同步...
2018-04-25 15:43:40:
同步完成...
2018-04-25 15:43:41:
正在同步...
2018-04-25 15:43:41:
同步完成...
2018-04-25 15:43:41:
正在同步...
2018-04-25 15:43:41:
同步完成...
2018-04-25 15:43:41:
正在同步...
2018-04-25 15:43:41:
同步完成...
2018-04-25 15:43:41:
正在同步...
2018-04-25 15:43:41:
同步完成...
2018-04-25 15:43:41:
正在同步...
2018-04-25 15:43:41:
同步完成...
2018-04-25 15:43:41:
正在同步...
2018-04-25 15:43:41:
同步完成...
2018-04-25 15:43:42:
正在同步...
2018-04-25 15:43:42:
同步完成...
2018-04-25 15:43:42:
正在同步...
2018-04-25 15:43:42:
同步完成...
2018-04-25 15:43:42:
正在同步...
2018-04-25 15:43:42:
同步完成...
2018-04-25 15:43:42:
正在同步...
2018-04-25 15:43:42:
同步完成...
2018-04-25 15:43:42:
正在同步...
2018-04-25 15:43:42:
同步完成...
2018-04-25 15:43:43:
正在同步...
2018-04-25 15:43:43:
同步完成...
2018-04-25 15:43:43:
正在同步...
2018-04-25 15:43:43:
同步完成...
2018-04-25 15:43:43:
正在同步...
2018-04-25 15:43:43:
同步完成...
2018-04-25 15:43:43:
正在同步...
2018-04-25 15:43:43:
同步完成...
2018-04-25 15:43:43:
正在同步...
2018-04-25 15:43:43:
同步完成...
2018-04-25 15:43:43:
正在同步...
2018-04-25 15:43:43:
同步完成...
2018-04-25 15:43:44:
正在同步...
2018-04-25 15:43:44:
同步完成...
2018-04-25 15:43:44:
正在同步...
2018-04-25 15:43:44:
同步完成...
2018-04-25 15:43:44:
正在同步...
2018-04-25 15:43:44:
同步完成...
2018-04-25 15:43:44:
正在同步...
2018-04-25 15:43:44:
同步完成...
2018-04-25 15:43:44:
正在同步...
2018-04-25 15:43:44:
同步完成...
2018-04-25 15:43:45:
正在同步...
2018-04-25 15:43:45:
同步完成...
2018-04-25 15:44:23:
正在同步...
2018-04-25 15:44:23:
同步完成...
2018-04-25 15:44:24:
正在同步...
2018-04-25 15:44:24:
同步完成...
2018-04-25 15:44:49:
--------------程序启动!--------------
2018-04-25 15:44:52:
正在同步...
2018-04-25 15:44:52:
The file './/phone.db' was transferred to the device.
The newly created object's ID is 'o8F1FD'

2018-04-25 15:44:52:
同步完成...
2018-04-25 15:45:21:
请解锁手机,再重试!----
2018-04-25 15:45:21:
同步失败...
2018-04-25 15:45:49:
正在同步...
2018-04-25 15:45:49:
The file './/phone.db' was transferred to the device.
The newly created object's ID is 'o8F1FE'

2018-04-25 15:45:49:
同步完成...
2018-04-25 15:45:55:
请解锁手机,再重试!----
2018-04-25 15:45:55:
同步失败...
2018-04-25 15:46:08:
请选择一项设备
2018-04-25 15:46:08:
同步失败...
2018-04-25 15:46:12:
正在同步...
2018-04-25 15:46:12:
The file './/phone.db' was transferred to the device.
The newly created object's ID is 'o8F1FF'

2018-04-25 15:46:12:
同步完成...
2018-04-25 15:47:06:
操作过于频繁!
2018-04-25 15:47:09:
请解锁手机,再重试!----
2018-04-25 15:47:09:
同步失败...
2018-04-25 15:47:20:
正在同步...
2018-04-25 15:47:20:
The file './/phone.db' was transferred to the device.
The newly created object's ID is 'o8F200'

2018-04-25 15:47:20:
同步完成...
2018-04-25 15:56:08:
--------------程序启动!--------------
2018-04-25 15:56:11:
正在同步...
2018-04-25 15:56:11:
The file './/phone.db' was transferred to the device.
The newly created object's ID is 'o8F201'

2018-04-25 15:56:11:
同步完成...
2018-04-25 15:56:38:
请解锁手机,再重试!----
2018-04-25 15:56:38:
同步失败...
2018-04-25 15:56:58:
请选择一项设备
2018-04-25 15:56:58:
同步失败...
2018-04-25 15:57:00:
操作过于频繁!
2018-04-25 15:57:05:
操作过于频繁!
2018-04-25 15:57:14:
请解锁手机,再重试!----
2018-04-25 15:57:14:
同步失败...
2018-04-25 15:57:23:
正在同步...
2018-04-25 15:57:23:
The file './/phone.db' was transferred to the device.
The newly created object's ID is 'o8F202'

2018-04-25 15:57:23:
同步完成...
2018-04-25 15:59:17:
--------------程序启动!--------------
2018-04-25 15:59:19:
正在同步...
2018-04-25 15:59:20:
The file './/phone.db' was transferred to the device.
The newly created object's ID is 'o8F203'

2018-04-25 15:59:20:
同步完成...
2018-04-25 15:59:25:
操作过于频繁!
2018-04-25 15:59:37:
请解锁手机,再重试!----
2018-04-25 15:59:37:
同步失败...
2018-04-25 15:59:46:
正在同步...
2018-04-25 15:59:46:
The file './/phone.db' was transferred to the device.
The newly created object's ID is 'o8F204'

2018-04-25 15:59:46:
同步完成...
