2018-04-25 17:00:03:
170003
2018-04-25 17:00:03:
请解锁手机,再重试!----
2018-04-25 17:00:03:
同步失败...
2018-04-25 17:00:09:
170009
2018-04-25 17:00:09:
正在同步...
2018-04-25 17:00:09:
The file './/phone.db' was transferred to the device.
The newly created object's ID is 'o8F22A'

2018-04-25 17:00:09:
同步完成...
2018-04-25 17:00:09:
170009
2018-04-25 17:00:11:
170011
2018-04-25 17:00:56:
--------------程序启动!--------------
2018-04-25 17:00:58:
170058
2018-04-25 17:00:59:
正在同步...
2018-04-25 17:00:59:
The file './/phone.db' was transferred to the device.
The newly created object's ID is 'o8F22B'

2018-04-25 17:00:59:
同步完成...
2018-04-25 17:00:59:
170059
2018-04-25 17:01:00:
170100
2018-04-25 17:01:17:
操作过于频繁!
2018-04-25 17:01:22:
请解锁手机,再重试!----
2018-04-25 17:01:22:
同步失败...
2018-04-25 17:01:27:
170127
2018-04-25 17:01:27:
正在同步...
2018-04-25 17:01:27:
The file './/phone.db' was transferred to the device.
The newly created object's ID is 'o8F22C'

2018-04-25 17:01:27:
同步完成...
2018-04-25 17:01:27:
170127
2018-04-25 17:01:29:
170129
2018-04-25 17:01:36:
请解锁手机,再重试!----
2018-04-25 17:01:36:
同步失败...
2018-04-25 17:01:50:
170150
2018-04-25 17:01:50:
正在同步...
2018-04-25 17:01:50:
The file './/phone.db' was transferred to the device.
The newly created object's ID is 'o8F22D'

2018-04-25 17:01:50:
同步完成...
2018-04-25 17:01:50:
170150
2018-04-25 17:01:53:
170153
2018-04-25 17:02:39:
--------------程序结束!--------------
2018-04-25 17:10:02:
--------------程序启动!--------------
2018-04-25 17:10:04:
171004
2018-04-25 17:10:04:
正在同步...
2018-04-25 17:10:04:
The file './/phone.db' was transferred to the device.
The newly created object's ID is 'o8F22E'

2018-04-25 17:10:04:
同步完成...
2018-04-25 17:10:04:
171004
2018-04-25 17:10:05:
171005
2018-04-25 17:22:05:
--------------程序结束!--------------
2018-04-25 17:25:04:
--------------程序启动!--------------
2018-04-25 17:25:09:
--------------程序结束!--------------
2018-04-25 17:26:30:
--------------程序启动!--------------
2018-04-25 17:30:12:
173012
2018-04-25 17:30:13:
正在同步...
2018-04-25 17:30:13:
! Failed to open file named (.//phone.db) to transfer to device, hr = 0x80070002

2018-04-25 17:30:13:
同步失败...
2018-04-25 17:32:40:
--------------程序结束!--------------
2018-04-25 17:33:04:
--------------程序启动!--------------
2018-04-25 17:33:46:
173346
2018-04-25 17:33:46:
指定文件路径下未找到相应数据库文件!音乐#data#libmysqld1#
2018-04-25 17:33:46:
! Failed to open file named () to transfer to device, hr = 0x80070003

2018-04-25 17:33:46:
同步失败...
2018-04-25 17:34:18:
173418
2018-04-25 17:34:18:
指定文件路径下未找到相应数据库文件!音乐#data#libmysqld1#
2018-04-25 17:34:18:
! Failed to open file named () to transfer to device, hr = 0x80070003

2018-04-25 17:34:18:
同步失败...
2018-04-25 17:34:32:
173432
2018-04-25 17:34:32:
指定文件路径下未找到相应数据库文件!音乐#data#libmysqld1#
2018-04-25 17:34:32:
! Failed to open file named () to transfer to device, hr = 0x80070003

2018-04-25 17:34:32:
同步失败...
2018-04-25 17:35:12:
173512
2018-04-25 17:36:51:
指定文件路径下未找到相应数据库文件!音乐#data#libmysqld1#
2018-04-25 17:36:51:
! Failed to open file named () to transfer to device, hr = 0x80070003

2018-04-25 17:36:51:
同步失败...
2018-04-25 17:36:56:
--------------程序启动!--------------
2018-04-25 17:36:59:
173659
2018-04-25 17:37:17:
指定文件路径下未找到相应数据库文件!音乐#data#libmysqld1#
2018-04-25 17:37:17:
! Failed to open file named () to transfer to device, hr = 0x80070003

2018-04-25 17:37:17:
同步失败...
2018-04-25 17:37:20:
173720
2018-04-25 17:37:25:
指定文件路径下未找到相应数据库文件!音乐#data#libmysqld1#
2018-04-25 17:37:25:
! Failed to open file named () to transfer to device, hr = 0x80070003

2018-04-25 17:37:25:
同步失败...
2018-04-25 17:37:26:
173726
2018-04-25 17:38:53:
指定文件路径下未找到相应数据库文件!音乐#data#libmysqld1#
2018-04-25 17:38:53:
! Failed to open file named () to transfer to device, hr = 0x80070003

2018-04-25 17:38:53:
同步失败...
2018-04-25 17:39:18:
--------------程序启动!--------------
2018-04-25 17:39:21:
173921
2018-04-25 17:39:27:
正在同步...
2018-04-25 17:39:28:
The file './/libmysqld1.dll' was transferred to the device.
The newly created object's ID is 'o8F232'

2018-04-25 17:39:28:
同步完成...
2018-04-25 17:39:28:
173928
2018-04-25 17:40:14:
174014
2018-04-25 17:40:15:
正在同步...
2018-04-25 17:40:17:
The file './/libmysqld1.dll' was transferred to the device.
The newly created object's ID is 'o8F233'

2018-04-25 17:40:17:
同步完成...
2018-04-25 17:40:17:
174017
2018-04-25 17:40:56:
174056
2018-04-25 17:40:58:
正在同步...
2018-04-25 17:40:59:
The file './/libmysqld1.dll' was transferred to the device.
The newly created object's ID is 'o8F234'

2018-04-25 17:40:59:
同步完成...
2018-04-25 17:40:59:
174059
2018-04-25 17:41:24:
174124
2018-04-25 17:41:25:
正在同步...
2018-04-25 17:41:27:
The file './/libmysqld1.dll' was transferred to the device.
The newly created object's ID is 'o8F235'

2018-04-25 17:41:27:
同步完成...
2018-04-25 17:41:27:
174127
2018-04-25 17:42:19:
--------------程序结束!--------------
