2018-04-25 14:10:47:
--------------程序启动!--------------
2018-04-25 14:11:37:
请解锁手机,再重试!----
2018-04-25 14:11:37:
同步失败...
2018-04-25 14:12:03:
正在同步...
2018-04-25 14:12:45:
操作过于频繁!
2018-04-25 14:12:52:
--------------程序启动!--------------
2018-04-25 14:13:03:
操作过于频繁!
2018-04-25 14:13:04:
操作过于频繁!
2018-04-25 14:13:04:
操作过于频繁!
2018-04-25 14:13:04:
操作过于频繁!
2018-04-25 14:13:04:
操作过于频繁!
2018-04-25 14:14:03:
--------------程序启动!--------------
2018-04-25 14:14:21:
--------------程序启动!--------------
2018-04-25 14:14:28:
请选择一项设备
2018-04-25 14:14:28:
同步失败...
2018-04-25 14:21:31:
--------------程序启动!--------------
2018-04-25 14:21:47:
正在同步...
2018-04-25 14:22:41:
--------------程序启动!--------------
2018-04-25 14:22:53:
--------------程序启动!--------------
2018-04-25 14:25:52:
--------------程序启动!--------------
2018-04-25 14:32:09:
请解锁手机,再重试!----
2018-04-25 14:32:09:
同步失败...
2018-04-25 14:32:35:
请解锁手机,再重试!----
2018-04-25 14:32:35:
同步失败...
2018-04-25 14:32:40:
请解锁手机,再重试!----
2018-04-25 14:32:40:
同步失败...
2018-04-25 14:34:56:
--------------程序启动!--------------
2018-04-25 14:41:06:
--------------程序启动!--------------
2018-04-25 14:41:48:
指定文件路径下未找到相应数据库文件!音乐#data#phone#
2018-04-25 14:41:48:
同步失败...
2018-04-25 14:42:05:
指定文件路径下未找到相应数据库文件!音乐#data#phone#
2018-04-25 14:42:05:
同步失败...
2018-04-25 14:43:24:
正在同步...
2018-04-25 14:44:01:
--------------程序启动!--------------
2018-04-25 14:44:57:
请解锁手机,再重试!----
2018-04-25 14:44:57:
同步失败...
2018-04-25 14:45:08:
指定文件路径下未找到相应数据库文件!音乐#data#phone#
2018-04-25 14:45:08:
同步失败...
2018-04-25 14:46:39:
正在同步...
2018-04-25 14:47:07:
! Failed to transfer object to device, hr = 0x80070002

2018-04-25 14:47:07:
同步失败...
2018-04-25 14:48:03:
正在同步...
2018-04-25 14:51:44:
--------------程序启动!--------------
2018-04-25 14:51:46:
指定文件路径下未找到相应数据库文件!音乐#data#phone#
2018-04-25 14:51:46:
同步失败...
2018-04-25 14:52:07:
正在同步...
2018-04-25 14:52:07:
同步完成...
2018-04-25 14:52:08:
正在同步...
2018-04-25 14:52:08:
同步完成...
2018-04-25 14:52:09:
正在同步...
2018-04-25 14:52:09:
同步完成...
2018-04-25 14:52:10:
正在同步...
2018-04-25 14:52:10:
同步完成...
2018-04-25 14:52:10:
正在同步...
2018-04-25 14:52:10:
同步完成...
2018-04-25 14:52:11:
正在同步...
2018-04-25 14:52:11:
同步完成...
2018-04-25 14:52:11:
正在同步...
2018-04-25 14:52:11:
同步完成...
2018-04-25 14:52:13:
正在同步...
2018-04-25 14:52:13:
同步完成...
2018-04-25 14:52:14:
正在同步...
2018-04-25 14:52:14:
同步完成...
2018-04-25 14:52:15:
正在同步...
2018-04-25 14:52:15:
同步完成...
2018-04-25 14:52:17:
正在同步...
2018-04-25 14:52:17:
同步完成...
2018-04-25 14:52:20:
正在同步...
2018-04-25 14:52:20:
同步完成...
2018-04-25 14:52:23:
正在同步...
2018-04-25 14:52:23:
同步完成...
2018-04-25 14:52:24:
正在同步...
2018-04-25 14:52:24:
同步完成...
2018-04-25 14:52:28:
正在同步...
2018-04-25 14:52:28:
同步完成...
2018-04-25 14:52:29:
正在同步...
2018-04-25 14:52:29:
同步完成...
2018-04-25 14:52:31:
正在同步...
2018-04-25 14:52:31:
同步完成...
2018-04-25 14:52:33:
正在同步...
2018-04-25 14:52:33:
同步完成...
2018-04-25 14:54:44:
--------------程序启动!--------------
2018-04-25 14:54:46:
指定文件路径下未找到相应数据库文件!音乐#data#phone#
2018-04-25 14:54:46:
同步失败...
2018-04-25 14:55:19:
--------------程序启动!--------------
2018-04-25 14:55:22:
指定文件路径下未找到相应数据库文件!音乐#data#phone#
2018-04-25 14:55:22:
同步失败...
2018-04-25 14:55:27:
指定文件路径下未找到相应数据库文件!音乐#data#phone#
2018-04-25 14:56:06:
--------------程序启动!--------------
2018-04-25 14:56:08:
指定文件路径下未找到相应数据库文件!音乐#data#phone#
2018-04-25 14:56:15:
! Failed to open file named () to transfer to device, hr = 0x80070003

2018-04-25 14:56:15:
同步失败...
2018-04-25 14:56:26:
指定文件路径下未找到相应数据库文件!音乐#data#phone#
2018-04-25 14:57:11:
--------------程序启动!--------------
2018-04-25 14:57:13:
指定文件路径下未找到相应数据库文件!音乐#data#phone#
2018-04-25 14:57:22:
The file './/phone.db' was transferred to the device.
The newly created object's ID is 'o8F1E1'

2018-04-25 14:57:22:
同步完成...
2018-04-25 14:57:39:
正在同步...
2018-04-25 14:57:39:
! Failed to transfer object to device, hr = 0x80004005

2018-04-25 14:57:39:
同步失败...
2018-04-25 14:57:40:
正在同步...
2018-04-25 14:57:40:
! Failed to transfer object to device, hr = 0x80004005

2018-04-25 14:57:40:
同步失败...
2018-04-25 14:57:46:
指定文件路径下未找到相应数据库文件!音乐#data#phone#
2018-04-25 14:57:46:
! Failed to open file named (.//phone.db) to transfer to device, hr = 0x80070002

2018-04-25 14:57:46:
同步失败...
2018-04-25 14:57:54:
指定文件路径下未找到相应数据库文件!音乐#data#phone#
2018-04-25 14:57:54:
! Failed to open file named (.//phone.db) to transfer to device, hr = 0x80070002

2018-04-25 14:57:54:
同步失败...
2018-04-25 14:58:03:
指定文件路径下未找到相应数据库文件!音乐#data#phone#
2018-04-25 14:58:24:
! Failed to open file named (.//phone.db) to transfer to device, hr = 0x80070002

2018-04-25 14:58:24:
同步失败...
2018-04-25 14:59:23:
指定文件路径下未找到相应数据库文件!音乐#data#phone#
2018-04-25 14:59:37:
--------------程序启动!--------------
2018-04-25 14:59:40:
正在同步...
2018-04-25 14:59:40:
! Failed to transfer object to device, hr = 0x80004005

2018-04-25 14:59:40:
同步失败...
2018-04-25 14:59:51:
指定文件路径下未找到相应数据库文件!音乐#data#phone#
2018-04-25 14:59:52:
The file './/phone.db' was transferred to the device.
The newly created object's ID is 'o8F1E3'

2018-04-25 14:59:52:
同步完成...
2018-04-25 14:59:59:
指定文件路径下未找到相应数据库文件!音乐#data#phone#
2018-04-25 14:59:59:
The file './/phone.db' was transferred to the device.
The newly created object's ID is 'o8F1E4'

2018-04-25 14:59:59:
同步完成...
