2018-04-25 09:18:33:
--------------程序启动!--------------
2018-04-25 09:18:35:
设备连接失败,获取设备失败!
2018-04-25 09:18:53:
设备连接失败,获取设备失败!
2018-04-25 09:18:57:
请解锁手机,再重试!----音乐#data#phone#
2018-04-25 09:19:02:
设备连接失败,获取设备失败!
2018-04-25 09:19:07:
设备连接失败,获取设备失败!
2018-04-25 09:19:21:
设备连接失败,获取设备失败!
2018-04-25 09:19:41:
--------------程序结束!--------------
2018-04-25 09:20:07:
--------------程序启动!--------------
2018-04-25 09:20:24:
设备连接失败,获取设备失败!
2018-04-25 09:20:24:
...同步完成
2018-04-25 09:20:36:
设备连接失败,获取设备失败!
2018-04-25 09:20:36:
...同步完成
2018-04-25 09:20:45:
设备连接失败,获取设备失败!
2018-04-25 09:20:45:
...同步完成
2018-04-25 09:21:27:
设备连接失败,获取设备失败!
2018-04-25 09:21:27:
...同步完成
2018-04-25 09:22:43:
设备连接失败,获取设备失败!
2018-04-25 09:22:43:
...同步完成
2018-04-25 09:23:12:
正在同步...
2018-04-25 09:23:12:
...同步完成
2018-04-25 09:23:18:
正在同步...
2018-04-25 09:23:18:
...同步完成
2018-04-25 09:23:29:
正在同步...
2018-04-25 09:23:29:
...同步完成
2018-04-25 09:23:33:
正在同步...
2018-04-25 09:23:33:
...同步完成
2018-04-25 09:23:41:
设备连接失败,获取设备失败!
2018-04-25 09:23:41:
...同步完成
2018-04-25 09:23:52:
请解锁手机,再重试!----音乐#data#phone#
2018-04-25 09:23:52:
...同步完成
2018-04-25 09:23:57:
正在同步...
2018-04-25 09:23:57:
...同步完成
2018-04-25 09:24:35:
--------------程序启动!--------------
2018-04-25 09:24:43:
正在同步...
2018-04-25 09:24:43:
同步结束...
