2018-04-25 10:07:54:
--------------程序启动!--------------
2018-04-25 10:08:05:
--------------程序启动!--------------
2018-04-25 10:08:37:
设备连接失败,获取设备失败!
2018-04-25 10:09:39:
--------------程序启动!--------------
2018-04-25 10:09:47:
设备连接失败,获取设备失败!
2018-04-25 10:09:47:
同步失败...
2018-04-25 10:10:09:
请解锁手机,再重试!----音乐#data#phone#
2018-04-25 10:10:09:
同步失败...
2018-04-25 10:10:16:
正在同步...
2018-04-25 10:11:03:
! Failed to open file named (.//phone.db) to transfer to device, hr = 0x80070002

2018-04-25 10:11:09:
同步失败...
2018-04-25 10:11:31:
操作过于频繁!
2018-04-25 10:11:40:
操作过于频繁!
2018-04-25 10:12:11:
--------------程序启动!--------------
2018-04-25 10:12:21:
操作过于频繁!
2018-04-25 10:12:25:
--------------程序启动!--------------
2018-04-25 10:13:44:
--------------程序启动!--------------
2018-04-25 10:15:36:
--------------程序启动!--------------
2018-04-25 10:15:46:
设备连接失败,获取设备失败!
2018-04-25 10:15:46:
同步失败...
2018-04-25 10:16:00:
请解锁手机,再重试!----音乐#data#phone#
2018-04-25 10:16:00:
同步失败...
2018-04-25 10:16:39:
请解锁手机,再重试!----音乐#data#phone#
2018-04-25 10:16:39:
同步失败...
2018-04-25 10:16:50:
请解锁手机,再重试!----音乐#data#phone#
2018-04-25 10:16:50:
同步失败...
2018-04-25 10:16:55:
请解锁手机,再重试!----音乐#data#phone#
2018-04-25 10:16:55:
同步失败...
2018-04-25 10:17:28:
请解锁手机,再重试!----音乐#data#phone#
2018-04-25 10:17:28:
同步失败...
2018-04-25 10:20:04:
--------------程序启动!--------------
2018-04-25 10:20:09:
正在同步...
2018-04-25 10:20:09:
The file './/phone.db' was transferred to the device.
The newly created object's ID is 'o8F1D8'

2018-04-25 10:20:09:
同步完成...
2018-04-25 10:20:21:
操作过于频繁!
2018-04-25 10:20:37:
操作过于频繁!
2018-04-25 10:21:02:
请解锁手机,再重试!----
2018-04-25 10:21:02:
同步失败...
2018-04-25 10:23:24:
设备连接失败,获取设备失败!
2018-04-25 10:23:24:
同步失败...
2018-04-25 10:23:52:
请解锁手机,再重试!----
2018-04-25 10:23:52:
同步失败...
2018-04-25 10:23:59:
正在同步...
2018-04-25 10:23:59:
The file './/phone.db' was transferred to the device.
The newly created object's ID is 'o8F1D9'

2018-04-25 10:23:59:
同步完成...
2018-04-25 10:32:52:
请解锁手机,再重试!----
2018-04-25 10:32:52:
同步失败...
2018-04-25 10:34:06:
--------------程序启动!--------------
2018-04-25 10:34:11:
正在同步...
2018-04-25 10:34:11:
The file './/phone.db' was transferred to the device.
The newly created object's ID is 'o8F1DA'

2018-04-25 10:34:11:
同步完成...
2018-04-25 10:36:14:
操作过于频繁!
2018-04-25 10:46:07:
--------------程序启动!--------------
2018-04-25 10:47:23:
操作过于频繁!
2018-04-25 10:52:15:
正在同步...
2018-04-25 10:52:15:
The file './/phone.db' was transferred to the device.
The newly created object's ID is 'o8F1DB'

2018-04-25 10:52:15:
同步完成...
