2018-04-25 16:08:37:
--------------程序启动!--------------
2018-04-25 16:08:55:
--------------程序启动!--------------
2018-04-25 16:09:00:
操作过于频繁!
2018-04-25 16:09:05:
请解锁手机,再重试!----
2018-04-25 16:09:05:
同步失败...
2018-04-25 16:09:10:
正在同步...
2018-04-25 16:09:10:
The file './/phone.db' was transferred to the device.
The newly created object's ID is 'o8F205'

2018-04-25 16:09:10:
同步完成...
2018-04-25 16:09:21:
请解锁手机,再重试!----
2018-04-25 16:09:21:
同步失败...
2018-04-25 16:09:59:
请选择一项设备
2018-04-25 16:09:59:
同步失败...
2018-04-25 16:10:02:
正在同步...
2018-04-25 16:10:02:
The file './/phone.db' was transferred to the device.
The newly created object's ID is 'o8F206'

2018-04-25 16:10:02:
同步完成...
2018-04-25 16:17:08:
--------------程序启动!--------------
2018-04-25 16:17:32:
正在同步...
2018-04-25 16:17:32:

2018-04-25 16:17:32:
同步失败...
2018-04-25 16:21:05:
请选择一项设备
2018-04-25 16:21:05:
同步失败...
2018-04-25 16:21:07:
指定文件路径下未找到相应数据库文件!音乐#data#phone#
2018-04-25 16:21:07:

2018-04-25 16:21:07:
同步失败...
2018-04-25 16:21:25:
正在同步...
2018-04-25 16:21:25:

2018-04-25 16:21:25:
同步失败...
2018-04-25 16:24:25:
--------------程序启动!--------------
2018-04-25 16:24:34:
请解锁手机,再重试!----
2018-04-25 16:24:34:
同步失败...
2018-04-25 16:25:02:
请选择一项设备
2018-04-25 16:25:02:
同步失败...
2018-04-25 16:25:04:
正在同步...
2018-04-25 16:25:04:

2018-04-25 16:25:04:
同步失败...
2018-04-25 16:26:03:
操作过于频繁!
2018-04-25 16:26:14:
请解锁手机,再重试!----
2018-04-25 16:26:14:
同步失败...
2018-04-25 16:26:21:
--------------程序结束!--------------
2018-04-25 16:27:10:
--------------程序启动!--------------
2018-04-25 16:27:12:
指定文件路径下未找到相应数据库文件!音乐#data#phone#
2018-04-25 16:27:13:
The file './/phone.db' was transferred to the device.
The newly created object's ID is 'o8F209'

2018-04-25 16:27:13:
同步完成...
2018-04-25 16:27:26:
指定文件路径下未找到相应数据库文件!音乐#data#phone#
2018-04-25 16:27:26:
The file './/phone.db' was transferred to the device.
The newly created object's ID is 'o8F20A'

2018-04-25 16:27:26:
同步完成...
2018-04-25 16:27:32:
指定文件路径下未找到相应数据库文件!音乐#data#phone#
2018-04-25 16:27:33:
The file './/phone.db' was transferred to the device.
The newly created object's ID is 'o8F20B'

2018-04-25 16:27:33:
同步完成...
2018-04-25 16:27:41:
指定文件路径下未找到相应数据库文件!音乐#data#phone#
2018-04-25 16:27:41:
The file './/phone.db' was transferred to the device.
The newly created object's ID is 'o8F20C'

2018-04-25 16:27:41:
同步完成...
2018-04-25 16:27:53:
指定文件路径下未找到相应数据库文件!音乐#data#phone#
2018-04-25 16:27:53:
The file './/phone.db' was transferred to the device.
The newly created object's ID is 'o8F20D'

2018-04-25 16:27:53:
同步完成...
2018-04-25 16:28:05:
正在同步...
2018-04-25 16:28:05:
! Failed to transfer object to device, hr = 0x80004005

2018-04-25 16:28:05:
同步失败...
2018-04-25 16:28:07:
正在同步...
2018-04-25 16:28:07:
! Failed to transfer object to device, hr = 0x80004005

2018-04-25 16:28:07:
同步失败...
2018-04-25 16:28:12:
指定文件路径下未找到相应数据库文件!音乐#data#phone#
2018-04-25 16:28:12:
The file './/phone.db' was transferred to the device.
The newly created object's ID is 'o8F20E'

2018-04-25 16:28:12:
同步完成...
2018-04-25 16:28:19:
正在同步...
2018-04-25 16:28:19:
! Failed to transfer object to device, hr = 0x80004005

2018-04-25 16:28:19:
同步失败...
2018-04-25 16:28:26:
正在同步...
2018-04-25 16:28:26:
! Failed to transfer object to device, hr = 0x80004005

2018-04-25 16:28:26:
同步失败...
2018-04-25 16:28:26:
正在同步...
2018-04-25 16:28:26:
! Failed to transfer object to device, hr = 0x80004005

2018-04-25 16:28:26:
同步失败...
2018-04-25 16:28:26:
正在同步...
2018-04-25 16:28:26:
! Failed to transfer object to device, hr = 0x80004005

2018-04-25 16:28:26:
同步失败...
2018-04-25 16:28:27:
操作过于频繁!
2018-04-25 16:28:27:
正在同步...
2018-04-25 16:28:27:
! Failed to transfer object to device, hr = 0x80004005

2018-04-25 16:28:27:
同步失败...
2018-04-25 16:28:27:
正在同步...
2018-04-25 16:28:27:
操作过于频繁!
2018-04-25 16:28:27:
! Failed to transfer object to device, hr = 0x80004005

2018-04-25 16:28:27:
同步失败...
2018-04-25 16:28:28:
正在同步...
2018-04-25 16:28:28:
! Failed to transfer object to device, hr = 0x80004005

2018-04-25 16:28:28:
同步失败...
2018-04-25 16:28:28:
正在同步...
2018-04-25 16:28:28:
! Failed to transfer object to device, hr = 0x80004005

2018-04-25 16:28:28:
同步失败...
2018-04-25 16:28:28:
正在同步...
2018-04-25 16:28:28:
! Failed to transfer object to device, hr = 0x80004005

2018-04-25 16:28:28:
同步失败...
2018-04-25 16:28:28:
正在同步...
2018-04-25 16:28:28:
! Failed to transfer object to device, hr = 0x80004005

2018-04-25 16:28:28:
同步失败...
2018-04-25 16:28:28:
正在同步...
2018-04-25 16:28:28:
! Failed to transfer object to device, hr = 0x80004005

2018-04-25 16:28:28:
同步失败...
2018-04-25 16:28:36:
指定文件路径下未找到相应数据库文件!音乐#data#phone#
2018-04-25 16:28:36:
The file './/phone.db' was transferred to the device.
The newly created object's ID is 'o8F20F'

2018-04-25 16:28:36:
同步完成...
2018-04-25 16:33:34:
软件重复启动,失败!
2018-04-25 16:33:34:
--------------程序启动!--------------
2018-04-25 16:33:38:
--------------程序结束!--------------
2018-04-25 16:33:41:
指定文件路径下未找到相应数据库文件!音乐#data#phone#
2018-04-25 16:33:41:
The file './/phone.db' was transferred to the device.
The newly created object's ID is 'o8F210'

2018-04-25 16:33:41:
同步完成...
2018-04-25 16:34:24:
--------------程序启动!--------------
2018-04-25 16:34:26:
正在同步...
2018-04-25 16:36:31:
! Failed to transfer object to device, hr = 0x80070002

2018-04-25 16:36:31:
同步失败...
2018-04-25 16:36:42:
指定文件路径下未找到相应数据库文件!音乐#data#phone#
2018-04-25 16:36:42:
The file './/phone.db' was transferred to the device.
The newly created object's ID is 'o8F211'

2018-04-25 16:36:42:
同步完成...
2018-04-25 16:36:52:
正在同步...
2018-04-25 16:36:52:
The file './/phone.db' was transferred to the device.
The newly created object's ID is 'o8F212'

2018-04-25 16:36:52:
同步完成...
2018-04-25 16:38:16:
--------------程序结束!--------------
2018-04-25 16:38:21:
--------------程序启动!--------------
2018-04-25 16:38:32:
--------------程序结束!--------------
2018-04-25 16:38:37:
--------------程序启动!--------------
2018-04-25 16:40:25:
--------------程序结束!--------------
2018-04-25 16:40:53:
--------------程序启动!--------------
2018-04-25 16:41:03:
正在同步...
2018-04-25 16:41:03:
The file './/phone.db' was transferred to the device.
The newly created object's ID is 'o8F213'

2018-04-25 16:41:03:
同步完成...
2018-04-25 16:42:37:
正在同步...
2018-04-25 16:42:38:
The file './/phone.db' was transferred to the device.
The newly created object's ID is 'o8F214'

2018-04-25 16:42:38:
同步完成...
2018-04-25 16:42:45:
正在同步...
2018-04-25 16:42:46:
The file './/phone.db' was transferred to the device.
The newly created object's ID is 'o8F215'

2018-04-25 16:42:46:
同步完成...
2018-04-25 16:44:56:
正在同步...
2018-04-25 16:44:56:
The file './/phone.db' was transferred to the device.
The newly created object's ID is 'o8F216'

2018-04-25 16:44:56:
同步完成...
2018-04-25 16:44:57:
正在同步...
2018-04-25 16:44:57:
The file './/phone.db' was transferred to the device.
The newly created object's ID is 'o8F217'

2018-04-25 16:44:57:
同步完成...
2018-04-25 16:45:18:
--------------程序启动!--------------
2018-04-25 16:45:21:
正在同步...
2018-04-25 16:45:21:
The file './/phone.db' was transferred to the device.
The newly created object's ID is 'o8F218'

2018-04-25 16:45:21:
同步完成...
2018-04-25 16:45:22:
正在同步...
2018-04-25 16:45:22:
The file './/phone.db' was transferred to the device.
The newly created object's ID is 'o8F219'

2018-04-25 16:45:22:
同步完成...
2018-04-25 16:45:23:
正在同步...
2018-04-25 16:45:23:
The file './/phone.db' was transferred to the device.
The newly created object's ID is 'o8F21A'

2018-04-25 16:45:23:
同步完成...
2018-04-25 16:48:15:
正在同步...
2018-04-25 16:48:15:
The file './/phone.db' was transferred to the device.
The newly created object's ID is 'o8F21B'

2018-04-25 16:48:15:
同步完成...
2018-04-25 16:48:16:
正在同步...
2018-04-25 16:48:16:
The file './/phone.db' was transferred to the device.
The newly created object's ID is 'o8F21C'

2018-04-25 16:48:16:
同步完成...
2018-04-25 16:48:17:
正在同步...
2018-04-25 16:48:17:
The file './/phone.db' was transferred to the device.
The newly created object's ID is 'o8F21D'

2018-04-25 16:48:17:
同步完成...
2018-04-25 16:51:00:
正在同步...
2018-04-25 16:51:00:
The file './/phone.db' was transferred to the device.
The newly created object's ID is 'o8F21E'

2018-04-25 16:51:00:
同步完成...
2018-04-25 16:54:42:
--------------程序启动!--------------
2018-04-25 16:58:26:
165826
2018-04-25 16:58:26:
正在同步...
2018-04-25 16:58:26:
The file './/phone.db' was transferred to the device.
The newly created object's ID is 'o8F21F'

2018-04-25 16:58:26:
同步完成...
2018-04-25 16:58:26:
165826
2018-04-25 16:58:31:
165831
2018-04-25 16:58:31:
正在同步...
2018-04-25 16:58:31:
The file './/phone.db' was transferred to the device.
The newly created object's ID is 'o8F220'

2018-04-25 16:58:31:
同步完成...
2018-04-25 16:58:31:
165831
2018-04-25 16:58:32:
165832
2018-04-25 16:58:32:
正在同步...
2018-04-25 16:58:32:
The file './/phone.db' was transferred to the device.
The newly created object's ID is 'o8F221'

2018-04-25 16:58:32:
同步完成...
2018-04-25 16:58:32:
165832
2018-04-25 16:58:37:
165837
2018-04-25 16:58:37:
正在同步...
2018-04-25 16:58:37:
The file './/phone.db' was transferred to the device.
The newly created object's ID is 'o8F222'

2018-04-25 16:58:37:
同步完成...
2018-04-25 16:58:37:
165837
2018-04-25 16:58:39:
165839
2018-04-25 16:58:39:
正在同步...
2018-04-25 16:58:39:
The file './/phone.db' was transferred to the device.
The newly created object's ID is 'o8F223'

2018-04-25 16:58:39:
同步完成...
2018-04-25 16:58:39:
165839
2018-04-25 16:58:41:
165841
2018-04-25 16:58:41:
正在同步...
2018-04-25 16:58:41:
The file './/phone.db' was transferred to the device.
The newly created object's ID is 'o8F224'

2018-04-25 16:58:41:
同步完成...
2018-04-25 16:58:41:
165841
2018-04-25 16:58:44:
165844
2018-04-25 16:58:44:
正在同步...
2018-04-25 16:58:44:
The file './/phone.db' was transferred to the device.
The newly created object's ID is 'o8F225'

2018-04-25 16:58:44:
同步完成...
2018-04-25 16:58:44:
165844
2018-04-25 16:58:46:
165846
2018-04-25 16:58:46:
正在同步...
2018-04-25 16:58:47:
The file './/phone.db' was transferred to the device.
The newly created object's ID is 'o8F226'

2018-04-25 16:58:47:
同步完成...
2018-04-25 16:58:47:
165847
2018-04-25 16:58:48:
165848
2018-04-25 16:58:48:
正在同步...
2018-04-25 16:58:49:
The file './/phone.db' was transferred to the device.
The newly created object's ID is 'o8F227'

2018-04-25 16:58:49:
同步完成...
2018-04-25 16:58:49:
165849
2018-04-25 16:58:50:
165850
2018-04-25 16:58:51:
正在同步...
2018-04-25 16:58:51:
The file './/phone.db' was transferred to the device.
The newly created object's ID is 'o8F228'

2018-04-25 16:58:51:
同步完成...
2018-04-25 16:58:51:
165851
2018-04-25 16:59:30:
165930
2018-04-25 16:59:30:
正在同步...
2018-04-25 16:59:30:
The file './/phone.db' was transferred to the device.
The newly created object's ID is 'o8F229'

2018-04-25 16:59:30:
同步完成...
2018-04-25 16:59:30:
165930
