2018-05-08 14:52:11:
--------------程序启动!--------------
2018-05-08 14:52:42:
正在同步...
2018-05-08 14:52:42:
同步表[device_type]操作完成!
2018-05-08 14:52:43:
同步表[device_info]操作完成!
2018-05-08 14:52:43:
同步表[work_template]操作完成!
2018-05-08 14:52:43:
同步表[work_type]操作完成!
2018-05-08 14:52:43:
同步表[work_task]操作完成!
2018-05-08 14:52:43:
同步表[work_record]操作完成!
2018-05-08 14:52:43:
同步表[sys_user]操作完成!
2018-05-08 14:52:43:
The file './/safetydata.db' was transferred to the device.
The newly created object's ID is 'o936BF'

2018-05-08 14:52:43:
同步完成...
2018-05-08 14:53:28:
操作过于频繁!
2018-05-08 14:53:49:
指定文件路径下未找到相应数据库文件!Android#safetydata#
2018-05-08 14:53:49:
同步失败...
2018-05-08 14:54:58:
--------------程序结束!--------------
