2018-05-08 11:22:33:
--------------程序启动!--------------
2018-05-08 11:22:37:
正在同步...
2018-05-08 11:22:37:
同步表[device_type]操作完成!
2018-05-08 11:22:37:
同步表[device_info]操作完成!
2018-05-08 11:22:37:
同步表[work_template]操作完成!
2018-05-08 11:22:37:
同步表[work_type]操作完成!
2018-05-08 11:22:37:
同步表[work_task]操作完成!
2018-05-08 11:22:37:
同步新数据操作失败!SELECT `Id`,`DeviceId`,`WorkTaskId`,`Number`,`ProcessName`,`Results`,`SynchronState`,`CreateDate`,`Executor`,ClassName FROM `work_record` where SynchronState='0' and CreateDate >= '2017-11-09 00:00:00' and CreateDate <= '2018-05-08 11:22:37';
2018-05-08 11:22:37:
Unknown column 'Executor' in 'field list'
2018-05-08 11:22:37:
设备类型表(work_record) -同步失败!
2018-05-08 11:22:37:
同步失败...
2018-05-08 11:22:56:
正在同步...
2018-05-08 11:22:56:
同步表[device_type]操作完成!
2018-05-08 11:22:56:
同步表[device_info]操作完成!
2018-05-08 11:22:56:
同步表[work_template]操作完成!
2018-05-08 11:22:56:
同步表[work_type]操作完成!
2018-05-08 11:22:56:
同步表[work_task]操作完成!
2018-05-08 11:22:56:
同步新数据操作失败!SELECT `Id`,`DeviceId`,`WorkTaskId`,`Number`,`ProcessName`,`Results`,`SynchronState`,`CreateDate`,`Executor`,ClassName FROM `work_record` where SynchronState='0' and CreateDate >= '2017-11-09 00:00:00' and CreateDate <= '2018-05-08 11:22:56';
2018-05-08 11:22:56:
Unknown column 'Executor' in 'field list'
2018-05-08 11:22:56:
设备类型表(work_record) -同步失败!
2018-05-08 11:22:56:
同步失败...
2018-05-08 11:23:53:
--------------程序结束!--------------
2018-05-08 11:23:58:
--------------程序启动!--------------
2018-05-08 11:24:00:
正在同步...
2018-05-08 11:24:00:
同步表[device_type]操作完成!
2018-05-08 11:24:00:
同步表[device_info]操作完成!
2018-05-08 11:24:00:
没有数据需要同步,表[work_template]操作完成!
2018-05-08 11:24:00:
没有数据需要同步,表[work_template]操作完成!
2018-05-08 11:24:00:
没有数据需要同步,表[work_record]操作完成!
2018-05-08 11:24:00:
同步表[sys_user]操作完成!
2018-05-08 11:24:00:
The file './/safetydata.db' was transferred to the device.
The newly created object's ID is 'o936B3'

2018-05-08 11:24:00:
同步完成...
2018-05-08 11:24:50:
指定文件路径下未找到相应数据库文件!Android#safetydata#
2018-05-08 11:24:50:
同步失败...
2018-05-08 11:24:54:
正在同步...
2018-05-08 11:24:54:
同步表[device_type]操作完成!
2018-05-08 11:24:54:
同步表[device_info]操作完成!
2018-05-08 11:24:54:
没有数据需要同步,表[work_template]操作完成!
2018-05-08 11:24:54:
没有数据需要同步,表[work_template]操作完成!
2018-05-08 11:24:54:
没有数据需要同步,表[work_record]操作完成!
2018-05-08 11:24:54:
同步表[sys_user]操作完成!
2018-05-08 11:24:55:
The file './/safetydata.db' was transferred to the device.
The newly created object's ID is 'o936B4'

2018-05-08 11:24:55:
同步完成...
2018-05-08 11:26:01:
正在同步...
2018-05-08 11:26:01:
同步表[device_type]操作完成!
2018-05-08 11:26:01:
同步表[device_info]操作完成!
2018-05-08 11:26:01:
没有数据需要同步,表[work_template]操作完成!
2018-05-08 11:26:01:
没有数据需要同步,表[work_template]操作完成!
2018-05-08 11:26:01:
没有数据需要同步,表[work_record]操作完成!
2018-05-08 11:26:01:
同步表[sys_user]操作完成!
2018-05-08 11:26:02:
The file './/safetydata.db' was transferred to the device.
The newly created object's ID is 'o936B5'

2018-05-08 11:26:02:
同步完成...
2018-05-08 11:29:12:
--------------程序结束!--------------
2018-05-08 11:29:35:
--------------程序启动!--------------
2018-05-08 11:29:37:
正在同步...
2018-05-08 11:29:37:
同步表[device_type]操作完成!
2018-05-08 11:29:37:
同步表[device_info]操作完成!
2018-05-08 11:29:37:
没有数据需要同步,表[work_template]操作完成!
2018-05-08 11:29:37:
没有数据需要同步,表[work_template]操作完成!
2018-05-08 11:29:37:
没有数据需要同步,表[work_record]操作完成!
2018-05-08 11:29:37:
同步表[sys_user]操作完成!
2018-05-08 11:29:37:
The file './/safetydata.db' was transferred to the device.
The newly created object's ID is 'o936B6'

2018-05-08 11:29:37:
同步完成...
2018-05-08 11:30:18:
--------------程序结束!--------------
2018-05-08 11:30:28:
--------------程序启动!--------------
2018-05-08 11:30:38:
指定文件路径下未找到相应数据库文件!Android#safetydata#
2018-05-08 11:30:38:
同步失败...
2018-05-08 11:30:42:
正在同步...
2018-05-08 11:30:42:
同步表[device_type]操作完成!
2018-05-08 11:30:42:
同步表[device_info]操作完成!
2018-05-08 11:30:42:
没有数据需要同步,表[work_template]操作完成!
2018-05-08 11:30:42:
没有数据需要同步,表[work_template]操作完成!
2018-05-08 11:30:42:
同步新数据操作失败!SELECT `Id`,`DeviceId`,`WorkTaskId`,`Number`,`ProcessName`,`Results`,`SynchronState`,`CreateDate`,`Executor`,ClassName FROM `work_record` where SynchronState='0' and CreateDate >= '2017-11-09 00:00:00' and CreateDate <= '2018-05-08 11:30:42';
2018-05-08 11:30:42:
Unknown column 'Executor' in 'field list'
2018-05-08 11:30:42:
设备类型表(work_record) -同步失败!
2018-05-08 11:30:42:
同步失败...
2018-05-08 11:30:46:
正在同步...
2018-05-08 11:30:46:
同步表[device_type]操作完成!
2018-05-08 11:30:46:
同步表[device_info]操作完成!
2018-05-08 11:30:46:
没有数据需要同步,表[work_template]操作完成!
2018-05-08 11:30:46:
没有数据需要同步,表[work_template]操作完成!
2018-05-08 11:30:47:
同步新数据操作失败!SELECT `Id`,`DeviceId`,`WorkTaskId`,`Number`,`ProcessName`,`Results`,`SynchronState`,`CreateDate`,`Executor`,ClassName FROM `work_record` where SynchronState='0' and CreateDate >= '2017-11-09 00:00:00' and CreateDate <= '2018-05-08 11:30:46';
2018-05-08 11:30:47:
Unknown column 'Executor' in 'field list'
2018-05-08 11:30:47:
设备类型表(work_record) -同步失败!
2018-05-08 11:30:47:
同步失败...
2018-05-08 11:31:02:
--------------程序结束!--------------
2018-05-08 11:41:41:
--------------程序启动!--------------
2018-05-08 11:41:45:
正在同步...
2018-05-08 11:41:45:
同步表[device_type]操作完成!
2018-05-08 11:41:45:
同步表[device_info]操作完成!
2018-05-08 11:41:45:
同步表[work_template]操作完成!
2018-05-08 11:41:45:
同步表[work_type]操作完成!
2018-05-08 11:41:45:
同步表[work_task]操作完成!
2018-05-08 11:41:45:
同步表[work_record]操作完成!
2018-05-08 11:41:45:
同步表[sys_user]操作完成!
2018-05-08 11:41:45:
The file './/safetydata.db' was transferred to the device.
The newly created object's ID is 'o936B7'

2018-05-08 11:41:45:
同步完成...
2018-05-08 11:42:13:
指定文件路径下未找到相应数据库文件!Android#safetydata#
2018-05-08 11:42:13:
同步失败...
2018-05-08 11:42:16:
正在同步...
2018-05-08 11:42:17:
同步表[device_type]操作完成!
2018-05-08 11:42:17:
同步表[device_info]操作完成!
2018-05-08 11:42:17:
同步表[work_template]操作完成!
2018-05-08 11:42:17:
同步表[work_type]操作完成!
2018-05-08 11:42:17:
同步表[work_task]操作完成!
2018-05-08 11:42:17:
同步表[work_record]操作完成!
2018-05-08 11:42:17:
同步表[sys_user]操作完成!
2018-05-08 11:42:17:
更新服务端数据库 同步状态失败 -同步失败!
2018-05-08 11:42:17:
同步失败...
2018-05-08 11:42:26:
正在同步...
2018-05-08 11:42:26:
同步表[device_type]操作完成!
2018-05-08 11:42:26:
同步表[device_info]操作完成!
2018-05-08 11:42:26:
同步表[work_template]操作完成!
2018-05-08 11:42:26:
同步表[work_type]操作完成!
2018-05-08 11:42:26:
同步表[work_task]操作完成!
2018-05-08 11:42:26:
同步表[work_record]操作完成!
2018-05-08 11:42:26:
同步表[sys_user]操作完成!
2018-05-08 11:42:26:
更新服务端数据库 同步状态失败 -同步失败!
2018-05-08 11:42:26:
同步失败...
2018-05-08 11:42:43:
--------------程序结束!--------------
2018-05-08 11:42:46:
--------------程序启动!--------------
2018-05-08 11:42:48:
正在同步...
2018-05-08 11:42:48:
同步表[device_type]操作完成!
2018-05-08 11:42:48:
同步表[device_info]操作完成!
2018-05-08 11:42:48:
没有数据需要同步,表[work_template]操作完成!
2018-05-08 11:42:48:
没有数据需要同步,表[work_template]操作完成!
2018-05-08 11:42:48:
同步表[work_record]操作完成!
2018-05-08 11:42:48:
同步表[sys_user]操作完成!
2018-05-08 11:42:48:
更新服务端数据库 同步状态失败 -同步失败!
2018-05-08 11:42:48:
同步失败...
2018-05-08 11:45:31:
--------------程序结束!--------------
2018-05-08 11:45:45:
--------------程序启动!--------------
2018-05-08 11:45:47:
正在同步...
2018-05-08 11:45:47:
同步表[device_type]操作完成!
2018-05-08 11:45:47:
同步表[device_info]操作完成!
2018-05-08 11:45:47:
没有数据需要同步,表[work_template]操作完成!
2018-05-08 11:45:47:
没有数据需要同步,表[work_template]操作完成!
2018-05-08 11:45:47:
同步表[work_record]操作完成!
2018-05-08 11:45:47:
同步表[sys_user]操作完成!
2018-05-08 11:45:47:
The file './/safetydata.db' was transferred to the device.
The newly created object's ID is 'o936B8'

2018-05-08 11:45:47:
同步完成...
2018-05-08 11:46:27:
--------------程序结束!--------------
2018-05-08 11:47:39:
--------------程序启动!--------------
2018-05-08 11:47:41:
正在同步...
2018-05-08 11:47:41:
同步表[device_type]操作完成!
2018-05-08 11:47:41:
同步表[device_info]操作完成!
2018-05-08 11:47:41:
没有数据需要同步,表[work_template]操作完成!
2018-05-08 11:47:41:
没有数据需要同步,表[work_template]操作完成!
2018-05-08 11:47:41:
同步表[work_record]操作完成!
2018-05-08 11:47:41:
同步表[sys_user]操作完成!
2018-05-08 11:47:41:
The file './/safetydata.db' was transferred to the device.
The newly created object's ID is 'o936BA'

2018-05-08 11:47:41:
同步完成...
2018-05-08 11:48:52:
正在同步...
2018-05-08 11:48:52:
同步表[device_type]操作完成!
2018-05-08 11:48:52:
同步表[device_info]操作完成!
2018-05-08 11:48:52:
没有数据需要同步,表[work_template]操作完成!
2018-05-08 11:48:52:
没有数据需要同步,表[work_template]操作完成!
2018-05-08 11:48:52:
同步表[work_record]操作完成!
2018-05-08 11:48:52:
同步表[sys_user]操作完成!
2018-05-08 11:48:52:
The file './/safetydata.db' was transferred to the device.
The newly created object's ID is 'o936BB'

2018-05-08 11:48:52:
同步完成...
2018-05-08 11:49:05:
指定文件路径下未找到相应数据库文件!Android#safetydata#
2018-05-08 11:49:05:
同步失败...
2018-05-08 11:49:10:
正在同步...
2018-05-08 11:49:10:
同步表[device_type]操作完成!
2018-05-08 11:49:10:
同步表[device_info]操作完成!
2018-05-08 11:49:10:
没有数据需要同步,表[work_template]操作完成!
2018-05-08 11:49:10:
没有数据需要同步,表[work_template]操作完成!
2018-05-08 11:49:10:
同步表[work_record]操作完成!
2018-05-08 11:49:10:
同步表[sys_user]操作完成!
2018-05-08 11:49:10:
The file './/safetydata.db' was transferred to the device.
The newly created object's ID is 'o936BC'

2018-05-08 11:49:10:
同步完成...
2018-05-08 11:50:35:
指定文件路径下未找到相应数据库文件!Android#safetydata#
2018-05-08 11:50:35:
同步失败...
2018-05-08 11:51:54:
--------------程序结束!--------------
2018-05-08 11:52:22:
--------------程序启动!--------------
2018-05-08 11:52:24:
正在同步...
2018-05-08 11:52:24:
同步表[device_type]操作完成!
2018-05-08 11:52:24:
同步表[device_info]操作完成!
2018-05-08 11:52:24:
没有数据需要同步,表[work_template]操作完成!
2018-05-08 11:52:24:
没有数据需要同步,表[work_template]操作完成!
2018-05-08 11:52:24:
同步表[work_record]操作完成!
2018-05-08 11:52:24:
同步表[sys_user]操作完成!
2018-05-08 11:52:24:
The file './/safetydata.db' was transferred to the device.
The newly created object's ID is 'o936BD'

2018-05-08 11:52:24:
同步完成...
2018-05-08 11:52:41:
正在同步...
2018-05-08 11:52:41:
同步表[device_type]操作完成!
2018-05-08 11:52:41:
同步表[device_info]操作完成!
2018-05-08 11:52:41:
没有数据需要同步,表[work_template]操作完成!
2018-05-08 11:52:41:
没有数据需要同步,表[work_template]操作完成!
2018-05-08 11:52:41:
同步表[work_record]操作完成!
2018-05-08 11:52:41:
同步表[sys_user]操作完成!
2018-05-08 11:52:41:
The file './/safetydata.db' was transferred to the device.
The newly created object's ID is 'o936BE'

2018-05-08 11:52:41:
同步完成...
2018-05-08 11:53:11:
--------------程序结束!--------------
