2018-05-08 16:36:36:
--------------程序启动!--------------
2018-05-08 16:36:49:
指定文件路径下未找到相应数据库文件!Android#safetydata#
2018-05-08 16:36:49:
同步失败...
2018-05-08 16:36:53:
指定文件路径下未找到相应数据库文件!Android#safetydata#
2018-05-08 16:36:53:
同步失败...
2018-05-08 16:37:41:
正在同步...
2018-05-08 16:37:41:
同步表[device_type]操作完成!
2018-05-08 16:37:41:
同步表[device_info]操作完成!
2018-05-08 16:37:41:
同步表[work_template]操作完成!
2018-05-08 16:37:41:
同步表[work_type]操作完成!
2018-05-08 16:37:41:
同步表[work_task]操作完成!
2018-05-08 16:37:41:
同步表[work_record]操作完成!
2018-05-08 16:37:41:
同步表[sys_user]操作完成!
2018-05-08 16:37:42:
The file './/safetydata.db' was transferred to the device.
The newly created object's ID is 'o936D5'

2018-05-08 16:37:42:
同步完成...
2018-05-08 16:37:46:
操作过于频繁!
2018-05-08 16:37:55:
--------------程序结束!--------------
2018-05-08 16:41:22:
--------------程序启动!--------------
2018-05-08 16:41:24:
正在同步...
2018-05-08 16:41:24:
同步表[device_type]操作完成!
2018-05-08 16:41:25:
同步表[device_info]操作完成!
2018-05-08 16:41:25:
同步表[work_template]操作完成!
2018-05-08 16:41:25:
同步表[work_type]操作完成!
2018-05-08 16:41:25:
同步表[work_task]操作完成!
2018-05-08 16:41:25:
同步表[work_record]操作完成!
2018-05-08 16:41:25:
同步表[sys_user]操作完成!
2018-05-08 16:41:25:
The file './/safetydata.db' was transferred to the device.
The newly created object's ID is 'o936D8'

2018-05-08 16:41:25:
同步完成...
2018-05-08 16:41:34:
正在同步...
2018-05-08 16:41:34:
同步表[device_type]操作完成!
2018-05-08 16:41:34:
同步表[device_info]操作完成!
2018-05-08 16:41:34:
同步表[work_template]操作完成!
2018-05-08 16:41:34:
同步表[work_type]操作完成!
2018-05-08 16:41:34:
同步表[work_task]操作完成!
2018-05-08 16:41:34:
同步表[work_record]操作完成!
2018-05-08 16:41:34:
同步表[sys_user]操作完成!
2018-05-08 16:41:34:
The file './/safetydata.db' was transferred to the device.
The newly created object's ID is 'o936D9'

2018-05-08 16:41:34:
同步完成...
2018-05-08 16:50:33:
--------------程序结束!--------------
