2018-05-08 09:34:21:
--------------程序启动!--------------
2018-05-08 09:34:24:
正在同步...
2018-05-08 09:34:24:
同步表[device_type]操作完成!
2018-05-08 09:34:24:
同步表[device_info]操作完成!
2018-05-08 09:34:24:
同步表[work_template]操作完成!
2018-05-08 09:34:24:
同步表[work_type]操作完成!
2018-05-08 09:34:24:
同步表[work_task]操作完成!
2018-05-08 09:34:24:
同步表[work_record]操作完成!
2018-05-08 09:34:24:
同步表[sys_user]操作完成!
2018-05-08 09:34:24:
The file './/safetydata.db' was transferred to the device.
The newly created object's ID is 'o936B1'

2018-05-08 09:34:24:
同步完成...
2018-05-08 09:34:42:
操作过于频繁!
2018-05-08 09:34:43:
--------------程序结束!--------------
