2018-05-09 17:04:45:
--------------程序启动!--------------
2018-05-09 17:04:45:
开始初始化工作!
2018-05-09 17:11:46:
--------------程序启动!--------------
2018-05-09 17:11:46:
开始初始化工作!
2018-05-09 17:11:51:
--------------程序启动!--------------
2018-05-09 17:11:51:
开始初始化工作!
2018-05-09 17:17:27:
--------------程序启动!--------------
2018-05-09 17:17:27:
开始初始化工作!
2018-05-09 17:19:32:
--------------程序启动!--------------
2018-05-09 17:19:32:
开始初始化工作!
2018-05-09 17:23:25:
--------------程序启动!--------------
2018-05-09 17:23:25:
开始初始化工作!
2018-05-09 17:36:07:
--------------程序启动!--------------
2018-05-09 17:36:07:
开始初始化工作!
2018-05-09 17:36:07:
配置文件初始化成功!
2018-05-09 17:36:14:
Unknown MySQL server host 'EC92B436ACD3929A829CD58DD8640D3C' (0)
2018-05-09 17:36:14:
mysql数据库连接失败,请确保连接无误并重启软件!
2018-05-09 17:41:31:
--------------程序启动!--------------
2018-05-09 17:41:35:
开始初始化工作!
2018-05-09 17:41:35:
配置文件初始化成功!
2018-05-09 17:45:33:
174533
2018-05-09 17:45:33:
正在同步...
2018-05-09 17:45:33:
同步表[device_type]操作完成!
2018-05-09 17:45:33:
同步表[device_info]操作完成!
2018-05-09 17:45:34:
同步表[work_template]操作完成!
2018-05-09 17:45:34:
同步表[work_type]操作完成!
2018-05-09 17:45:34:
同步表[work_task]操作完成!
2018-05-09 17:48:53:
--------------程序启动!--------------
2018-05-09 17:48:53:
开始初始化工作!
2018-05-09 17:48:53:
配置文件初始化成功!
2018-05-09 17:48:58:
174858
2018-05-09 17:48:58:
正在同步...
2018-05-09 17:48:58:
同步表[device_type]操作完成!
2018-05-09 17:48:58:
同步表[device_info]操作完成!
2018-05-09 17:48:58:
没有数据需要同步,表[work_template]操作完成!
2018-05-09 17:48:58:
没有数据需要同步,表[work_template]操作完成!
2018-05-09 17:48:58:
同步表[work_record]操作完成!
2018-05-09 17:48:58:
同步表[sys_user]操作完成!
2018-05-09 17:48:58:
The file './/safetydata.db' was transferred to the device.
The newly created object's ID is 'o93F0A'

2018-05-09 17:48:58:
同步完成...
2018-05-09 17:48:58:
174858
2018-05-09 17:51:41:
175141
2018-05-09 17:51:41:
正在同步...
2018-05-09 17:51:41:
同步表[device_type]操作完成!
2018-05-09 17:51:53:
同步表[device_info]操作完成!
2018-05-09 17:51:53:
没有数据需要同步,表[work_template]操作完成!
2018-05-09 17:51:53:
没有数据需要同步,表[work_template]操作完成!
2018-05-09 17:52:27:
同步表[work_record]操作完成!
2018-05-09 17:52:27:
同步表[sys_user]操作完成!
2018-05-09 17:52:27:
The file './/safetydata.db' was transferred to the device.
The newly created object's ID is 'o93F0C'

2018-05-09 17:52:27:
同步完成...
2018-05-09 17:52:27:
175227
2018-05-09 17:53:59:
--------------程序启动!--------------
2018-05-09 17:53:59:
开始初始化工作!
2018-05-09 17:53:59:
配置文件初始化成功!
2018-05-09 17:54:03:
175403
2018-05-09 17:54:03:
正在同步...
2018-05-09 17:54:03:
同步表[device_type]操作完成!
2018-05-09 17:54:03:
同步表[device_info]操作完成!
2018-05-09 17:54:03:
没有数据需要同步,表[work_template]操作完成!
2018-05-09 17:54:03:
没有数据需要同步,表[work_template]操作完成!
2018-05-09 17:54:03:
同步表[work_record]操作完成!
2018-05-09 17:54:03:
同步表[sys_user]操作完成!
2018-05-09 17:54:03:
The file './/safetydata.db' was transferred to the device.
The newly created object's ID is 'o93F0E'

2018-05-09 17:54:03:
同步完成...
2018-05-09 17:54:03:
175403
2018-05-09 17:55:33:
175533
2018-05-09 17:55:33:
正在同步...
2018-05-09 17:55:33:
同步表[device_type]操作完成!
2018-05-09 17:55:33:
同步表[device_info]操作完成!
2018-05-09 17:55:33:
没有数据需要同步,表[work_template]操作完成!
2018-05-09 17:55:33:
没有数据需要同步,表[work_template]操作完成!
2018-05-09 17:58:40:
--------------程序启动!--------------
2018-05-09 17:58:40:
开始初始化工作!
2018-05-09 17:58:40:
配置文件初始化成功!
2018-05-09 17:58:44:
175844
2018-05-09 17:58:44:
正在同步...
2018-05-09 17:58:44:
同步表[device_type]操作完成!
2018-05-09 17:58:48:
同步表[device_info]操作完成!
2018-05-09 17:58:48:
没有数据需要同步,表[work_template]操作完成!
2018-05-09 17:58:48:
没有数据需要同步,表[work_template]操作完成!
2018-05-09 17:59:11:
从phone更新记录数据服务端work_record失败!
2018-05-09 17:59:11:

2018-05-09 17:59:11:
设备类型表(work_record) -同步失败!
2018-05-09 17:59:11:
同步表[sys_user]操作完成!
2018-05-09 17:59:13:
同步失败...
