2018-05-09 15:43:21:
--------------程序启动!--------------
2018-05-09 15:44:24:
154424
2018-05-09 15:44:38:
丢失数据库文件,请确保文件存在!----
2018-05-09 15:44:38:
同步失败...
2018-05-09 15:44:41:
154441
2018-05-09 15:44:56:
丢失数据库文件,请确保文件存在!----
2018-05-09 15:44:56:
同步失败...
2018-05-09 15:44:59:
154459
2018-05-09 15:45:08:
--------------程序结束!--------------
2018-05-09 15:46:09:
--------------程序启动!--------------
2018-05-09 15:47:26:
--------------程序启动!--------------
2018-05-09 15:48:46:
--------------程序启动!--------------
2018-05-09 15:52:49:
155249
2018-05-09 15:53:26:
--------------程序启动!--------------
2018-05-09 15:53:44:
--------------程序启动!--------------
2018-05-09 15:54:34:
--------------程序启动!--------------
2018-05-09 15:58:00:
--------------程序启动!--------------
2018-05-09 15:59:49:
--------------程序启动!--------------
