2018-05-09 10:09:35:
--------------程序启动!--------------
2018-05-09 10:09:48:
100948
2018-05-09 10:09:48:
正在同步...
2018-05-09 10:09:48:
同步失败...
2018-05-09 10:09:49:
100949
2018-05-09 10:09:50:
正在同步...
2018-05-09 10:09:50:
同步失败...
2018-05-09 10:09:51:
100951
2018-05-09 10:09:51:
正在同步...
2018-05-09 10:09:51:
同步失败...
2018-05-09 10:09:51:
100951
2018-05-09 10:09:52:
正在同步...
2018-05-09 10:09:52:
同步失败...
2018-05-09 10:09:52:
100952
2018-05-09 10:09:53:
正在同步...
2018-05-09 10:09:53:
同步失败...
2018-05-09 10:09:53:
100953
2018-05-09 10:09:53:
正在同步...
2018-05-09 10:09:53:
同步失败...
2018-05-09 10:09:54:
100954
2018-05-09 10:09:54:
正在同步...
2018-05-09 10:09:54:
同步失败...
2018-05-09 10:09:55:
100955
2018-05-09 10:09:55:
正在同步...
2018-05-09 10:09:55:
同步失败...
2018-05-09 10:09:56:
100956
2018-05-09 10:09:56:
正在同步...
2018-05-09 10:09:56:
同步失败...
2018-05-09 10:09:57:
100957
2018-05-09 10:09:57:
正在同步...
2018-05-09 10:09:57:
同步失败...
2018-05-09 10:09:58:
100958
2018-05-09 10:09:58:
正在同步...
2018-05-09 10:09:58:
同步失败...
2018-05-09 10:09:59:
100959
2018-05-09 10:09:59:
正在同步...
2018-05-09 10:09:59:
同步失败...
2018-05-09 10:10:00:
101000
2018-05-09 10:10:00:
正在同步...
2018-05-09 10:10:00:
同步失败...
2018-05-09 10:10:01:
101001
2018-05-09 10:10:01:
正在同步...
2018-05-09 10:10:01:
同步失败...
2018-05-09 10:10:02:
101002
2018-05-09 10:10:02:
正在同步...
2018-05-09 10:10:02:
同步失败...
2018-05-09 10:10:10:
101010
2018-05-09 10:10:10:
正在同步...
2018-05-09 10:10:10:
同步失败...
2018-05-09 10:10:12:
101012
2018-05-09 10:10:12:
正在同步...
2018-05-09 10:10:12:
同步失败...
2018-05-09 10:10:13:
101013
2018-05-09 10:10:13:
正在同步...
2018-05-09 10:10:13:
同步失败...
2018-05-09 10:10:14:
101014
2018-05-09 10:10:14:
正在同步...
2018-05-09 10:10:14:
同步失败...
2018-05-09 10:10:19:
101019
2018-05-09 10:10:19:
正在同步...
2018-05-09 10:10:19:
同步失败...
2018-05-09 10:10:22:
101022
2018-05-09 10:10:22:
正在同步...
2018-05-09 10:10:22:
同步失败...
2018-05-09 10:10:38:
--------------程序启动!--------------
2018-05-09 10:10:45:
101045
2018-05-09 10:10:45:
正在同步...
2018-05-09 10:10:46:
The file './/safetydata.db' was transferred to the device.
The newly created object's ID is 'o93700'

2018-05-09 10:10:46:
同步完成...
2018-05-09 10:10:46:
101046
2018-05-09 10:10:47:
101047
2018-05-09 10:10:47:
正在同步...
2018-05-09 10:10:47:
The file './/safetydata.db' was transferred to the device.
The newly created object's ID is 'o93701'

2018-05-09 10:10:47:
同步完成...
2018-05-09 10:10:47:
101047
2018-05-09 10:10:49:
101049
2018-05-09 10:10:49:
正在同步...
2018-05-09 10:10:49:
The file './/safetydata.db' was transferred to the device.
The newly created object's ID is 'o93702'

2018-05-09 10:10:49:
同步完成...
2018-05-09 10:10:49:
101049
2018-05-09 10:10:50:
101050
2018-05-09 10:10:50:
正在同步...
2018-05-09 10:10:50:
The file './/safetydata.db' was transferred to the device.
The newly created object's ID is 'o93703'

2018-05-09 10:10:50:
同步完成...
2018-05-09 10:10:50:
101050
2018-05-09 10:10:53:
101053
2018-05-09 10:10:53:
正在同步...
2018-05-09 10:10:53:
The file './/safetydata.db' was transferred to the device.
The newly created object's ID is 'o93704'

2018-05-09 10:10:53:
同步完成...
2018-05-09 10:10:53:
101053
2018-05-09 10:10:54:
101054
2018-05-09 10:10:54:
正在同步...
2018-05-09 10:10:54:
The file './/safetydata.db' was transferred to the device.
The newly created object's ID is 'o93705'

2018-05-09 10:10:54:
同步完成...
2018-05-09 10:10:54:
101054
2018-05-09 10:10:55:
101055
2018-05-09 10:10:55:
正在同步...
2018-05-09 10:10:55:
The file './/safetydata.db' was transferred to the device.
The newly created object's ID is 'o93706'

2018-05-09 10:10:55:
同步完成...
2018-05-09 10:10:55:
101055
2018-05-09 10:10:56:
101056
2018-05-09 10:10:56:
正在同步...
2018-05-09 10:10:56:
The file './/safetydata.db' was transferred to the device.
The newly created object's ID is 'o93707'

2018-05-09 10:10:56:
同步完成...
2018-05-09 10:10:56:
101056
2018-05-09 10:10:56:
101056
2018-05-09 10:10:56:
正在同步...
2018-05-09 10:10:56:
The file './/safetydata.db' was transferred to the device.
The newly created object's ID is 'o93708'

2018-05-09 10:10:56:
同步完成...
2018-05-09 10:10:56:
101056
2018-05-09 10:10:59:
101059
2018-05-09 10:10:59:
正在同步...
2018-05-09 10:10:59:
The file './/safetydata.db' was transferred to the device.
The newly created object's ID is 'o93709'

2018-05-09 10:10:59:
同步完成...
2018-05-09 10:10:59:
101059
2018-05-09 10:11:00:
101100
2018-05-09 10:11:00:
正在同步...
2018-05-09 10:11:00:
The file './/safetydata.db' was transferred to the device.
The newly created object's ID is 'o9370A'

2018-05-09 10:11:00:
同步完成...
2018-05-09 10:11:00:
101100
2018-05-09 10:11:01:
101101
2018-05-09 10:11:01:
正在同步...
2018-05-09 10:11:02:
The file './/safetydata.db' was transferred to the device.
The newly created object's ID is 'o9370B'

2018-05-09 10:11:02:
同步完成...
2018-05-09 10:11:02:
101102
2018-05-09 10:11:06:
101106
2018-05-09 10:11:06:
正在同步...
2018-05-09 10:11:06:
The file './/safetydata.db' was transferred to the device.
The newly created object's ID is 'o9370C'

2018-05-09 10:11:07:
同步完成...
2018-05-09 10:11:07:
101107
2018-05-09 10:11:10:
101110
2018-05-09 10:11:10:
正在同步...
2018-05-09 10:11:10:
The file './/safetydata.db' was transferred to the device.
The newly created object's ID is 'o9370D'

2018-05-09 10:11:10:
同步完成...
2018-05-09 10:11:10:
101110
2018-05-09 10:11:11:
101111
2018-05-09 10:11:11:
正在同步...
2018-05-09 10:11:11:
The file './/safetydata.db' was transferred to the device.
The newly created object's ID is 'o9370E'

2018-05-09 10:11:11:
同步完成...
2018-05-09 10:11:11:
101111
2018-05-09 10:11:11:
101111
2018-05-09 10:11:11:
正在同步...
2018-05-09 10:11:11:
The file './/safetydata.db' was transferred to the device.
The newly created object's ID is 'o9370F'

2018-05-09 10:11:11:
同步完成...
2018-05-09 10:11:11:
101111
2018-05-09 10:11:11:
101111
2018-05-09 10:11:11:
正在同步...
2018-05-09 10:11:11:
The file './/safetydata.db' was transferred to the device.
The newly created object's ID is 'o93710'

2018-05-09 10:11:11:
同步完成...
2018-05-09 10:11:11:
101111
2018-05-09 10:11:11:
101111
2018-05-09 10:11:11:
正在同步...
2018-05-09 10:11:11:
The file './/safetydata.db' was transferred to the device.
The newly created object's ID is 'o93711'

2018-05-09 10:11:11:
同步完成...
2018-05-09 10:11:11:
101111
2018-05-09 10:11:11:
101111
2018-05-09 10:11:11:
正在同步...
2018-05-09 10:11:11:
The file './/safetydata.db' was transferred to the device.
The newly created object's ID is 'o93712'

2018-05-09 10:11:11:
同步完成...
2018-05-09 10:11:11:
101111
2018-05-09 10:11:12:
101112
2018-05-09 10:11:12:
正在同步...
2018-05-09 10:11:12:
The file './/safetydata.db' was transferred to the device.
The newly created object's ID is 'o93713'

2018-05-09 10:11:12:
同步完成...
2018-05-09 10:11:12:
101112
2018-05-09 10:11:12:
101112
2018-05-09 10:11:12:
正在同步...
2018-05-09 10:11:12:
The file './/safetydata.db' was transferred to the device.
The newly created object's ID is 'o93714'

2018-05-09 10:11:12:
同步完成...
2018-05-09 10:11:12:
101112
2018-05-09 10:11:13:
101113
2018-05-09 10:11:13:
正在同步...
2018-05-09 10:11:13:
The file './/safetydata.db' was transferred to the device.
The newly created object's ID is 'o93715'

2018-05-09 10:11:13:
同步完成...
2018-05-09 10:11:13:
101113
2018-05-09 10:11:13:
101113
2018-05-09 10:11:13:
正在同步...
2018-05-09 10:11:14:
The file './/safetydata.db' was transferred to the device.
The newly created object's ID is 'o93716'

2018-05-09 10:11:14:
同步完成...
2018-05-09 10:11:14:
101114
2018-05-09 10:11:14:
101114
2018-05-09 10:11:14:
正在同步...
2018-05-09 10:11:14:
The file './/safetydata.db' was transferred to the device.
The newly created object's ID is 'o93717'

2018-05-09 10:11:14:
同步完成...
2018-05-09 10:11:14:
101114
2018-05-09 10:11:14:
101114
2018-05-09 10:11:14:
正在同步...
2018-05-09 10:11:14:
The file './/safetydata.db' was transferred to the device.
The newly created object's ID is 'o93718'

2018-05-09 10:11:14:
同步完成...
2018-05-09 10:11:14:
101114
2018-05-09 10:11:14:
101114
2018-05-09 10:11:14:
正在同步...
2018-05-09 10:11:14:
The file './/safetydata.db' was transferred to the device.
The newly created object's ID is 'o93719'

2018-05-09 10:11:14:
同步完成...
2018-05-09 10:11:14:
101114
2018-05-09 10:11:14:
101114
2018-05-09 10:11:14:
正在同步...
2018-05-09 10:11:14:
The file './/safetydata.db' was transferred to the device.
The newly created object's ID is 'o9371A'

2018-05-09 10:11:14:
同步完成...
2018-05-09 10:11:14:
101114
2018-05-09 10:11:14:
101114
2018-05-09 10:11:14:
正在同步...
2018-05-09 10:11:15:
The file './/safetydata.db' was transferred to the device.
The newly created object's ID is 'o9371B'

2018-05-09 10:11:15:
同步完成...
2018-05-09 10:11:15:
101115
2018-05-09 10:11:15:
101115
2018-05-09 10:11:15:
正在同步...
2018-05-09 10:11:15:
The file './/safetydata.db' was transferred to the device.
The newly created object's ID is 'o9371C'

2018-05-09 10:11:15:
同步完成...
2018-05-09 10:11:15:
101115
2018-05-09 10:11:15:
101115
2018-05-09 10:11:15:
正在同步...
2018-05-09 10:11:15:
The file './/safetydata.db' was transferred to the device.
The newly created object's ID is 'o9371D'

2018-05-09 10:11:15:
同步完成...
2018-05-09 10:11:15:
101115
2018-05-09 10:11:15:
101115
2018-05-09 10:11:15:
正在同步...
2018-05-09 10:11:15:
The file './/safetydata.db' was transferred to the device.
The newly created object's ID is 'o9371E'

2018-05-09 10:11:15:
同步完成...
2018-05-09 10:11:15:
101115
2018-05-09 10:11:15:
101115
2018-05-09 10:11:15:
正在同步...
2018-05-09 10:11:15:
The file './/safetydata.db' was transferred to the device.
The newly created object's ID is 'o9371F'

2018-05-09 10:11:15:
同步完成...
2018-05-09 10:11:15:
101115
2018-05-09 10:11:15:
101115
2018-05-09 10:11:15:
正在同步...
2018-05-09 10:11:15:
The file './/safetydata.db' was transferred to the device.
The newly created object's ID is 'o93720'

2018-05-09 10:11:15:
同步完成...
2018-05-09 10:11:15:
101115
2018-05-09 10:11:16:
101116
2018-05-09 10:11:16:
正在同步...
2018-05-09 10:11:16:
The file './/safetydata.db' was transferred to the device.
The newly created object's ID is 'o93721'

2018-05-09 10:11:16:
同步完成...
2018-05-09 10:11:16:
101116
2018-05-09 10:11:16:
101116
2018-05-09 10:11:16:
正在同步...
2018-05-09 10:11:16:
The file './/safetydata.db' was transferred to the device.
The newly created object's ID is 'o93722'

2018-05-09 10:11:16:
同步完成...
2018-05-09 10:11:16:
101116
2018-05-09 10:11:16:
101116
2018-05-09 10:11:16:
正在同步...
2018-05-09 10:11:16:
The file './/safetydata.db' was transferred to the device.
The newly created object's ID is 'o93723'

2018-05-09 10:11:16:
同步完成...
2018-05-09 10:11:16:
101116
2018-05-09 10:11:16:
101116
2018-05-09 10:11:16:
正在同步...
2018-05-09 10:11:16:
The file './/safetydata.db' was transferred to the device.
The newly created object's ID is 'o93724'

2018-05-09 10:11:16:
同步完成...
2018-05-09 10:11:16:
101116
2018-05-09 10:11:16:
101116
2018-05-09 10:11:16:
正在同步...
2018-05-09 10:11:16:
The file './/safetydata.db' was transferred to the device.
The newly created object's ID is 'o93725'

2018-05-09 10:11:16:
同步完成...
2018-05-09 10:11:16:
101116
2018-05-09 10:11:16:
101116
2018-05-09 10:11:17:
正在同步...
2018-05-09 10:11:17:
The file './/safetydata.db' was transferred to the device.
The newly created object's ID is 'o93726'

2018-05-09 10:11:17:
同步完成...
2018-05-09 10:11:17:
101117
2018-05-09 10:11:17:
101117
2018-05-09 10:11:17:
正在同步...
2018-05-09 10:11:17:
The file './/safetydata.db' was transferred to the device.
The newly created object's ID is 'o93727'

2018-05-09 10:11:17:
同步完成...
2018-05-09 10:11:17:
101117
2018-05-09 10:11:18:
101118
2018-05-09 10:11:18:
正在同步...
2018-05-09 10:11:18:
The file './/safetydata.db' was transferred to the device.
The newly created object's ID is 'o93728'

2018-05-09 10:11:18:
同步完成...
2018-05-09 10:11:18:
101118
2018-05-09 10:11:19:
101119
2018-05-09 10:11:19:
正在同步...
2018-05-09 10:11:19:
The file './/safetydata.db' was transferred to the device.
The newly created object's ID is 'o93729'

2018-05-09 10:11:19:
同步完成...
2018-05-09 10:11:19:
101119
2018-05-09 10:11:19:
101119
2018-05-09 10:11:19:
正在同步...
2018-05-09 10:11:19:
The file './/safetydata.db' was transferred to the device.
The newly created object's ID is 'o9372A'

2018-05-09 10:11:19:
同步完成...
2018-05-09 10:11:19:
101119
2018-05-09 10:12:06:
--------------程序启动!--------------
2018-05-09 10:12:15:
101215
2018-05-09 10:12:15:
正在同步...
2018-05-09 10:12:15:
同步表[device_type]操作完成!
2018-05-09 10:12:15:
同步表[device_info]操作完成!
2018-05-09 10:12:15:
没有数据需要同步,表[work_template]操作完成!
2018-05-09 10:12:15:
没有数据需要同步,表[work_template]操作完成!
2018-05-09 10:12:15:
同步表[work_record]操作完成!
2018-05-09 10:12:15:
同步表[sys_user]操作完成!
2018-05-09 10:12:15:
The file './/safetydata.db' was transferred to the device.
The newly created object's ID is 'o9372B'

2018-05-09 10:12:15:
同步完成...
2018-05-09 10:12:15:
101215
2018-05-09 10:12:18:
101218
2018-05-09 10:12:18:
正在同步...
2018-05-09 10:12:18:
同步表[device_type]操作完成!
2018-05-09 10:12:18:
同步表[device_info]操作完成!
2018-05-09 10:12:18:
没有数据需要同步,表[work_template]操作完成!
2018-05-09 10:12:18:
没有数据需要同步,表[work_template]操作完成!
2018-05-09 10:12:18:
同步表[work_record]操作完成!
2018-05-09 10:12:18:
同步表[sys_user]操作完成!
2018-05-09 10:12:18:
The file './/safetydata.db' was transferred to the device.
The newly created object's ID is 'o9372C'

2018-05-09 10:12:18:
同步完成...
2018-05-09 10:12:18:
101218
2018-05-09 10:12:21:
101221
2018-05-09 10:12:21:
正在同步...
2018-05-09 10:12:21:
同步表[device_type]操作完成!
2018-05-09 10:12:21:
同步表[device_info]操作完成!
2018-05-09 10:12:21:
没有数据需要同步,表[work_template]操作完成!
2018-05-09 10:12:21:
没有数据需要同步,表[work_template]操作完成!
2018-05-09 10:12:21:
同步表[work_record]操作完成!
2018-05-09 10:12:21:
同步表[sys_user]操作完成!
2018-05-09 10:12:21:
The file './/safetydata.db' was transferred to the device.
The newly created object's ID is 'o9372D'

2018-05-09 10:12:21:
同步完成...
2018-05-09 10:12:21:
101221
2018-05-09 10:12:24:
101224
2018-05-09 10:12:24:
正在同步...
2018-05-09 10:12:24:
同步表[device_type]操作完成!
2018-05-09 10:12:24:
同步表[device_info]操作完成!
2018-05-09 10:12:24:
没有数据需要同步,表[work_template]操作完成!
2018-05-09 10:12:24:
没有数据需要同步,表[work_template]操作完成!
2018-05-09 10:12:24:
同步表[work_record]操作完成!
2018-05-09 10:12:24:
同步表[sys_user]操作完成!
2018-05-09 10:12:24:
The file './/safetydata.db' was transferred to the device.
The newly created object's ID is 'o9372E'

2018-05-09 10:12:24:
同步完成...
2018-05-09 10:12:24:
101224
2018-05-09 10:12:27:
101227
2018-05-09 10:12:27:
正在同步...
2018-05-09 10:12:27:
同步表[device_type]操作完成!
2018-05-09 10:12:27:
同步表[device_info]操作完成!
2018-05-09 10:12:27:
没有数据需要同步,表[work_template]操作完成!
2018-05-09 10:12:27:
没有数据需要同步,表[work_template]操作完成!
2018-05-09 10:12:27:
同步表[work_record]操作完成!
2018-05-09 10:12:27:
同步表[sys_user]操作完成!
2018-05-09 10:12:27:
The file './/safetydata.db' was transferred to the device.
The newly created object's ID is 'o9372F'

2018-05-09 10:12:27:
同步完成...
2018-05-09 10:12:27:
101227
2018-05-09 10:12:32:
101232
2018-05-09 10:12:32:
正在同步...
2018-05-09 10:12:32:
同步表[device_type]操作完成!
2018-05-09 10:12:32:
同步表[device_info]操作完成!
2018-05-09 10:12:32:
没有数据需要同步,表[work_template]操作完成!
2018-05-09 10:12:32:
没有数据需要同步,表[work_template]操作完成!
2018-05-09 10:12:32:
同步表[work_record]操作完成!
2018-05-09 10:12:32:
同步表[sys_user]操作完成!
2018-05-09 10:12:32:
The file './/safetydata.db' was transferred to the device.
The newly created object's ID is 'o93730'

2018-05-09 10:12:32:
同步完成...
2018-05-09 10:12:32:
101232
2018-05-09 10:12:43:
--------------程序结束!--------------
