2018-05-09 18:13:15:
--------------程序启动!--------------
2018-05-09 18:13:15:
开始初始化工作!
2018-05-09 18:13:15:
配置文件初始化成功!
2018-05-09 18:13:40:
181340
2018-05-09 18:13:40:
正在同步...
2018-05-09 18:13:40:
同步表[device_type]操作完成!
2018-05-09 18:13:40:
同步表[device_info]操作完成!
2018-05-09 18:13:40:
没有数据需要同步,表[work_template]操作完成!
2018-05-09 18:13:40:
没有数据需要同步,表[work_template]操作完成!
2018-05-09 18:14:03:
同步表[work_record]操作完成!
2018-05-09 18:14:03:
同步表[sys_user]操作完成!
2018-05-09 18:14:03:
The file './/safetydata.db' was transferred to the device.
The newly created object's ID is 'o93F11'

2018-05-09 18:14:03:
同步完成...
2018-05-09 18:14:03:
181403
2018-05-09 18:25:49:
软件重复启动,失败!
2018-05-09 18:25:49:
--------------程序启动!--------------
2018-05-09 18:25:49:
开始初始化工作!
2018-05-09 18:25:49:
配置文件初始化成功!
2018-05-09 18:26:02:
请选择一项区域
2018-05-09 18:26:04:
182604
2018-05-09 18:26:04:
正在同步...
2018-05-09 18:26:04:
同步表[device_type]操作完成!
2018-05-09 18:26:04:
同步表[device_info]操作完成!
2018-05-09 18:26:04:
没有数据需要同步,表[work_template]操作完成!
2018-05-09 18:26:04:
没有数据需要同步,表[work_template]操作完成!
2018-05-09 18:26:20:
同步表[work_record]操作完成!
2018-05-09 18:26:20:
同步表[sys_user]操作完成!
2018-05-09 18:26:20:
The file './/safetydata.db' was transferred to the device.
The newly created object's ID is 'o93F18'

2018-05-09 18:26:20:
同步完成...
2018-05-09 18:26:20:
182620
2018-05-09 18:27:19:
182719
2018-05-09 18:27:19:
正在同步...
2018-05-09 18:27:19:
同步表[device_type]操作完成!
2018-05-09 18:27:19:
同步表[device_info]操作完成!
2018-05-09 18:27:19:
没有数据需要同步,表[work_template]操作完成!
2018-05-09 18:27:19:
没有数据需要同步,表[work_template]操作完成!
2018-05-09 18:27:48:
同步表[work_record]操作完成!
2018-05-09 18:27:48:
同步表[sys_user]操作完成!
2018-05-09 18:27:50:
The file './/safetydata.db' was transferred to the device.
The newly created object's ID is 'o93F1A'

2018-05-09 18:27:50:
同步完成...
2018-05-09 18:27:50:
182750
2018-05-09 18:28:20:
--------------程序结束!--------------
