2018-05-09 09:29:17:
--------------程序启动!--------------
2018-05-09 09:29:34:
092934
2018-05-09 09:29:35:
丢失数据库文件,请确保文件存在!----
2018-05-09 09:29:35:
同步失败...
2018-05-09 09:32:34:
093234
2018-05-09 09:32:34:
正在同步...
2018-05-09 09:32:34:
同步表[device_type]操作完成!
2018-05-09 09:32:34:
同步表[device_info]操作完成!
2018-05-09 09:32:59:
同步表[work_template]操作完成!
2018-05-09 09:32:59:
同步表[work_type]操作完成!
2018-05-09 09:32:59:
同步表[work_task]操作完成!
2018-05-09 09:32:59:
同步表[work_record]操作完成!
2018-05-09 09:32:59:
同步表[sys_user]操作完成!
2018-05-09 09:34:11:
--------------程序启动!--------------
2018-05-09 09:34:14:
093414
2018-05-09 09:34:20:
丢失数据库文件,请确保文件存在!----
2018-05-09 09:34:20:
同步失败...
2018-05-09 09:34:24:
093424
2018-05-09 09:34:24:
丢失数据库文件,请确保文件存在!----
2018-05-09 09:34:24:
同步失败...
2018-05-09 09:35:04:
093504
2018-05-09 09:35:04:
正在同步...
2018-05-09 09:35:04:
同步表[device_type]操作完成!
2018-05-09 09:35:04:
同步表[device_info]操作完成!
2018-05-09 09:35:04:
同步表[work_template]操作完成!
2018-05-09 09:35:04:
同步表[work_type]操作完成!
2018-05-09 09:35:04:
同步表[work_task]操作完成!
2018-05-09 09:35:04:
同步表[work_record]操作完成!
2018-05-09 09:35:04:
同步表[sys_user]操作完成!
2018-05-09 09:35:04:
The file './/safetydata.db' was transferred to the device.
The newly created object's ID is 'o936E3'

2018-05-09 09:35:04:
同步完成...
2018-05-09 09:35:04:
093504
2018-05-09 09:35:09:
093509
2018-05-09 09:35:09:
正在同步...
2018-05-09 09:35:09:
同步表[device_type]操作完成!
2018-05-09 09:35:09:
同步表[device_info]操作完成!
2018-05-09 09:35:09:
同步表[work_template]操作完成!
2018-05-09 09:35:09:
同步表[work_type]操作完成!
2018-05-09 09:35:09:
同步表[work_task]操作完成!
2018-05-09 09:35:09:
同步表[work_record]操作完成!
2018-05-09 09:35:09:
同步表[sys_user]操作完成!
2018-05-09 09:35:09:
The file './/safetydata.db' was transferred to the device.
The newly created object's ID is 'o936E4'

2018-05-09 09:35:09:
同步完成...
2018-05-09 09:35:09:
093509
2018-05-09 09:39:03:
--------------程序启动!--------------
2018-05-09 09:39:06:
093906
2018-05-09 09:39:06:
正在同步...
2018-05-09 09:39:06:
同步表[device_type]操作完成!
2018-05-09 09:39:06:
同步表[device_info]操作完成!
2018-05-09 09:39:06:
同步表[work_template]操作完成!
2018-05-09 09:39:06:
同步表[work_type]操作完成!
2018-05-09 09:39:06:
同步表[work_task]操作完成!
2018-05-09 09:39:06:
同步表[work_record]操作完成!
2018-05-09 09:39:06:
同步表[sys_user]操作完成!
2018-05-09 09:39:07:
The file './/safetydata.db' was transferred to the device.
The newly created object's ID is 'o936E5'

2018-05-09 09:39:07:
同步完成...
2018-05-09 09:39:07:
093907
2018-05-09 09:42:26:
094226
2018-05-09 09:42:26:
正在同步...
2018-05-09 09:42:26:
同步表[device_type]操作完成!
2018-05-09 09:42:26:
同步表[device_info]操作完成!
2018-05-09 09:42:27:
同步表[work_template]操作完成!
2018-05-09 09:42:27:
同步表[work_type]操作完成!
2018-05-09 09:42:27:
同步表[work_task]操作完成!
2018-05-09 09:42:27:
同步表[work_record]操作完成!
2018-05-09 09:42:27:
同步表[sys_user]操作完成!
2018-05-09 09:42:27:
The file './/safetydata.db' was transferred to the device.
The newly created object's ID is 'o936E6'

2018-05-09 09:42:27:
同步完成...
2018-05-09 09:42:27:
094227
2018-05-09 09:43:47:
094347
2018-05-09 09:43:47:
正在同步...
2018-05-09 09:43:47:
同步表[device_type]操作完成!
2018-05-09 09:43:47:
同步表[device_info]操作完成!
2018-05-09 09:43:48:
同步表[work_template]操作完成!
2018-05-09 09:43:48:
同步表[work_type]操作完成!
2018-05-09 09:43:48:
同步表[work_task]操作完成!
2018-05-09 09:43:48:
同步表[work_record]操作完成!
2018-05-09 09:43:48:
同步表[sys_user]操作完成!
2018-05-09 09:43:48:
The file './/safetydata.db' was transferred to the device.
The newly created object's ID is 'o936E7'

2018-05-09 09:43:48:
同步完成...
2018-05-09 09:43:48:
094348
2018-05-09 09:45:37:
094537
2018-05-09 09:45:37:
正在同步...
2018-05-09 09:45:37:
同步表[device_type]操作完成!
2018-05-09 09:45:37:
同步表[device_info]操作完成!
2018-05-09 09:45:37:
同步表[work_template]操作完成!
2018-05-09 09:45:37:
同步表[work_type]操作完成!
2018-05-09 09:45:37:
同步表[work_task]操作完成!
2018-05-09 09:45:37:
同步表[work_record]操作完成!
2018-05-09 09:45:38:
同步表[sys_user]操作完成!
2018-05-09 09:45:38:
The file './/safetydata.db' was transferred to the device.
The newly created object's ID is 'o936E9'

2018-05-09 09:45:38:
同步完成...
2018-05-09 09:45:38:
094538
2018-05-09 09:47:33:
094733
2018-05-09 09:47:33:
正在同步...
2018-05-09 09:47:33:
同步表[device_type]操作完成!
2018-05-09 09:47:33:
同步表[device_info]操作完成!
2018-05-09 09:47:34:
同步表[work_template]操作完成!
2018-05-09 09:47:34:
同步表[work_type]操作完成!
2018-05-09 09:47:49:
从phone更新RFId和完成状态到服务端work_task失败!
2018-05-09 09:47:49:

2018-05-09 09:47:49:
设备类型表(work_task) -同步失败!
2018-05-09 09:47:49:
同步失败...
2018-05-09 09:49:06:
094906
2018-05-09 09:49:06:
正在同步...
2018-05-09 09:49:06:
同步表[device_type]操作完成!
2018-05-09 09:49:06:
同步表[device_info]操作完成!
2018-05-09 09:49:06:
同步表[work_template]操作完成!
2018-05-09 09:49:06:
同步表[work_type]操作完成!
2018-05-09 09:52:37:
--------------程序启动!--------------
2018-05-09 09:52:42:
095242
2018-05-09 09:52:43:
正在同步...
2018-05-09 09:52:43:
同步表[device_type]操作完成!
2018-05-09 09:52:43:
同步表[device_info]操作完成!
2018-05-09 09:52:43:
同步表[work_template]操作完成!
2018-05-09 09:52:43:
同步表[work_type]操作完成!
2018-05-09 09:52:59:
同步表[work_task]操作完成!
2018-05-09 09:52:59:
同步表[work_record]操作完成!
2018-05-09 09:52:59:
同步表[sys_user]操作完成!
2018-05-09 09:52:59:
The file './/safetydata.db' was transferred to the device.
The newly created object's ID is 'o936EB'

2018-05-09 09:52:59:
同步完成...
2018-05-09 09:52:59:
095259
