2018-05-09 16:15:28:
--------------程序启动!--------------
2018-05-09 16:15:28:
开始初始化工作!
2018-05-09 16:21:26:
--------------程序启动!--------------
2018-05-09 16:21:26:
开始初始化工作!
2018-05-09 16:30:32:
--------------程序启动!--------------
2018-05-09 16:30:32:
开始初始化工作!
2018-05-09 16:31:00:
--------------程序启动!--------------
2018-05-09 16:31:00:
开始初始化工作!
2018-05-09 16:34:12:
--------------程序启动!--------------
2018-05-09 16:34:12:
开始初始化工作!
2018-05-09 16:36:08:
--------------程序启动!--------------
2018-05-09 16:36:08:
开始初始化工作!
2018-05-09 16:36:44:
--------------程序启动!--------------
2018-05-09 16:36:44:
开始初始化工作!
2018-05-09 16:42:08:
--------------程序启动!--------------
2018-05-09 16:42:08:
开始初始化工作!
2018-05-09 16:47:06:
--------------程序启动!--------------
2018-05-09 16:47:06:
开始初始化工作!
2018-05-09 16:47:11:
配置文件初始化成功!
2018-05-09 16:50:42:
--------------程序启动!--------------
2018-05-09 16:50:42:
开始初始化工作!
2018-05-09 16:50:42:
配置文件初始化成功!
2018-05-09 16:50:53:
--------------程序结束!--------------
2018-05-09 16:51:01:
--------------程序启动!--------------
2018-05-09 16:51:01:
开始初始化工作!
