2018-05-10 17:44:26:
--------------程序启动!--------------
2018-05-10 17:44:39:
正在同步...
2018-05-10 17:44:39:
同步表[device_type]操作完成!
2018-05-10 17:44:40:
同步表[device_info]操作完成!
2018-05-10 17:44:40:
同步表[work_template]操作完成!
2018-05-10 17:44:40:
同步表[work_type]操作完成!
2018-05-10 17:44:40:
同步表[work_task]操作完成!
2018-05-10 17:44:40:
同步表[work_record]操作完成!
2018-05-10 17:44:40:
同步表[sys_user]操作完成!
2018-05-10 17:44:40:
更新服务端数据库 同步状态失败 -同步失败!
2018-05-10 17:44:40:
同步失败...
2018-05-10 17:45:00:
--------------程序结束!--------------
