2018-05-10 15:19:14:
--------------程序启动!--------------
2018-05-10 15:19:21:
正在同步...
2018-05-10 15:19:21:
同步表[device_type]操作完成!
2018-05-10 15:19:21:
no such table: device_info
2018-05-10 15:19:21:
library routine called out of sequence
2018-05-10 15:19:21:
设备类型表(device_info) -同步失败!
2018-05-10 15:19:21:
同步失败...
2018-05-10 15:19:27:
正在同步...
2018-05-10 15:19:27:
同步表[device_type]操作完成!
2018-05-10 15:19:27:
no such table: device_info
2018-05-10 15:19:27:
library routine called out of sequence
2018-05-10 15:19:27:
设备类型表(device_info) -同步失败!
2018-05-10 15:19:27:
同步失败...
2018-05-10 15:24:59:
软件重复启动,失败!
2018-05-10 15:25:20:
正在同步...
2018-05-10 15:25:20:
同步表[device_type]操作完成!
2018-05-10 15:25:21:
同步表[device_info]操作完成!
2018-05-10 15:25:21:
同步表[work_template]操作完成!
2018-05-10 15:25:21:
同步表[work_type]操作完成!
2018-05-10 15:25:21:
同步表[work_task]操作完成!
2018-05-10 15:25:21:
同步表[work_record]操作完成!
2018-05-10 15:25:21:
同步表[sys_user]操作完成!
2018-05-10 15:25:22:
The file './/safetydata.db' was transferred to the device.
The newly created object's ID is 'o8E6'

2018-05-10 15:25:22:
同步完成...
2018-05-10 15:26:23:
--------------程序结束!--------------
