2018-05-08 14:55:16:
--------------程序启动!--------------
2018-05-08 14:55:20:
145520
2018-05-08 14:55:21:
正在同步...
2018-05-08 14:55:21:
同步表[device_type]操作完成!
2018-05-08 14:56:09:
同步表[device_info]操作完成!
2018-05-08 14:56:11:
同步表[work_template]操作完成!
2018-05-08 14:56:11:
同步表[work_type]操作完成!
2018-05-08 14:56:16:
同步表[work_task]操作完成!
2018-05-08 14:56:16:
同步表[work_record]操作完成!
2018-05-08 14:56:16:
同步表[sys_user]操作完成!
2018-05-08 14:56:16:
The file './/safetydata.db' was transferred to the device.
The newly created object's ID is 'o936C0'

2018-05-08 14:56:16:
同步完成...
2018-05-08 14:56:16:
145616
2018-05-08 14:56:37:
--------------程序启动!--------------
2018-05-08 14:57:03:
145703
2018-05-08 14:57:17:
指定文件路径下未找到相应数据库文件!Android#safetydata#
2018-05-08 14:57:17:
同步失败...
2018-05-08 14:57:20:
145720
2018-05-08 14:57:21:
正在同步...
2018-05-08 14:57:21:
同步表[device_type]操作完成!
2018-05-08 14:57:27:
同步表[device_info]操作完成!
2018-05-08 14:57:27:
同步表[work_template]操作完成!
2018-05-08 14:57:27:
同步表[work_type]操作完成!
2018-05-08 14:57:44:
--------------程序启动!--------------
2018-05-08 14:57:49:
145749
2018-05-08 14:57:49:
正在同步...
2018-05-08 14:57:49:
同步表[device_type]操作完成!
2018-05-08 14:57:49:
同步表[device_info]操作完成!
2018-05-08 14:57:49:
同步表[work_template]操作完成!
2018-05-08 14:57:49:
同步表[work_type]操作完成!
2018-05-08 14:57:49:
同步表[work_task]操作完成!
2018-05-08 14:57:49:
同步表[work_record]操作完成!
2018-05-08 14:57:49:
同步表[sys_user]操作完成!
2018-05-08 14:57:49:
The file './/safetydata.db' was transferred to the device.
The newly created object's ID is 'o936C1'

2018-05-08 14:57:49:
同步完成...
2018-05-08 14:57:49:
145749
2018-05-08 14:57:54:
145754
2018-05-08 14:58:08:
指定文件路径下未找到相应数据库文件!Android#safetydata#
2018-05-08 14:58:09:
同步失败...
2018-05-08 14:58:23:
--------------程序启动!--------------
