2018-05-08 15:03:46:
--------------程序启动!--------------
2018-05-08 15:03:49:
150349
2018-05-08 15:03:49:
请选择一项设备
2018-05-08 15:03:49:
同步失败...
2018-05-08 15:04:08:
150408
2018-05-08 15:04:09:
正在同步...
2018-05-08 15:04:09:
同步表[device_type]操作完成!
2018-05-08 15:04:09:
同步表[device_info]操作完成!
2018-05-08 15:04:09:
同步表[work_template]操作完成!
2018-05-08 15:04:09:
同步表[work_type]操作完成!
2018-05-08 15:04:09:
同步表[work_task]操作完成!
2018-05-08 15:04:09:
同步表[work_record]操作完成!
2018-05-08 15:04:09:
同步表[sys_user]操作完成!
2018-05-08 15:04:09:
The file './/safetydata.db' was transferred to the device.
The newly created object's ID is 'o936C2'

2018-05-08 15:04:09:
同步完成...
2018-05-08 15:04:09:
150409
2018-05-08 15:04:10:
150410
2018-05-08 15:07:58:
--------------程序启动!--------------
2018-05-08 15:08:02:
150802
2018-05-08 15:08:14:
请重新插拔一次,再重试!----
2018-05-08 15:08:21:
同步失败...
2018-05-08 15:08:26:
150826
2018-05-08 15:08:27:
正在同步...
2018-05-08 15:08:27:
同步表[device_type]操作完成!
2018-05-08 15:08:27:
同步表[device_info]操作完成!
2018-05-08 15:08:27:
同步表[work_template]操作完成!
2018-05-08 15:08:27:
同步表[work_type]操作完成!
2018-05-08 15:08:27:
同步表[work_task]操作完成!
2018-05-08 15:08:27:
同步表[work_record]操作完成!
2018-05-08 15:08:27:
同步表[sys_user]操作完成!
2018-05-08 15:08:27:
The file './/safetydata.db' was transferred to the device.
The newly created object's ID is 'o936C3'

2018-05-08 15:08:27:
同步完成...
2018-05-08 15:08:27:
150827
2018-05-08 15:08:28:
150828
2018-05-08 15:08:56:
指定文件路径下未找到相应数据库文件!Android#safetydata#
2018-05-08 15:08:56:
同步失败...
2018-05-08 15:08:59:
150859
2018-05-08 15:09:00:
正在同步...
2018-05-08 15:09:00:
同步表[device_type]操作完成!
2018-05-08 15:09:00:
同步表[device_info]操作完成!
2018-05-08 15:09:00:
同步表[work_template]操作完成!
2018-05-08 15:09:00:
同步表[work_type]操作完成!
2018-05-08 15:09:00:
同步表[work_task]操作完成!
2018-05-08 15:09:00:
同步表[work_record]操作完成!
2018-05-08 15:09:00:
同步表[sys_user]操作完成!
2018-05-08 15:09:00:
The file './/safetydata.db' was transferred to the device.
The newly created object's ID is 'o936C4'

2018-05-08 15:09:00:
同步完成...
2018-05-08 15:09:00:
150900
2018-05-08 15:09:03:
150903
2018-05-08 15:10:04:
操作过于频繁!
2018-05-08 15:10:07:
指定文件路径下未找到相应数据库文件!Android#safetydata#
2018-05-08 15:10:07:
同步失败...
2018-05-08 15:10:15:
151015
2018-05-08 15:10:15:
正在同步...
2018-05-08 15:10:16:
同步表[device_type]操作完成!
2018-05-08 15:10:16:
同步表[device_info]操作完成!
2018-05-08 15:10:16:
同步表[work_template]操作完成!
2018-05-08 15:10:16:
同步表[work_type]操作完成!
2018-05-08 15:10:16:
同步表[work_task]操作完成!
2018-05-08 15:10:16:
同步表[work_record]操作完成!
2018-05-08 15:10:16:
同步表[sys_user]操作完成!
2018-05-08 15:10:16:
The file './/safetydata.db' was transferred to the device.
The newly created object's ID is 'o936C5'

2018-05-08 15:10:16:
同步完成...
2018-05-08 15:10:16:
151016
2018-05-08 15:10:20:
151020
2018-05-08 15:16:11:
指定文件路径下未找到相应数据库文件!Android#safetydata#
2018-05-08 15:16:11:
同步失败...
2018-05-08 15:19:32:
--------------程序启动!--------------
2018-05-08 15:19:36:
151936
2018-05-08 15:19:36:
正在同步...
2018-05-08 15:19:36:
The file './/safetydata.db' was transferred to the device.
The newly created object's ID is 'o936CA'

2018-05-08 15:19:36:
同步完成...
2018-05-08 15:19:36:
151936
2018-05-08 15:19:37:
151937
2018-05-08 15:19:54:
--------------程序启动!--------------
2018-05-08 15:19:59:
151959
2018-05-08 15:20:01:
指定文件路径下未找到相应数据库文件!Android#safetydata#
2018-05-08 15:20:02:
同步失败...
2018-05-08 15:20:04:
152004
2018-05-08 15:20:05:
正在同步...
2018-05-08 15:20:05:
同步失败...
2018-05-08 15:20:05:
152005
2018-05-08 15:20:05:
正在同步...
2018-05-08 15:20:05:
同步失败...
2018-05-08 15:20:16:
152016
2018-05-08 15:20:16:
正在同步...
2018-05-08 15:20:16:
同步失败...
2018-05-08 15:20:17:
152017
2018-05-08 15:20:17:
正在同步...
2018-05-08 15:20:17:
同步失败...
2018-05-08 15:29:31:
--------------程序启动!--------------
2018-05-08 15:29:34:
152934
2018-05-08 15:29:34:
正在同步...
2018-05-08 15:29:34:
! Failed to open file named () to transfer to device, hr = 0x80070003

2018-05-08 15:29:34:
同步失败...
2018-05-08 15:29:36:
152936
2018-05-08 15:30:12:
--------------程序启动!--------------
2018-05-08 15:30:17:
153017
2018-05-08 15:30:53:
请重新插拔一次,再重试!----
2018-05-08 15:30:53:
同步失败...
2018-05-08 15:31:01:
153101
2018-05-08 15:31:36:
指定文件路径下未找到相应数据库文件!Android#safetydata#
2018-05-08 15:31:42:
同步失败...
2018-05-08 15:31:50:
153150
2018-05-08 15:32:02:
指定文件路径下未找到相应数据库文件!Android#safetydata#
2018-05-08 15:32:02:
同步失败...
2018-05-08 15:32:48:
--------------程序启动!--------------
2018-05-08 15:33:07:
153307
2018-05-08 15:33:25:
! Failed to open file named () to transfer to device, hr = 0x80070003

2018-05-08 15:33:30:
同步失败...
2018-05-08 15:33:40:
153340
2018-05-08 15:34:50:
--------------程序启动!--------------
2018-05-08 15:34:57:
153457
2018-05-08 15:35:01:
指定文件路径下未找到相应数据库文件!Android#safetydata#
2018-05-08 15:35:01:
同步失败...
2018-05-08 15:35:30:
153530
2018-05-08 15:36:39:
--------------程序启动!--------------
2018-05-08 15:36:43:
153643
2018-05-08 15:36:52:
--------------程序启动!--------------
2018-05-08 15:37:27:
--------------程序启动!--------------
2018-05-08 15:37:36:
153736
2018-05-08 15:37:43:
请重新插拔一次,再重试!----
2018-05-08 15:37:43:
同步失败...
2018-05-08 15:37:47:
153747
2018-05-08 15:37:50:
指定文件路径下未找到相应数据库文件!Android#safetydata#
2018-05-08 15:37:50:
同步失败...
2018-05-08 15:37:55:
153755
2018-05-08 15:37:57:
指定文件路径下未找到相应数据库文件!Android#safetydata#
2018-05-08 15:37:57:
同步失败...
2018-05-08 15:38:33:
153833
2018-05-08 15:38:37:

2018-05-08 15:38:38:
同步失败...
2018-05-08 15:38:41:
153841
2018-05-08 15:42:56:
--------------程序启动!--------------
2018-05-08 15:44:16:
--------------程序启动!--------------
2018-05-08 15:44:30:
154430
2018-05-08 15:44:30:
正在同步...
2018-05-08 15:44:30:
同步失败...
2018-05-08 15:44:31:
154431
2018-05-08 15:44:31:
正在同步...
2018-05-08 15:44:31:
同步失败...
2018-05-08 15:44:32:
154432
2018-05-08 15:44:32:
正在同步...
2018-05-08 15:44:32:
同步失败...
2018-05-08 15:44:32:
154432
2018-05-08 15:44:32:
正在同步...
2018-05-08 15:44:32:
同步失败...
2018-05-08 15:44:33:
154433
2018-05-08 15:44:33:
正在同步...
2018-05-08 15:44:33:
同步失败...
2018-05-08 15:44:33:
154433
2018-05-08 15:44:33:
正在同步...
2018-05-08 15:44:33:
同步失败...
2018-05-08 15:44:34:
154434
2018-05-08 15:44:34:
正在同步...
2018-05-08 15:44:34:
同步失败...
2018-05-08 15:44:34:
154434
2018-05-08 15:44:34:
正在同步...
2018-05-08 15:44:34:
同步失败...
2018-05-08 15:44:34:
154434
2018-05-08 15:44:34:
正在同步...
2018-05-08 15:44:34:
同步失败...
2018-05-08 15:44:56:
154456
2018-05-08 15:44:56:
正在同步...
2018-05-08 15:44:56:
同步失败...
2018-05-08 15:44:59:
154459
2018-05-08 15:44:59:
正在同步...
2018-05-08 15:44:59:
同步失败...
2018-05-08 15:45:04:
154504
2018-05-08 15:45:04:
正在同步...
2018-05-08 15:45:04:
同步失败...
2018-05-08 15:45:06:
154506
2018-05-08 15:45:06:
正在同步...
2018-05-08 15:45:06:
同步失败...
2018-05-08 15:45:09:
154509
2018-05-08 15:45:09:
正在同步...
2018-05-08 15:45:09:
同步失败...
2018-05-08 15:45:27:
154527
2018-05-08 15:45:27:
正在同步...
2018-05-08 15:45:27:
同步失败...
2018-05-08 15:45:27:
154527
2018-05-08 15:45:27:
正在同步...
2018-05-08 15:45:27:
同步失败...
2018-05-08 15:45:27:
154527
2018-05-08 15:45:27:
正在同步...
2018-05-08 15:45:27:
同步失败...
2018-05-08 15:45:28:
154528
2018-05-08 15:45:28:
正在同步...
2018-05-08 15:45:28:
同步失败...
2018-05-08 15:45:28:
154528
2018-05-08 15:45:28:
正在同步...
2018-05-08 15:45:28:
同步失败...
2018-05-08 15:45:28:
154528
2018-05-08 15:45:28:
正在同步...
2018-05-08 15:45:28:
同步失败...
2018-05-08 15:45:28:
154528
2018-05-08 15:45:28:
正在同步...
2018-05-08 15:45:28:
同步失败...
2018-05-08 15:45:28:
154528
2018-05-08 15:45:28:
正在同步...
2018-05-08 15:45:28:
同步失败...
2018-05-08 15:45:29:
154529
2018-05-08 15:45:29:
正在同步...
2018-05-08 15:45:29:
同步失败...
2018-05-08 15:45:29:
154529
2018-05-08 15:45:29:
正在同步...
2018-05-08 15:45:29:
同步失败...
2018-05-08 15:45:29:
154529
2018-05-08 15:45:29:
正在同步...
2018-05-08 15:45:29:
同步失败...
2018-05-08 15:45:29:
154529
2018-05-08 15:45:29:
正在同步...
2018-05-08 15:45:29:
同步失败...
2018-05-08 15:45:29:
154529
2018-05-08 15:45:29:
正在同步...
2018-05-08 15:45:29:
同步失败...
2018-05-08 15:45:29:
154529
2018-05-08 15:45:30:
正在同步...
2018-05-08 15:45:30:
同步失败...
2018-05-08 15:45:30:
154530
2018-05-08 15:45:30:
正在同步...
2018-05-08 15:45:30:
同步失败...
2018-05-08 15:45:30:
154530
2018-05-08 15:45:30:
正在同步...
2018-05-08 15:45:30:
同步失败...
2018-05-08 15:45:30:
154530
2018-05-08 15:45:30:
正在同步...
2018-05-08 15:45:30:
同步失败...
2018-05-08 15:45:30:
154530
2018-05-08 15:45:30:
正在同步...
2018-05-08 15:45:30:
同步失败...
2018-05-08 15:45:30:
154530
2018-05-08 15:45:30:
正在同步...
2018-05-08 15:45:30:
同步失败...
2018-05-08 15:45:31:
154531
2018-05-08 15:45:31:
正在同步...
2018-05-08 15:45:31:
同步失败...
2018-05-08 15:45:31:
154531
2018-05-08 15:45:31:
正在同步...
2018-05-08 15:45:31:
同步失败...
2018-05-08 15:45:31:
154531
2018-05-08 15:45:31:
正在同步...
2018-05-08 15:45:31:
同步失败...
2018-05-08 15:45:31:
154531
2018-05-08 15:45:31:
正在同步...
2018-05-08 15:45:31:
同步失败...
2018-05-08 15:45:31:
154531
2018-05-08 15:45:31:
正在同步...
2018-05-08 15:45:31:
同步失败...
2018-05-08 15:45:31:
154531
2018-05-08 15:45:32:
正在同步...
2018-05-08 15:45:32:
同步失败...
2018-05-08 15:45:32:
154532
2018-05-08 15:45:32:
正在同步...
2018-05-08 15:45:32:
同步失败...
2018-05-08 15:45:32:
154532
2018-05-08 15:45:32:
正在同步...
2018-05-08 15:45:32:
同步失败...
2018-05-08 15:45:32:
154532
2018-05-08 15:45:32:
正在同步...
2018-05-08 15:45:32:
同步失败...
2018-05-08 15:45:32:
154532
2018-05-08 15:45:32:
正在同步...
2018-05-08 15:45:32:
同步失败...
2018-05-08 15:45:32:
154532
2018-05-08 15:45:32:
正在同步...
2018-05-08 15:45:32:
同步失败...
2018-05-08 15:45:33:
154533
2018-05-08 15:45:33:
正在同步...
2018-05-08 15:45:33:
同步失败...
2018-05-08 15:45:33:
154533
2018-05-08 15:45:33:
正在同步...
2018-05-08 15:45:33:
同步失败...
2018-05-08 15:45:33:
154533
2018-05-08 15:45:33:
正在同步...
2018-05-08 15:45:33:
同步失败...
2018-05-08 15:45:33:
154533
2018-05-08 15:45:33:
正在同步...
2018-05-08 15:45:33:
同步失败...
2018-05-08 15:45:33:
154533
2018-05-08 15:45:33:
正在同步...
2018-05-08 15:45:33:
同步失败...
2018-05-08 15:45:33:
154533
2018-05-08 15:45:34:
正在同步...
2018-05-08 15:45:34:
同步失败...
2018-05-08 15:45:34:
154534
2018-05-08 15:45:34:
正在同步...
2018-05-08 15:45:34:
同步失败...
2018-05-08 15:45:34:
154534
2018-05-08 15:45:34:
正在同步...
2018-05-08 15:45:34:
同步失败...
2018-05-08 15:45:34:
154534
2018-05-08 15:45:34:
正在同步...
2018-05-08 15:45:34:
同步失败...
2018-05-08 15:45:34:
154534
2018-05-08 15:45:34:
正在同步...
2018-05-08 15:45:34:
同步失败...
2018-05-08 15:45:34:
154534
2018-05-08 15:45:34:
正在同步...
2018-05-08 15:45:34:
同步失败...
2018-05-08 15:45:35:
154535
2018-05-08 15:45:35:
正在同步...
2018-05-08 15:45:35:
同步失败...
2018-05-08 15:45:35:
154535
2018-05-08 15:45:35:
正在同步...
2018-05-08 15:45:35:
同步失败...
2018-05-08 15:45:35:
154535
2018-05-08 15:45:35:
正在同步...
2018-05-08 15:45:35:
同步失败...
2018-05-08 15:45:35:
154535
2018-05-08 15:45:35:
正在同步...
2018-05-08 15:45:35:
同步失败...
2018-05-08 15:45:35:
154535
2018-05-08 15:45:35:
正在同步...
2018-05-08 15:45:35:
同步失败...
2018-05-08 15:45:36:
154536
2018-05-08 15:45:36:
正在同步...
2018-05-08 15:45:36:
同步失败...
2018-05-08 15:45:36:
154536
2018-05-08 15:45:36:
正在同步...
2018-05-08 15:45:36:
同步失败...
2018-05-08 15:45:36:
154536
2018-05-08 15:45:36:
正在同步...
2018-05-08 15:45:36:
同步失败...
2018-05-08 15:45:36:
154536
2018-05-08 15:45:36:
正在同步...
2018-05-08 15:45:36:
同步失败...
2018-05-08 15:45:36:
154536
2018-05-08 15:45:36:
正在同步...
2018-05-08 15:45:36:
同步失败...
2018-05-08 15:45:36:
154536
2018-05-08 15:45:36:
正在同步...
2018-05-08 15:45:36:
同步失败...
2018-05-08 15:45:37:
154537
2018-05-08 15:45:37:
正在同步...
2018-05-08 15:45:37:
同步失败...
2018-05-08 15:46:00:
154600
2018-05-08 15:46:00:
正在同步...
2018-05-08 15:46:00:
同步失败...
2018-05-08 15:46:03:
154603
2018-05-08 15:46:03:
正在同步...
2018-05-08 15:46:03:
同步失败...
2018-05-08 15:46:06:
154606
2018-05-08 15:46:06:
正在同步...
2018-05-08 15:46:06:
同步失败...
2018-05-08 15:46:08:
154608
2018-05-08 15:46:08:
正在同步...
2018-05-08 15:46:08:
同步失败...
2018-05-08 15:47:15:
--------------程序启动!--------------
2018-05-08 15:47:30:
154730
2018-05-08 15:47:42:

2018-05-08 15:47:42:
同步失败...
2018-05-08 15:48:41:
--------------程序启动!--------------
2018-05-08 15:48:46:
154846
2018-05-08 15:49:07:
--------------程序启动!--------------
2018-05-08 15:49:51:
154951
2018-05-08 15:49:54:
! Failed to open file named () to transfer to device, hr = 0x80070003

2018-05-08 15:49:54:
同步失败...
2018-05-08 15:49:56:
154956
2018-05-08 15:49:59:
! Failed to open file named () to transfer to device, hr = 0x80070003

2018-05-08 15:49:59:
同步失败...
2018-05-08 15:50:01:
155001
2018-05-08 15:50:02:
! Failed to open file named () to transfer to device, hr = 0x80070003

2018-05-08 15:50:02:
同步失败...
