2018-05-08 16:04:06:
--------------程序启动!--------------
2018-05-08 16:04:14:
160414
2018-05-08 16:05:54:
--------------程序启动!--------------
2018-05-08 16:19:22:
--------------程序启动!--------------
2018-05-08 16:19:24:
161924
2018-05-08 16:19:47:
操作过于频繁!
2018-05-08 16:22:10:
--------------程序启动!--------------
2018-05-08 16:22:14:
162214
2018-05-08 16:27:25:
--------------程序启动!--------------
2018-05-08 16:28:38:
162838
2018-05-08 16:28:45:
请重新插拔一次,再重试!----
2018-05-08 16:28:45:
同步失败...
2018-05-08 16:28:49:
162849
2018-05-08 16:28:49:
请重新插拔一次,再重试!----
2018-05-08 16:28:49:
同步失败...
2018-05-08 16:34:14:
163414
2018-05-08 16:34:14:
正在同步...
2018-05-08 16:34:14:
同步表[device_type]操作完成!
2018-05-08 16:34:14:
同步表[device_info]操作完成!
2018-05-08 16:34:14:
同步表[work_template]操作完成!
2018-05-08 16:34:14:
同步表[work_type]操作完成!
2018-05-08 16:34:14:
同步表[work_task]操作完成!
2018-05-08 16:34:14:
同步表[work_record]操作完成!
2018-05-08 16:34:14:
同步表[sys_user]操作完成!
2018-05-08 16:36:23:
--------------程序结束!--------------
2018-05-08 16:38:06:
--------------程序启动!--------------
2018-05-08 16:38:08:
163808
2018-05-08 16:38:09:
正在同步...
2018-05-08 16:38:09:
同步表[device_type]操作完成!
2018-05-08 16:38:09:
同步表[device_info]操作完成!
2018-05-08 16:38:09:
同步表[work_template]操作完成!
2018-05-08 16:38:09:
同步表[work_type]操作完成!
2018-05-08 16:38:09:
同步表[work_task]操作完成!
2018-05-08 16:38:09:
同步表[work_record]操作完成!
2018-05-08 16:38:09:
同步表[sys_user]操作完成!
2018-05-08 16:38:09:
The file './/safetydata.db' was transferred to the device.
The newly created object's ID is 'o936D6'

2018-05-08 16:38:09:
同步完成...
2018-05-08 16:38:09:
163809
2018-05-08 16:38:22:
163822
2018-05-08 16:38:28:
请重新插拔一次,再重试!----
2018-05-08 16:38:28:
同步失败...
2018-05-08 16:38:31:
163831
2018-05-08 16:38:32:
正在同步...
2018-05-08 16:38:32:
同步表[device_type]操作完成!
2018-05-08 16:38:32:
同步表[device_info]操作完成!
2018-05-08 16:38:32:
同步表[work_template]操作完成!
2018-05-08 16:38:32:
同步表[work_type]操作完成!
2018-05-08 16:38:32:
同步表[work_task]操作完成!
2018-05-08 16:38:32:
同步表[work_record]操作完成!
2018-05-08 16:38:32:
同步表[sys_user]操作完成!
2018-05-08 16:38:32:
The file './/safetydata.db' was transferred to the device.
The newly created object's ID is 'o936D7'

2018-05-08 16:38:32:
同步完成...
2018-05-08 16:38:32:
163832
2018-05-08 16:38:34:
--------------程序结束!--------------
