2018-05-08 17:12:52:
--------------程序启动!--------------
2018-05-08 17:17:00:
--------------程序启动!--------------
2018-05-08 17:17:07:
171707
2018-05-08 17:17:08:
正在同步...
2018-05-08 17:17:11:
The file './/safetydata.db' was transferred to the device.
The newly created object's ID is 'o936DA'

2018-05-08 17:17:12:
同步完成...
2018-05-08 17:17:12:
171712
2018-05-08 17:17:14:
171714
2018-05-08 17:19:01:
--------------程序启动!--------------
2018-05-08 17:19:04:
171904
2018-05-08 17:19:05:
正在同步...
2018-05-08 17:22:25:
--------------程序启动!--------------
2018-05-08 17:22:27:
172227
2018-05-08 17:22:29:
请重新插拔一次,再重试!----
2018-05-08 17:22:29:
同步失败...
2018-05-08 17:22:34:
172234
2018-05-08 17:22:35:
正在同步...
2018-05-08 17:26:23:
--------------程序启动!--------------
2018-05-08 17:26:25:
172625
2018-05-08 17:26:25:
正在同步...
2018-05-08 17:34:36:
The file './/safetydata.db' was transferred to the device.
The newly created object's ID is 'o936DD'

2018-05-08 17:34:36:
同步完成...
2018-05-08 17:34:36:
173436
2018-05-08 17:38:44:
--------------程序启动!--------------
2018-05-08 17:38:46:
173846
2018-05-08 17:38:46:
请选择一项设备
2018-05-08 17:38:46:
同步失败...
2018-05-08 17:38:51:
173851
2018-05-08 17:38:52:
正在同步...
2018-05-08 17:42:15:
操作过于频繁!
2018-05-08 17:42:19:
操作过于频繁!
2018-05-08 17:42:26:
--------------程序启动!--------------
2018-05-08 17:49:18:
--------------程序启动!--------------
2018-05-08 17:49:23:
174923
2018-05-08 17:49:29:
请重新插拔一次,再重试!----
2018-05-08 17:49:29:
同步失败...
2018-05-08 17:49:31:
174931
2018-05-08 17:49:32:
请重新插拔一次,再重试!----
2018-05-08 17:49:32:
同步失败...
2018-05-08 17:49:35:
174935
2018-05-08 17:49:35:
请重新插拔一次,再重试!----
2018-05-08 17:49:35:
同步失败...
2018-05-08 17:50:04:
175004
2018-05-08 17:52:36:
--------------程序启动!--------------
2018-05-08 17:52:38:
175238
2018-05-08 17:52:39:
正在同步...
2018-05-08 17:54:05:
! Failed to transfer object to device, hr = 0x80004005

2018-05-08 17:54:11:
同步失败...
