2018-05-14 14:34:37:
--------------程序启动!--------------
2018-05-14 14:34:37:
开始初始化工作!
2018-05-14 14:34:37:
配置文件初始化成功!
2018-05-14 14:37:53:
143753
2018-05-14 14:37:53:
正在同步...
2018-05-14 14:37:53:
同步表[device_type]操作完成!
2018-05-14 14:38:08:
同步表[device_info]操作完成!
2018-05-14 14:38:08:
同步表[work_template]操作完成!
2018-05-14 14:38:08:
同步表[work_type]操作完成!
2018-05-14 14:38:09:
同步表[work_task]操作完成!
2018-05-14 14:38:09:
同步表[work_record]操作完成!
2018-05-14 14:38:09:
同步表[sys_user]操作完成!
2018-05-14 14:38:09:
The file './/safetydata.db' was transferred to the device.
The newly created object's ID is 'o94422'

2018-05-14 14:38:09:
同步完成...
2018-05-14 14:38:09:
143809
2018-05-14 14:39:37:
143937
2018-05-14 14:39:37:
正在同步...
2018-05-14 14:39:37:
同步表[device_type]操作完成!
2018-05-14 14:39:37:
同步表[device_info]操作完成!
2018-05-14 14:39:38:
同步表[work_template]操作完成!
2018-05-14 14:39:38:
同步表[work_type]操作完成!
2018-05-14 14:39:38:
同步表[work_task]操作完成!
2018-05-14 14:39:38:
同步表[work_record]操作完成!
2018-05-14 14:39:38:
同步表[sys_user]操作完成!
2018-05-14 14:39:38:
The file './/safetydata.db' was transferred to the device.
The newly created object's ID is 'o94423'

2018-05-14 14:39:38:
同步完成...
2018-05-14 14:39:38:
143938
