2018-05-14 20:42:19:
--------------程序启动!--------------
2018-05-14 20:42:19:
开始初始化工作!
2018-05-14 20:42:19:
配置文件初始化成功!
2018-05-14 20:42:38:
204238
2018-05-14 20:42:53:
AndroiddirID
2018-05-14 20:42:58:
safetydatafileID
2018-05-14 20:42:58:
丢失数据库文件,请确保文件存在!----
2018-05-14 20:42:59:
同步失败...
2018-05-14 20:43:02:
204302
2018-05-14 20:43:08:
AndroiddirIDoA
2018-05-14 20:43:20:
safetydatafileIDo94429
2018-05-14 20:43:25:
正在同步...
2018-05-14 20:43:25:
同步表[device_type]操作完成!
2018-05-14 20:43:28:
同步表[device_info]操作完成!
2018-05-14 20:43:28:
同步表[work_template]操作完成!
2018-05-14 20:43:29:
同步表[work_type]操作完成!
2018-05-14 20:43:29:
同步表[work_task]操作完成!
2018-05-14 20:43:29:
同步表[work_record]操作完成!
2018-05-14 20:43:29:
同步表[sys_user]操作完成!
2018-05-14 20:43:30:
The file './/safetydata.db' was transferred to the device.
The newly created object's ID is 'o9442A'

2018-05-14 20:43:30:
同步完成...
2018-05-14 20:43:30:
204330
