2018-05-14 15:32:20:
软件重复启动,失败!
2018-05-14 15:32:20:
--------------程序启动!--------------
2018-05-14 15:32:20:
开始初始化工作!
2018-05-14 15:32:20:
配置文件初始化成功!
2018-05-14 15:32:24:
--------------程序结束!--------------
2018-05-14 15:32:31:
--------------程序启动!--------------
2018-05-14 15:32:31:
开始初始化工作!
2018-05-14 15:32:31:
配置文件初始化成功!
2018-05-14 15:32:52:
153252
2018-05-14 15:32:53:
正在同步...
2018-05-14 15:32:54:
同步表[device_type]操作完成!
2018-05-14 15:33:13:
同步表[device_info]操作完成!
2018-05-14 15:33:52:
同步表[work_template]操作完成!
2018-05-14 15:33:53:
同步表[work_type]操作完成!
2018-05-14 15:33:53:
同步表[work_task]操作完成!
2018-05-14 15:33:53:
同步表[work_record]操作完成!
2018-05-14 15:33:53:
同步表[sys_user]操作完成!
2018-05-14 15:33:54:
The file './/safetydata.db' was transferred to the device.
The newly created object's ID is 'o94426'

2018-05-14 15:33:54:
同步完成...
2018-05-14 15:33:54:
153354
2018-05-14 15:33:56:
153356
2018-05-14 15:34:00:
丢失数据库文件,请确保文件存在!----
2018-05-14 15:34:00:
同步失败...
2018-05-14 15:34:05:
153405
2018-05-14 15:34:06:
正在同步...
2018-05-14 15:34:07:
同步表[device_type]操作完成!
2018-05-14 15:34:49:
同步表[device_info]操作完成!
2018-05-14 15:34:49:
同步表[work_template]操作完成!
2018-05-14 15:34:50:
同步表[work_type]操作完成!
2018-05-14 15:34:50:
同步表[work_task]操作完成!
2018-05-14 15:34:50:
同步表[work_record]操作完成!
2018-05-14 15:34:51:
同步表[sys_user]操作完成!
2018-05-14 15:34:51:
The file './/safetydata.db' was transferred to the device.
The newly created object's ID is 'o94427'

2018-05-14 15:34:51:
同步完成...
2018-05-14 15:34:51:
153451
2018-05-14 15:35:50:
153550
2018-05-14 15:35:50:
正在同步...
2018-05-14 15:35:52:
同步表[device_type]操作完成!
2018-05-14 15:35:59:
同步表[device_info]操作完成!
2018-05-14 15:36:00:
同步表[work_template]操作完成!
2018-05-14 15:36:00:
同步表[work_type]操作完成!
2018-05-14 15:36:01:
同步表[work_task]操作完成!
2018-05-14 15:36:01:
同步表[work_record]操作完成!
2018-05-14 15:36:01:
同步表[sys_user]操作完成!
2018-05-14 15:36:02:
The file './/safetydata.db' was transferred to the device.
The newly created object's ID is 'o94429'

2018-05-14 15:36:02:
同步完成...
2018-05-14 15:36:02:
153602
