2018-05-11 00:17:50:
--------------程序启动!--------------
2018-05-11 00:17:50:
开始初始化工作!
2018-05-11 00:17:50:
配置文件初始化成功!
2018-05-11 00:17:54:
请选择一项系统
2018-05-11 00:18:01:
正在同步...
2018-05-11 00:18:01:
同步表[device_type]操作完成!
2018-05-11 00:18:01:
同步表[device_info]操作完成!
2018-05-11 00:18:01:
没有数据需要同步,表[work_template]操作完成!
2018-05-11 00:18:01:
没有数据需要同步,表[work_template]操作完成!
2018-05-11 00:18:01:
同步表[work_record]操作完成!
2018-05-11 00:18:02:
同步表[sys_user]操作完成!
2018-05-11 00:18:02:
The file './/safetydata.db' was transferred to the device.
The newly created object's ID is 'o93F20'

2018-05-11 00:18:02:
同步完成...
2018-05-11 00:18:06:
操作过于频繁!
2018-05-11 00:18:15:
--------------程序结束!--------------
2018-05-11 00:19:47:
--------------程序启动!--------------
2018-05-11 00:19:48:
开始初始化工作!
2018-05-11 00:19:48:
配置文件初始化成功!
2018-05-11 00:20:03:
正在同步...
2018-05-11 00:20:03:
同步表[device_type]操作完成!
2018-05-11 00:20:03:
同步表[device_info]操作完成!
2018-05-11 00:20:03:
没有数据需要同步,表[work_template]操作完成!
2018-05-11 00:20:03:
没有数据需要同步,表[work_template]操作完成!
2018-05-11 00:20:03:
同步表[work_record]操作完成!
2018-05-11 00:20:03:
同步表[sys_user]操作完成!
2018-05-11 00:20:03:
The file './/safetydata.db' was transferred to the device.
The newly created object's ID is 'o93F21'

2018-05-11 00:20:03:
同步完成...
2018-05-11 00:20:12:
操作过于频繁!
2018-05-11 00:20:14:
--------------程序结束!--------------
2018-05-11 00:22:00:
--------------程序启动!--------------
2018-05-11 00:22:00:
开始初始化工作!
2018-05-11 00:22:00:
配置文件初始化成功!
2018-05-11 00:22:06:
正在同步...
2018-05-11 00:22:06:
同步表[device_type]操作完成!
2018-05-11 00:22:06:
同步表[device_info]操作完成!
2018-05-11 00:22:07:
同步表[work_template]操作完成!
2018-05-11 00:22:07:
同步表[work_type]操作完成!
2018-05-11 00:22:07:
table work_task has no column named ExecutorTime
2018-05-11 00:22:07:
library routine called out of sequence
2018-05-11 00:22:07:
设备类型表(work_task) -同步失败!
2018-05-11 00:22:07:
同步表[work_record]操作完成!
2018-05-11 00:22:07:
同步表[sys_user]操作完成!
2018-05-11 00:22:07:
同步失败...
2018-05-11 00:22:13:
正在同步...
2018-05-11 00:22:13:
同步表[device_type]操作完成!
2018-05-11 00:22:13:
同步表[device_info]操作完成!
2018-05-11 00:22:14:
同步表[work_template]操作完成!
2018-05-11 00:22:14:
同步表[work_type]操作完成!
2018-05-11 00:22:14:
table work_task has no column named ExecutorTime
2018-05-11 00:22:14:
library routine called out of sequence
2018-05-11 00:22:14:
设备类型表(work_task) -同步失败!
2018-05-11 00:22:14:
同步表[work_record]操作完成!
2018-05-11 00:22:14:
同步表[sys_user]操作完成!
2018-05-11 00:22:14:
同步失败...
2018-05-11 00:24:05:
正在同步...
2018-05-11 00:24:05:
同步表[device_type]操作完成!
2018-05-11 00:24:05:
同步表[device_info]操作完成!
2018-05-11 00:24:06:
同步表[work_template]操作完成!
2018-05-11 00:24:06:
同步表[work_type]操作完成!
2018-05-11 00:24:06:
table work_task has no column named ExecutorTime
2018-05-11 00:24:06:
library routine called out of sequence
2018-05-11 00:24:06:
设备类型表(work_task) -同步失败!
2018-05-11 00:24:06:
同步表[work_record]操作完成!
2018-05-11 00:24:06:
同步表[sys_user]操作完成!
2018-05-11 00:24:06:
同步失败...
2018-05-11 00:24:53:
正在同步...
2018-05-11 00:24:53:
同步表[device_type]操作完成!
2018-05-11 00:24:53:
同步表[device_info]操作完成!
2018-05-11 00:24:54:
同步表[work_template]操作完成!
2018-05-11 00:24:55:
同步表[work_type]操作完成!
2018-05-11 00:24:55:
table work_task has no column named ExecutorTime
2018-05-11 00:24:55:
library routine called out of sequence
2018-05-11 00:24:55:
设备类型表(work_task) -同步失败!
2018-05-11 00:24:55:
同步表[work_record]操作完成!
2018-05-11 00:24:55:
同步表[sys_user]操作完成!
2018-05-11 00:24:55:
同步失败...
2018-05-11 00:25:00:
--------------程序结束!--------------
2018-05-11 00:25:06:
--------------程序启动!--------------
2018-05-11 00:25:06:
开始初始化工作!
2018-05-11 00:25:06:
配置文件初始化成功!
2018-05-11 00:25:10:
正在同步...
2018-05-11 00:25:10:
同步表[device_type]操作完成!
2018-05-11 00:25:10:
同步表[device_info]操作完成!
2018-05-11 00:25:11:
同步表[work_template]操作完成!
2018-05-11 00:25:12:
同步表[work_type]操作完成!
2018-05-11 00:25:12:
table work_task has no column named ExecutorTime
2018-05-11 00:25:12:
library routine called out of sequence
2018-05-11 00:25:12:
设备类型表(work_task) -同步失败!
2018-05-11 00:25:12:
同步表[work_record]操作完成!
2018-05-11 00:25:12:
同步表[sys_user]操作完成!
2018-05-11 00:25:12:
同步失败...
2018-05-11 00:25:14:
正在同步...
2018-05-11 00:25:14:
同步表[device_type]操作完成!
2018-05-11 00:25:14:
同步表[device_info]操作完成!
2018-05-11 00:25:15:
同步表[work_template]操作完成!
2018-05-11 00:25:16:
同步表[work_type]操作完成!
2018-05-11 00:25:16:
table work_task has no column named ExecutorTime
2018-05-11 00:25:16:
library routine called out of sequence
2018-05-11 00:25:16:
设备类型表(work_task) -同步失败!
2018-05-11 00:25:16:
同步表[work_record]操作完成!
2018-05-11 00:25:16:
同步表[sys_user]操作完成!
2018-05-11 00:25:16:
同步失败...
2018-05-11 00:25:17:
--------------程序结束!--------------
2018-05-11 00:32:49:
--------------程序启动!--------------
2018-05-11 00:32:49:
开始初始化工作!
2018-05-11 00:32:49:
配置文件初始化成功!
2018-05-11 00:32:54:
正在同步...
2018-05-11 00:32:54:
同步表[device_type]操作完成!
2018-05-11 00:32:54:
同步表[device_info]操作完成!
2018-05-11 00:32:54:
同步表[work_template]操作完成!
2018-05-11 00:32:54:
同步表[work_type]操作完成!
2018-05-11 00:32:54:
同步表[work_task]操作完成!
2018-05-11 00:32:54:
同步表[work_record]操作完成!
2018-05-11 00:32:54:
同步表[sys_user]操作完成!
2018-05-11 00:32:54:
The file './/safetydata.db' was transferred to the device.
The newly created object's ID is 'o943CF'

2018-05-11 00:32:54:
同步完成...
2018-05-11 00:33:05:
操作过于频繁!
2018-05-11 00:33:09:
丢失数据库文件,请确保文件存在!----
2018-05-11 00:33:09:
同步失败...
2018-05-11 00:33:14:
正在同步...
2018-05-11 00:33:14:
同步表[device_type]操作完成!
2018-05-11 00:33:14:
同步表[device_info]操作完成!
2018-05-11 00:33:14:
同步表[work_template]操作完成!
2018-05-11 00:33:14:
同步表[work_type]操作完成!
2018-05-11 00:33:14:
同步表[work_task]操作完成!
2018-05-11 00:33:14:
同步表[work_record]操作完成!
2018-05-11 00:33:14:
同步表[sys_user]操作完成!
2018-05-11 00:33:14:
The file './/safetydata.db' was transferred to the device.
The newly created object's ID is 'o943D0'

2018-05-11 00:33:14:
同步完成...
2018-05-11 00:35:27:
--------------程序结束!--------------
