2018-05-10 12:59:32:
--------------程序启动!--------------
2018-05-10 12:59:32:
开始初始化工作!
2018-05-10 12:59:32:
配置文件初始化成功!
2018-05-10 12:59:42:
正在同步...
2018-05-10 12:59:42:
同步表[device_type]操作完成!
2018-05-10 12:59:42:
同步表[device_info]操作完成!
2018-05-10 12:59:43:
同步表[work_template]操作完成!
2018-05-10 12:59:43:
同步表[work_type]操作完成!
2018-05-10 12:59:43:
同步表[work_task]操作完成!
2018-05-10 12:59:43:
同步表[work_record]操作完成!
2018-05-10 12:59:43:
同步表[sys_user]操作完成!
2018-05-10 12:59:43:
The file './/safetydata.db' was transferred to the device.
The newly created object's ID is 'o93F1D'

2018-05-10 12:59:43:
同步完成...
2018-05-10 12:59:52:
操作过于频繁!
2018-05-10 12:59:57:
丢失数据库文件,请确保文件存在!----
2018-05-10 12:59:57:
同步失败...
