2018-05-10 13:00:04:
正在同步...
2018-05-10 13:00:04:
同步表[device_type]操作完成!
2018-05-10 13:00:04:
同步表[device_info]操作完成!
2018-05-10 13:00:04:
没有数据需要同步,表[work_template]操作完成!
2018-05-10 13:00:04:
没有数据需要同步,表[work_template]操作完成!
2018-05-10 13:00:04:
同步表[work_record]操作完成!
2018-05-10 13:00:04:
同步表[sys_user]操作完成!
2018-05-10 13:00:04:
The file './/safetydata.db' was transferred to the device.
The newly created object's ID is 'o93F1E'

2018-05-10 13:00:04:
同步完成...
2018-05-10 13:00:31:
--------------程序结束!--------------
