2018-04-28 14:00:00:
--------------程序启动!--------------
2018-04-28 14:00:53:
--------------程序启动!--------------
2018-04-28 14:00:55:
请选择一项区域
2018-04-28 14:01:43:
--------------程序启动!--------------
2018-04-28 14:08:04:
--------------程序启动!--------------
2018-04-28 14:08:06:
请选择一项区域
2018-04-28 14:26:49:
--------------程序启动!--------------
2018-04-28 14:28:15:
--------------程序启动!--------------
2018-04-28 14:29:43:
--------------程序启动!--------------
2018-04-28 14:32:08:
--------------程序启动!--------------
2018-04-28 14:33:05:
--------------程序启动!--------------
2018-04-28 14:33:51:
--------------程序启动!--------------
2018-04-28 14:34:03:
同步表[device_type]操作完成!
2018-04-28 14:36:00:
--------------程序启动!--------------
2018-04-28 14:36:08:
同步表[device_type]操作完成!
2018-04-28 14:36:31:
同步表[device_type]操作完成!
2018-04-28 14:37:17:
--------------程序结束!--------------
