2018-04-28 16:04:55:
--------------程序启动!--------------
2018-04-28 16:04:57:
--------------程序结束!--------------
2018-04-28 16:05:17:
--------------程序启动!--------------
2018-04-28 16:05:21:
同步表[device_type]操作完成!
2018-04-28 16:05:21:
同步表[device_type]操作完成!
2018-04-28 16:05:21:
同步表[work_type]操作完成!
2018-04-28 16:05:21:
同步新数据操作失败!SELECT `Id`,`DeviceId`,`WorkTypeId`,`Number`,`ProcessName`,`Results`,`SynchronState`,`CreateDate`,`CreateUserId` FROM `work_template` 		where DeviceId='b617d6b5494458e89c34e89a8fd32e29',SynchronState='0' and CreateDate >= '2017-10-30 00:00:00' and CreateDate <= '2018-04-28 16:05:21';		
2018-04-28 16:05:21:
You have an error in your SQL syntax; check the manual that corresponds to your MySQL server version for the right syntax to use near 'SynchronState='0' and CreateDate >= '2017-10-30 00:00:00' and CreateDate <= '201' at line 1
2018-04-28 16:05:21:
设备类型表(work_template) -同步失败!
2018-04-28 16:05:27:
同步表[device_type]操作完成!
2018-04-28 16:05:27:
同步表[device_type]操作完成!
2018-04-28 16:05:27:
同步表[work_type]操作完成!
2018-04-28 16:05:51:
同步新数据操作失败!SELECT `Id`,`DeviceId`,`WorkTypeId`,`Number`,`ProcessName`,`Results`,`SynchronState`,`CreateDate`,`CreateUserId` FROM `work_template` 		where DeviceId='b617d6b5494458e89c34e89a8fd32e29',SynchronState='0' and CreateDate >= '2017-10-30 00:00:00' and CreateDate <= '2018-04-28 16:05:34';		
2018-04-28 16:05:51:
You have an error in your SQL syntax; check the manual that corresponds to your MySQL server version for the right syntax to use near 'SynchronState='0' and CreateDate >= '2017-10-30 00:00:00' and CreateDate <= '201' at line 1
2018-04-28 16:05:51:
设备类型表(work_template) -同步失败!
2018-04-28 16:06:44:
--------------程序启动!--------------
2018-04-28 16:07:24:
同步表[device_type]操作完成!
2018-04-28 16:07:24:
同步表[device_type]操作完成!
2018-04-28 16:07:24:
同步表[work_type]操作完成!
2018-04-28 16:07:51:
同步表[work_template]操作完成!
2018-04-28 16:09:31:
同步表[device_type]操作完成!
2018-04-28 16:09:31:
同步表[device_type]操作完成!
2018-04-28 16:09:31:
同步表[work_type]操作完成!
2018-04-28 16:11:11:
--------------程序启动!--------------
2018-04-28 16:11:14:
同步表[device_type]操作完成!
2018-04-28 16:11:14:
同步表[device_type]操作完成!
2018-04-28 16:11:14:
同步表[work_type]操作完成!
2018-04-28 16:11:24:
同步表[work_template]操作完成!
2018-04-28 16:30:05:
--------------程序启动!--------------
2018-04-28 16:30:33:
同步表[device_type]操作完成!
2018-04-28 16:36:04:
--------------程序启动!--------------
2018-04-28 16:36:06:
同步表[device_type]操作完成!
2018-04-28 16:44:47:
--------------程序启动!--------------
2018-04-28 16:44:53:
同步表[device_type]操作完成!
2018-04-28 16:45:31:
同步表[device_type]操作完成!
2018-04-28 16:45:31:
同步表[work_type]操作完成!
2018-04-28 16:45:31:
同步表[work_template]操作完成!
2018-04-28 16:45:41:
同步表[work_task]操作完成!
2018-04-28 16:46:57:
同步表[device_type]操作完成!
2018-04-28 16:47:00:
同步表[device_type]操作完成!
2018-04-28 16:47:00:
同步表[work_type]操作完成!
2018-04-28 16:47:00:
同步表[work_template]操作完成!
2018-04-28 16:47:10:
no such column: strDeviceID
2018-04-28 16:47:57:
--------------程序启动!--------------
2018-04-28 16:47:59:
同步表[device_type]操作完成!
2018-04-28 16:48:00:
同步表[device_type]操作完成!
2018-04-28 16:48:00:
同步表[work_type]操作完成!
2018-04-28 16:48:00:
同步表[work_template]操作完成!
2018-04-28 16:48:05:
no such column: strDeviceID
2018-04-28 16:48:23:
--------------程序启动!--------------
2018-04-28 16:52:14:
--------------程序启动!--------------
2018-04-28 16:52:20:
同步表[device_type]操作完成!
2018-04-28 16:52:21:
同步表[device_type]操作完成!
2018-04-28 16:52:21:
同步表[work_type]操作完成!
2018-04-28 16:52:21:
同步表[work_template]操作完成!
2018-04-28 16:52:28:
no such column: strDeviceID
2018-04-28 16:52:32:
library routine called out of sequence
2018-04-28 16:52:32:
设备类型表(work_task) -同步失败!
2018-04-28 16:52:43:
同步表[device_type]操作完成!
2018-04-28 16:52:43:
同步表[device_type]操作完成!
2018-04-28 16:52:43:
同步表[work_type]操作完成!
2018-04-28 16:52:43:
同步表[work_template]操作完成!
2018-04-28 16:53:35:
--------------程序启动!--------------
2018-04-28 16:53:38:
同步表[device_type]操作完成!
2018-04-28 16:53:38:
同步表[device_type]操作完成!
2018-04-28 16:53:38:
同步表[work_type]操作完成!
2018-04-28 16:53:38:
同步表[work_template]操作完成!
2018-04-28 16:53:47:
从phone更新RFId和完成状态到服务端work_task失败!
2018-04-28 16:53:47:

2018-04-28 16:53:47:
设备类型表(work_task) -同步失败!
2018-04-28 16:54:07:
同步表[device_type]操作完成!
2018-04-28 16:54:07:
同步表[device_type]操作完成!
2018-04-28 16:54:07:
同步表[work_type]操作完成!
2018-04-28 16:54:07:
同步表[work_template]操作完成!
2018-04-28 16:55:56:
从phone更新RFId和完成状态到服务端work_task失败!
2018-04-28 16:55:56:

2018-04-28 16:55:56:
设备类型表(work_task) -同步失败!
2018-04-28 16:56:00:
同步表[device_type]操作完成!
2018-04-28 16:56:00:
同步表[device_type]操作完成!
2018-04-28 16:56:00:
同步表[work_type]操作完成!
2018-04-28 16:56:00:
同步表[work_template]操作完成!
2018-04-28 16:58:23:
--------------程序启动!--------------
2018-04-28 16:58:25:
同步表[device_type]操作完成!
2018-04-28 16:58:25:
同步表[device_type]操作完成!
2018-04-28 16:58:25:
同步表[work_type]操作完成!
2018-04-28 16:58:25:
同步表[work_template]操作完成!
2018-04-28 16:58:30:
同步表[work_task]操作完成!
2018-04-28 16:58:56:
同步表[device_type]操作完成!
2018-04-28 16:58:56:
同步表[device_type]操作完成!
2018-04-28 16:58:56:
同步表[work_type]操作完成!
2018-04-28 16:58:56:
同步表[work_template]操作完成!
2018-04-28 16:58:59:
同步表[work_task]操作完成!
