2018-04-28 17:16:58:
--------------程序启动!--------------
2018-04-28 17:17:01:
同步表[device_type]操作完成!
2018-04-28 17:17:01:
同步表[device_type]操作完成!
2018-04-28 17:17:01:
同步表[work_type]操作完成!
2018-04-28 17:17:01:
同步表[work_template]操作完成!
2018-04-28 17:17:03:
同步表[work_task]操作完成!
2018-04-28 17:17:04:
从phone更新RFId和完成状态到服务端work_task失败!
2018-04-28 17:17:04:

2018-04-28 17:17:04:
设备类型表(work_task) -同步失败!
2018-04-28 17:18:04:
--------------程序启动!--------------
2018-04-28 17:18:07:
同步表[device_type]操作完成!
2018-04-28 17:18:07:
同步表[device_type]操作完成!
2018-04-28 17:18:07:
同步表[work_type]操作完成!
2018-04-28 17:18:07:
同步表[work_template]操作完成!
2018-04-28 17:18:07:
同步表[work_task]操作完成!
2018-04-28 17:20:53:
--------------程序启动!--------------
2018-04-28 17:20:56:
请选择一项区域
2018-04-28 17:20:57:
同步表[device_type]操作完成!
2018-04-28 17:20:57:
同步表[device_type]操作完成!
2018-04-28 17:20:57:
同步表[work_type]操作完成!
2018-04-28 17:20:58:
同步表[work_template]操作完成!
2018-04-28 17:20:58:
同步表[work_task]操作完成!
2018-04-28 17:22:04:
--------------程序启动!--------------
2018-04-28 17:22:09:
同步表[device_type]操作完成!
2018-04-28 17:22:09:
同步表[device_type]操作完成!
2018-04-28 17:22:09:
同步表[work_type]操作完成!
2018-04-28 17:22:09:
同步表[work_template]操作完成!
2018-04-28 17:22:09:
同步表[work_task]操作完成!
2018-04-28 17:22:40:
--------------程序启动!--------------
2018-04-28 17:22:43:
同步表[device_type]操作完成!
2018-04-28 17:22:43:
同步表[device_type]操作完成!
2018-04-28 17:22:43:
同步表[work_type]操作完成!
2018-04-28 17:22:43:
同步表[work_template]操作完成!
2018-04-28 17:22:43:
同步表[work_task]操作完成!
2018-04-28 17:24:55:
--------------程序启动!--------------
2018-04-28 17:24:57:
同步表[device_type]操作完成!
2018-04-28 17:24:57:
同步表[device_type]操作完成!
2018-04-28 17:24:57:
同步表[work_type]操作完成!
2018-04-28 17:24:57:
同步表[work_template]操作完成!
2018-04-28 17:24:57:
同步表[work_task]操作完成!
2018-04-28 17:25:34:
从phone更新记录数据服务端work_record失败!
2018-04-28 17:25:58:

2018-04-28 17:25:58:
设备类型表(work_record) -同步失败!
2018-04-28 17:26:04:
同步表[device_type]操作完成!
2018-04-28 17:26:04:
同步表[device_type]操作完成!
2018-04-28 17:26:05:
同步表[work_type]操作完成!
2018-04-28 17:26:05:
同步表[work_template]操作完成!
2018-04-28 17:26:05:
同步表[work_task]操作完成!
2018-04-28 17:26:50:
--------------程序启动!--------------
2018-04-28 17:26:52:
同步表[device_type]操作完成!
2018-04-28 17:26:53:
同步表[device_type]操作完成!
2018-04-28 17:26:53:
同步表[work_type]操作完成!
2018-04-28 17:26:53:
同步表[work_template]操作完成!
2018-04-28 17:26:53:
同步表[work_task]操作完成!
2018-04-28 17:26:56:
同步表[work_record]操作完成!
2018-04-28 17:26:58:
同步表[device_type]操作完成!
2018-04-28 17:26:58:
同步表[device_type]操作完成!
2018-04-28 17:26:58:
同步表[work_type]操作完成!
2018-04-28 17:26:58:
同步表[work_template]操作完成!
2018-04-28 17:26:58:
同步表[work_task]操作完成!
2018-04-28 17:26:58:
同步表[work_record]操作完成!
2018-04-28 17:26:58:
同步表[device_type]操作完成!
2018-04-28 17:26:59:
同步表[device_type]操作完成!
2018-04-28 17:26:59:
同步表[work_type]操作完成!
2018-04-28 17:26:59:
同步表[work_template]操作完成!
2018-04-28 17:26:59:
同步表[work_task]操作完成!
2018-04-28 17:26:59:
同步表[work_record]操作完成!
2018-04-28 17:26:59:
同步表[device_type]操作完成!
2018-04-28 17:26:59:
同步表[device_type]操作完成!
2018-04-28 17:26:59:
同步表[work_type]操作完成!
2018-04-28 17:26:59:
同步表[work_template]操作完成!
2018-04-28 17:26:59:
同步表[work_task]操作完成!
2018-04-28 17:26:59:
同步表[work_record]操作完成!
2018-04-28 17:26:59:
同步表[device_type]操作完成!
2018-04-28 17:26:59:
同步表[device_type]操作完成!
2018-04-28 17:26:59:
同步表[work_type]操作完成!
2018-04-28 17:26:59:
同步表[work_template]操作完成!
2018-04-28 17:26:59:
同步表[work_task]操作完成!
2018-04-28 17:26:59:
同步表[work_record]操作完成!
2018-04-28 17:26:59:
同步表[device_type]操作完成!
2018-04-28 17:27:00:
同步表[device_type]操作完成!
2018-04-28 17:27:00:
同步表[work_type]操作完成!
2018-04-28 17:27:00:
同步表[work_template]操作完成!
2018-04-28 17:27:00:
同步表[work_task]操作完成!
2018-04-28 17:27:00:
同步表[work_record]操作完成!
2018-04-28 17:27:00:
同步表[device_type]操作完成!
2018-04-28 17:27:00:
同步表[device_type]操作完成!
2018-04-28 17:27:00:
同步表[work_type]操作完成!
2018-04-28 17:27:00:
同步表[work_template]操作完成!
2018-04-28 17:27:00:
同步表[work_task]操作完成!
2018-04-28 17:27:00:
同步表[work_record]操作完成!
2018-04-28 17:27:00:
同步表[device_type]操作完成!
2018-04-28 17:27:00:
同步表[device_type]操作完成!
2018-04-28 17:27:00:
同步表[work_type]操作完成!
2018-04-28 17:27:00:
同步表[work_template]操作完成!
2018-04-28 17:27:00:
同步表[work_task]操作完成!
2018-04-28 17:27:00:
同步表[work_record]操作完成!
2018-04-28 17:27:00:
同步表[device_type]操作完成!
2018-04-28 17:27:00:
同步表[device_type]操作完成!
2018-04-28 17:27:00:
同步表[work_type]操作完成!
2018-04-28 17:27:00:
同步表[work_template]操作完成!
2018-04-28 17:27:00:
同步表[work_task]操作完成!
2018-04-28 17:27:00:
同步表[work_record]操作完成!
2018-04-28 17:27:00:
同步表[device_type]操作完成!
2018-04-28 17:27:01:
同步表[device_type]操作完成!
2018-04-28 17:27:01:
同步表[work_type]操作完成!
2018-04-28 17:27:01:
同步表[work_template]操作完成!
2018-04-28 17:27:01:
同步表[work_task]操作完成!
2018-04-28 17:27:01:
同步表[work_record]操作完成!
2018-04-28 17:27:01:
同步表[device_type]操作完成!
2018-04-28 17:27:01:
同步表[device_type]操作完成!
2018-04-28 17:27:01:
同步表[work_type]操作完成!
2018-04-28 17:27:01:
同步表[work_template]操作完成!
2018-04-28 17:27:01:
同步表[work_task]操作完成!
2018-04-28 17:27:01:
同步表[work_record]操作完成!
2018-04-28 17:27:01:
同步表[device_type]操作完成!
2018-04-28 17:27:01:
同步表[device_type]操作完成!
2018-04-28 17:27:01:
同步表[work_type]操作完成!
2018-04-28 17:27:01:
同步表[work_template]操作完成!
2018-04-28 17:27:01:
同步表[work_task]操作完成!
2018-04-28 17:27:01:
同步表[work_record]操作完成!
2018-04-28 17:27:01:
同步表[device_type]操作完成!
2018-04-28 17:27:01:
同步表[device_type]操作完成!
2018-04-28 17:27:01:
同步表[work_type]操作完成!
2018-04-28 17:27:01:
同步表[work_template]操作完成!
2018-04-28 17:27:01:
同步表[work_task]操作完成!
2018-04-28 17:27:01:
同步表[work_record]操作完成!
2018-04-28 17:27:01:
同步表[device_type]操作完成!
2018-04-28 17:27:01:
同步表[device_type]操作完成!
2018-04-28 17:27:01:
同步表[work_type]操作完成!
2018-04-28 17:27:01:
同步表[work_template]操作完成!
2018-04-28 17:27:02:
同步表[work_task]操作完成!
2018-04-28 17:27:02:
同步表[work_record]操作完成!
2018-04-28 17:27:02:
同步表[device_type]操作完成!
2018-04-28 17:27:02:
同步表[device_type]操作完成!
2018-04-28 17:27:02:
同步表[work_type]操作完成!
2018-04-28 17:27:02:
同步表[work_template]操作完成!
2018-04-28 17:27:02:
同步表[work_task]操作完成!
2018-04-28 17:27:02:
同步表[work_record]操作完成!
2018-04-28 17:27:04:
同步表[device_type]操作完成!
2018-04-28 17:27:04:
同步表[device_type]操作完成!
2018-04-28 17:27:04:
同步表[work_type]操作完成!
2018-04-28 17:27:04:
同步表[work_template]操作完成!
2018-04-28 17:27:04:
同步表[work_task]操作完成!
2018-04-28 17:27:04:
同步表[work_record]操作完成!
2018-04-28 17:27:05:
同步表[device_type]操作完成!
2018-04-28 17:27:05:
同步表[device_type]操作完成!
2018-04-28 17:27:05:
同步表[work_type]操作完成!
2018-04-28 17:27:05:
同步表[work_template]操作完成!
2018-04-28 17:27:05:
同步表[work_task]操作完成!
2018-04-28 17:27:05:
同步表[work_record]操作完成!
2018-04-28 17:27:06:
--------------程序结束!--------------
