2018-04-28 11:05:01:
--------------程序启动!--------------
2018-04-28 11:05:05:
请选择一项区域
2018-04-28 11:05:09:
请选择一项区域
2018-04-28 11:05:15:
请选择一项区域
2018-04-28 11:05:24:
请选择一项区域
2018-04-28 11:09:42:
--------------程序启动!--------------
2018-04-28 11:09:49:
同步表[device_type]操作完成!
2018-04-28 11:16:56:
同步表[device_type]操作完成!
2018-04-28 11:41:40:
--------------程序启动!--------------
2018-04-28 11:41:44:
删除操作失败!SELECT `device_type`.`Id`,		FROM `device_type` where AreaId='64a803573ba04b17a8c194771bc0e639' and SynchronState='2';		
2018-04-28 11:41:44:
You have an error in your SQL syntax; check the manual that corresponds to your MySQL server version for the right syntax to use near 'FROM `device_type` where AreaId='64a803573ba04b17a8c194771bc0e639' and SynchronS' at line 1
2018-04-28 11:41:44:
设备类型表(device_type) -同步失败!
2018-04-28 11:42:07:
删除操作失败!SELECT `device_type`.`Id`,		FROM `device_type` where AreaId='64a803573ba04b17a8c194771bc0e639' and SynchronState='2';		
2018-04-28 11:42:07:
You have an error in your SQL syntax; check the manual that corresponds to your MySQL server version for the right syntax to use near 'FROM `device_type` where AreaId='64a803573ba04b17a8c194771bc0e639' and SynchronS' at line 1
2018-04-28 11:42:07:
设备类型表(device_type) -同步失败!
2018-04-28 11:43:30:
--------------程序启动!--------------
2018-04-28 11:43:35:
同步表[device_type]操作完成!
2018-04-28 11:43:36:
同步表[device_type]操作完成!
2018-04-28 11:50:03:
--------------程序启动!--------------
2018-04-28 11:50:24:
同步表[device_type]操作完成!
2018-04-28 11:50:24:
同步表[device_type]操作完成!
2018-04-28 11:52:09:
同步新数据操作失败!SELECT `device_type`.`Id`,		`device_type`.`Name`,		`device_type`.`ParentId`,		`device_type`.`AreaId`,		`device_type`.`SynchronState`,		`device_type`.`CreateDate`,		`device_type`.`CreateUserId`		FROM `device_type` where AreaId='64a803573ba04b17a8c194771bc0e639' and SynchronState='0';		
2018-04-28 11:52:09:
Commands out of sync; you can't run this command now
2018-04-28 11:52:09:
设备类型表(device_type) -同步失败!
2018-04-28 11:54:17:
同步新数据操作失败!SELECT `device_type`.`Id`,		`device_type`.`Name`,		`device_type`.`ParentId`,		`device_type`.`AreaId`,		`device_type`.`SynchronState`,		`device_type`.`CreateDate`,		`device_type`.`CreateUserId`		FROM `device_type` where AreaId='64a803573ba04b17a8c194771bc0e639' and SynchronState='0';		
2018-04-28 11:54:58:
Commands out of sync; you can't run this command now
2018-04-28 11:54:58:
设备类型表(device_type) -同步失败!
2018-04-28 11:58:24:
--------------程序启动!--------------
2018-04-28 11:58:43:
同步表[device_type]操作完成!
2018-04-28 11:58:44:
同步表[device_type]操作完成!
2018-04-28 11:58:57:
同步表[device_type]操作完成!
2018-04-28 11:58:58:
同步表[device_type]操作完成!
2018-04-28 11:59:31:
同步表[device_type]操作完成!
2018-04-28 11:59:32:
同步表[device_type]操作完成!
2018-04-28 11:59:36:
同步表[device_type]操作完成!
2018-04-28 11:59:37:
同步表[device_type]操作完成!
