2018-05-24 18:15:05:
软件重复启动,失败!
2018-05-24 18:15:05:
--------------程序启动!--------------
2018-05-24 18:15:05:
开始初始化工作!
2018-05-24 18:15:05:
配置文件初始化成功!
2018-05-24 18:15:30:
--------------程序结束!--------------
2018-05-24 18:27:56:
--------------程序启动!--------------
2018-05-24 18:31:01:
--------------程序启动!--------------
2018-05-24 18:31:01:
开始初始化工作!
2018-05-24 18:31:01:
配置文件初始化成功!
2018-05-24 18:32:58:
--------------程序启动!--------------
2018-05-24 18:32:58:
开始初始化工作!
2018-05-24 18:32:58:
配置文件初始化成功!
2018-05-24 18:33:23:
--------------程序启动!--------------
2018-05-24 18:33:23:
开始初始化工作!
2018-05-24 18:33:23:
配置文件初始化成功!
2018-05-24 18:36:13:
--------------程序启动!--------------
2018-05-24 18:36:13:
开始初始化工作!
2018-05-24 18:36:13:
配置文件初始化成功!
2018-05-24 18:36:36:
--------------程序结束!--------------
2018-05-24 18:38:58:
--------------程序启动!--------------
2018-05-24 18:38:58:
开始初始化工作!
2018-05-24 18:38:58:
配置文件初始化成功!
2018-05-24 18:39:02:
183902
2018-05-24 18:40:38:
Android#2597dirID[I:\Android]#err#end
2018-05-24 18:40:38:
safetydata#2604fileID[#end
2018-05-24 18:40:38:
丢失数据库文件,请确保文件存在!----
2018-05-24 18:40:38:
同步失败...
2018-05-24 18:41:58:
184158
2018-05-24 18:43:28:
Android#2597dirID[I:\Android]#err#end
2018-05-24 18:43:28:
safetydata#2604fileID[#end
2018-05-24 18:43:28:
丢失数据库文件,请确保文件存在!----
2018-05-24 18:43:28:
同步失败...
2018-05-24 18:43:54:
更新完成,若获取失败,请重新插拔一次设备再重试!
2018-05-24 18:46:27:
184627
2018-05-24 18:46:57:
Android#2597dirID[I:\Android]#err#end
2018-05-24 18:46:57:
safetydata#2604fileID[#end
2018-05-24 18:46:57:
丢失数据库文件,请确保文件存在!----
2018-05-24 18:46:57:
同步失败...
2018-05-24 18:52:08:
--------------程序启动!--------------
2018-05-24 18:52:08:
开始初始化工作!
2018-05-24 18:52:08:
配置文件初始化成功!
2018-05-24 18:52:17:
185217
2018-05-24 18:52:18:
Android#2597dirID[oA]#err#end
2018-05-24 18:52:19:
safetydata#2604fileID[o9442B#end
2018-05-24 18:52:19:
正在同步...
2018-05-24 18:52:20:
同步表[device_type]操作完成!
2018-05-24 18:52:21:
同步表[device_info]操作完成!
2018-05-24 18:52:21:
同步表[work_template]操作完成!
2018-05-24 18:52:21:
同步表[work_type]操作完成!
2018-05-24 18:52:21:
同步表[work_task]操作完成!
2018-05-24 18:52:21:
同步表[work_record]操作完成!
2018-05-24 18:52:21:
同步表[sys_user]操作完成!
2018-05-24 18:52:22:
The file './/safetydata.db' was transferred to the device.
The newly created object's ID is 'o97435'

2018-05-24 18:52:22:
同步完成...
2018-05-24 18:52:22:
185222
2018-05-24 18:52:25:
185225
2018-05-24 18:52:50:
--------------程序启动!--------------
2018-05-24 18:52:50:
开始初始化工作!
2018-05-24 18:52:50:
配置文件初始化成功!
2018-05-24 18:53:01:
185301
2018-05-24 18:53:36:
--------------程序启动!--------------
2018-05-24 18:53:36:
开始初始化工作!
2018-05-24 18:53:36:
配置文件初始化成功!
2018-05-24 18:53:41:
185341
2018-05-24 18:53:52:
--------------程序启动!--------------
2018-05-24 18:53:52:
开始初始化工作!
2018-05-24 18:53:52:
配置文件初始化成功!
2018-05-24 18:53:55:
请选择一项系统
2018-05-24 18:53:58:
185358
2018-05-24 18:54:03:
Android#2597dirID[I:\Android]#err#end
2018-05-24 18:54:03:
safetydata#2604fileID[#end
2018-05-24 18:54:03:
丢失数据库文件,请确保文件存在!----
2018-05-24 18:54:03:
同步失败...
2018-05-24 18:54:06:
185406
