2018-05-13 18:10:50:
--------------程序启动!--------------
2018-05-13 18:10:50:
开始初始化工作!
2018-05-13 18:10:50:
配置文件初始化成功!
2018-05-13 18:15:39:
--------------程序结束!--------------
2018-05-13 18:17:24:
--------------程序启动!--------------
2018-05-13 18:17:24:
开始初始化工作!
2018-05-13 18:17:24:
配置文件初始化成功!
2018-05-13 18:21:06:
--------------程序结束!--------------
2018-05-13 18:21:50:
--------------程序启动!--------------
2018-05-13 18:21:50:
开始初始化工作!
2018-05-13 18:21:50:
配置文件初始化成功!
2018-05-13 18:22:25:
更新完成,若获取失败,请重新插拔一次设备再重试!
2018-05-13 18:22:39:
--------------程序结束!--------------
2018-05-13 18:22:44:
--------------程序启动!--------------
2018-05-13 18:22:44:
开始初始化工作!
2018-05-13 18:22:44:
配置文件初始化成功!
2018-05-13 18:22:52:
请选择一项系统
2018-05-13 18:22:55:
请选择一项系统
2018-05-13 18:22:57:
请选择一项设备
2018-05-13 18:22:57:
同步失败...
2018-05-13 18:23:04:
请选择一项设备
2018-05-13 18:23:04:
同步失败...
2018-05-13 18:23:10:
请选择一项设备
2018-05-13 18:23:10:
同步失败...
2018-05-13 18:24:29:
--------------程序结束!--------------
2018-05-13 18:25:09:
--------------程序启动!--------------
2018-05-13 18:25:09:
开始初始化工作!
2018-05-13 18:25:09:
配置文件初始化成功!
2018-05-13 18:25:14:
请选择一项设备
2018-05-13 18:25:14:
同步失败...
2018-05-13 18:25:17:
请选择一项系统
2018-05-13 18:25:21:
--------------程序结束!--------------
2018-05-13 18:34:25:
--------------程序启动!--------------
2018-05-13 18:34:25:
开始初始化工作!
2018-05-13 18:34:25:
配置文件初始化成功!
2018-05-13 18:34:54:
--------------程序结束!--------------
2018-05-13 18:41:40:
--------------程序启动!--------------
2018-05-13 18:41:40:
开始初始化工作!
2018-05-13 18:41:40:
配置文件初始化成功!
2018-05-13 18:50:49:
--------------程序结束!--------------
