2018-04-26 14:00:00:
正在同步...
2018-04-26 14:03:10:
The file './/phone.db' was transferred to the device.
The newly created object's ID is 'o9130A'

2018-04-26 14:03:10:
同步完成...
2018-04-26 14:03:10:
140310
2018-04-26 14:03:18:
140318
2018-04-26 14:03:21:
正在同步...
2018-04-26 14:05:26:
The file './/phone.db' was transferred to the device.
The newly created object's ID is 'o9130B'

2018-04-26 14:05:26:
同步完成...
2018-04-26 14:05:26:
140526
2018-04-26 14:07:19:
--------------程序启动!--------------
2018-04-26 14:07:20:
140720
2018-04-26 14:07:21:
正在同步...
2018-04-26 14:07:23:
The file './/phone.db' was transferred to the device.
The newly created object's ID is 'o9130C'

2018-04-26 14:07:23:
同步完成...
2018-04-26 14:07:23:
140723
2018-04-26 14:07:26:
140726
2018-04-26 14:07:26:
正在同步...
2018-04-26 14:07:26:
The file './/phone.db' was transferred to the device.
The newly created object's ID is 'o9130D'

2018-04-26 14:07:26:
同步完成...
2018-04-26 14:07:26:
140726
2018-04-26 14:07:27:
140727
2018-04-26 14:07:27:
正在同步...
2018-04-26 14:07:27:
The file './/phone.db' was transferred to the device.
The newly created object's ID is 'o9130E'

2018-04-26 14:07:27:
同步完成...
2018-04-26 14:07:27:
140727
2018-04-26 14:07:31:
140731
2018-04-26 14:07:31:
正在同步...
2018-04-26 14:07:31:
The file './/phone.db' was transferred to the device.
The newly created object's ID is 'o9130F'

2018-04-26 14:07:31:
同步完成...
2018-04-26 14:07:31:
140731
2018-04-26 14:07:33:
140733
2018-04-26 14:07:33:
正在同步...
2018-04-26 14:07:33:
The file './/phone.db' was transferred to the device.
The newly created object's ID is 'o91310'

2018-04-26 14:07:33:
同步完成...
2018-04-26 14:07:33:
140733
2018-04-26 14:07:36:
140736
2018-04-26 14:07:36:
正在同步...
2018-04-26 14:07:36:
The file './/phone.db' was transferred to the device.
The newly created object's ID is 'o91311'

2018-04-26 14:07:36:
同步完成...
2018-04-26 14:07:36:
140736
2018-04-26 14:07:36:
140736
2018-04-26 14:07:36:
正在同步...
2018-04-26 14:07:36:
The file './/phone.db' was transferred to the device.
The newly created object's ID is 'o91312'

2018-04-26 14:07:36:
同步完成...
2018-04-26 14:07:36:
140736
