2018-04-26 13:46:41:
--------------程序启动!--------------
2018-04-26 13:52:08:
135208
2018-04-26 13:52:10:
正在同步...
2018-04-26 13:52:10:
file is encrypted or is not a database
2018-04-26 13:52:10:
同步失败...
2018-04-26 13:52:11:
135211
2018-04-26 13:52:12:
正在同步...
2018-04-26 13:52:47:
操作过于频繁!
2018-04-26 13:52:57:
--------------程序启动!--------------
2018-04-26 13:53:00:
135300
2018-04-26 13:53:02:
正在同步...
2018-04-26 13:53:02:
file is encrypted or is not a database
2018-04-26 13:53:02:
同步失败...
2018-04-26 13:53:06:
135306
2018-04-26 13:53:07:
正在同步...
2018-04-26 13:53:44:
操作过于频繁!
2018-04-26 13:53:48:
--------------程序启动!--------------
2018-04-26 13:53:51:
135351
2018-04-26 13:53:54:
正在同步...
2018-04-26 13:53:55:
file is encrypted or is not a database
2018-04-26 13:54:01:
同步失败...
2018-04-26 13:54:04:
135404
2018-04-26 13:54:06:
正在同步...
2018-04-26 13:56:57:
--------------程序启动!--------------
2018-04-26 13:57:06:
135706
2018-04-26 13:57:10:
正在同步...
2018-04-26 13:57:12:
file is encrypted or is not a database
2018-04-26 13:57:14:
The file './/libmysqld1.dll' was transferred to the device.
The newly created object's ID is 'o91307'

2018-04-26 13:57:14:
同步完成...
2018-04-26 13:57:14:
135714
2018-04-26 13:57:15:
135715
2018-04-26 13:57:17:
正在同步...
2018-04-26 13:57:19:
file is encrypted or is not a database
2018-04-26 13:57:22:
The file './/libmysqld1.dll' was transferred to the device.
The newly created object's ID is 'o91308'

2018-04-26 13:57:24:
同步完成...
2018-04-26 13:57:25:
135725
2018-04-26 13:59:01:
--------------程序启动!--------------
2018-04-26 13:59:07:
135907
2018-04-26 13:59:09:
正在同步...
2018-04-26 13:59:15:
no such table: fds
2018-04-26 13:59:40:
The file './/phone.db' was transferred to the device.
The newly created object's ID is 'o91309'

2018-04-26 13:59:40:
同步完成...
2018-04-26 13:59:40:
135940
2018-04-26 13:59:58:
135958
