2018-05-10 22:14:43:
--------------程序启动!--------------
2018-05-10 22:14:43:
开始初始化工作!
2018-05-10 22:14:43:
配置文件初始化成功!
2018-05-10 22:15:06:
--------------程序启动!--------------
2018-05-10 22:15:06:
开始初始化工作!
2018-05-10 22:15:06:
配置文件初始化成功!
2018-05-10 22:16:20:
--------------程序启动!--------------
2018-05-10 22:16:20:
开始初始化工作!
2018-05-10 22:16:20:
配置文件初始化成功!
2018-05-10 22:32:20:
--------------程序启动!--------------
2018-05-10 22:32:20:
开始初始化工作!
2018-05-10 22:32:20:
配置文件初始化成功!
2018-05-10 22:32:22:
--------------程序结束!--------------
2018-05-10 22:36:48:
--------------程序启动!--------------
2018-05-10 22:36:48:
开始初始化工作!
2018-05-10 22:36:48:
配置文件初始化成功!
2018-05-10 22:39:13:
--------------程序启动!--------------
2018-05-10 22:39:13:
开始初始化工作!
2018-05-10 22:39:13:
配置文件初始化成功!
2018-05-10 22:45:59:
--------------程序启动!--------------
2018-05-10 22:45:59:
开始初始化工作!
2018-05-10 22:45:59:
配置文件初始化成功!
2018-05-10 22:47:05:
--------------程序启动!--------------
2018-05-10 22:47:06:
开始初始化工作!
2018-05-10 22:47:06:
配置文件初始化成功!
2018-05-10 22:56:23:
--------------程序启动!--------------
2018-05-10 22:56:23:
开始初始化工作!
2018-05-10 22:56:23:
配置文件初始化成功!
