2018-05-10 19:08:10:
软件重复启动,失败!
2018-05-10 19:08:10:
--------------程序启动!--------------
2018-05-10 19:08:10:
开始初始化工作!
2018-05-10 19:08:10:
配置文件初始化成功!
2018-05-10 19:08:58:
190858
2018-05-10 19:08:58:
正在同步...
2018-05-10 19:09:05:
同步表[device_type]操作完成!
2018-05-10 19:09:20:
同步表[device_info]操作完成!
2018-05-10 19:09:23:
同步表[work_template]操作完成!
2018-05-10 19:09:24:
同步表[work_type]操作完成!
2018-05-10 19:09:26:
同步表[work_task]操作完成!
2018-05-10 19:09:39:
同步表[work_record]操作完成!
2018-05-10 19:09:42:
同步表[sys_user]操作完成!
2018-05-10 19:10:54:
The file './/safetydata.db' was transferred to the device.
The newly created object's ID is 'o8EA'

2018-05-10 19:10:54:
同步完成...
2018-05-10 19:10:54:
191054
2018-05-10 19:24:06:
扫描设备信息,若失败,请重新插拔一次设备!
2018-05-10 19:24:07:
192407
2018-05-10 19:24:07:
正在同步...
2018-05-10 19:24:14:
同步表[device_type]操作完成!
2018-05-10 19:24:20:
同步表[device_info]操作完成!
2018-05-10 19:24:22:
同步表[work_template]操作完成!
2018-05-10 19:24:23:
同步表[work_type]操作完成!
2018-05-10 19:24:50:
同步表[work_task]操作完成!
2018-05-10 19:24:53:
同步表[work_record]操作完成!
2018-05-10 19:24:55:
同步表[sys_user]操作完成!
2018-05-10 19:27:05:
The file './/safetydata.db' was transferred to the device.
The newly created object's ID is 'o8EC'

2018-05-10 19:27:05:
同步完成...
2018-05-10 19:27:05:
192705
