2018-05-10 23:34:27:
--------------程序启动!--------------
2018-05-10 23:34:27:
开始初始化工作!
2018-05-10 23:34:27:
配置文件初始化成功!
2018-05-10 23:34:38:
233438
2018-05-10 23:34:38:
请选择一项设备
2018-05-10 23:34:38:
同步失败...
2018-05-10 23:36:48:
233648
2018-05-10 23:36:49:
正在同步...
2018-05-10 23:42:09:
--------------程序启动!--------------
2018-05-10 23:42:09:
开始初始化工作!
2018-05-10 23:42:09:
配置文件初始化成功!
2018-05-10 23:42:19:
234219
2018-05-10 23:42:19:
正在同步...
2018-05-10 23:43:29:
--------------程序启动!--------------
2018-05-10 23:43:29:
开始初始化工作!
2018-05-10 23:43:29:
配置文件初始化成功!
2018-05-10 23:44:09:
--------------程序启动!--------------
2018-05-10 23:44:09:
开始初始化工作!
2018-05-10 23:44:09:
配置文件初始化成功!
2018-05-10 23:44:16:
234416
2018-05-10 23:44:16:
正在同步...
2018-05-10 23:45:39:
--------------程序启动!--------------
2018-05-10 23:45:39:
开始初始化工作!
2018-05-10 23:45:39:
配置文件初始化成功!
2018-05-10 23:45:43:
234543
2018-05-10 23:45:43:
正在同步...
2018-05-10 23:45:49:
同步表[device_type]操作完成!
2018-05-10 23:45:51:
同步表[device_info]操作完成!
2018-05-10 23:45:51:
同步表[work_template]操作完成!
2018-05-10 23:45:51:
同步表[work_type]操作完成!
2018-05-10 23:45:51:
同步表[work_task]操作完成!
2018-05-10 23:45:51:
同步表[work_record]操作完成!
2018-05-10 23:45:51:
同步表[sys_user]操作完成!
2018-05-10 23:45:52:
The file './/safetydata.db' was transferred to the device.
The newly created object's ID is 'o93F1F'

2018-05-10 23:45:52:
同步完成...
2018-05-10 23:45:52:
234552
