2018-05-10 20:32:15:
扫描设备信息,若失败,请重新插拔一次设备!
2018-05-10 20:32:17:
203217
2018-05-10 20:32:17:
正在同步...
2018-05-10 20:32:20:
同步表[device_type]操作完成!
2018-05-10 20:32:24:
同步表[device_info]操作完成!
2018-05-10 20:32:25:
同步表[work_template]操作完成!
2018-05-10 20:32:25:
同步表[work_type]操作完成!
2018-05-10 20:32:30:
同步表[work_task]操作完成!
2018-05-10 20:32:31:
同步表[work_record]操作完成!
2018-05-10 20:32:31:
同步表[sys_user]操作完成!
2018-05-10 20:32:32:
更新服务端数据库 同步状态失败 -同步失败!
2018-05-10 20:32:32:
同步失败...
2018-05-10 20:35:06:
203506
2018-05-10 20:35:06:
正在同步...
2018-05-10 20:35:42:
同步表[device_type]操作完成!
2018-05-10 20:35:58:
同步表[device_info]操作完成!
2018-05-10 20:36:00:
同步表[work_template]操作完成!
2018-05-10 20:36:02:
同步表[work_type]操作完成!
2018-05-10 20:36:07:
同步表[work_task]操作完成!
2018-05-10 20:36:37:
同步表[work_record]操作完成!
2018-05-10 20:36:38:
同步表[sys_user]操作完成!
2018-05-10 20:36:55:
更新服务端数据库 同步状态失败 -同步失败!
2018-05-10 20:36:55:
同步失败...
2018-05-10 20:38:51:
203851
2018-05-10 20:38:51:
正在同步...
2018-05-10 20:38:53:
同步表[device_type]操作完成!
2018-05-10 20:38:55:
同步表[device_info]操作完成!
2018-05-10 20:38:56:
同步表[work_template]操作完成!
2018-05-10 20:38:56:
同步表[work_type]操作完成!
2018-05-10 20:38:59:
同步表[work_task]操作完成!
2018-05-10 20:38:59:
同步表[work_record]操作完成!
2018-05-10 20:38:59:
同步表[sys_user]操作完成!
2018-05-10 20:40:54:
软件重复启动,失败!
2018-05-10 20:40:54:
--------------程序启动!--------------
2018-05-10 20:40:54:
开始初始化工作!
2018-05-10 20:40:54:
配置文件初始化成功!
2018-05-10 20:42:06:
204206
2018-05-10 20:42:06:
正在同步...
2018-05-10 20:42:10:
同步表[device_type]操作完成!
2018-05-10 20:42:13:
同步表[device_info]操作完成!
2018-05-10 20:42:14:
同步表[work_template]操作完成!
2018-05-10 20:42:14:
同步表[work_type]操作完成!
2018-05-10 20:42:14:
同步表[work_task]操作完成!
2018-05-10 20:42:14:
同步表[work_record]操作完成!
2018-05-10 20:42:14:
同步表[sys_user]操作完成!
2018-05-10 20:42:52:
The file './/safetydata.db' was transferred to the device.
The newly created object's ID is 'o8F0'

2018-05-10 20:42:52:
同步完成...
2018-05-10 20:42:52:
204252
