2018-05-07 17:07:42:
--------------程序启动!--------------
2018-05-07 17:07:46:
正在同步...
2018-05-07 17:07:46:
同步表[device_type]操作完成!
2018-05-07 17:07:46:
同步表[device_info]操作完成!
2018-05-07 17:07:46:
同步表[work_type]操作完成!
2018-05-07 17:07:46:
同步表[work_template]操作完成!
2018-05-07 17:07:46:
同步表[work_task]操作完成!
2018-05-07 17:07:46:
同步表[work_record]操作完成!
2018-05-07 17:07:46:
同步表[sys_user]操作完成!
2018-05-07 17:07:46:
The file './/phone.db' was transferred to the device.
The newly created object's ID is 'o93688'

2018-05-07 17:07:46:
同步完成...
2018-05-07 17:12:45:
--------------程序结束!--------------
2018-05-07 17:39:26:
--------------程序启动!--------------
2018-05-07 17:39:29:
正在同步...
2018-05-07 17:39:29:
同步表[device_type]操作完成!
2018-05-07 17:39:29:
同步表[device_info]操作完成!
2018-05-07 17:39:29:
table work_type has no column named DeviceId
2018-05-07 17:39:29:
library routine called out of sequence
2018-05-07 17:39:29:
设备类型表(work_type) -同步失败!
2018-05-07 17:39:29:
同步失败...
2018-05-07 17:39:33:
正在同步...
2018-05-07 17:39:33:
同步表[device_type]操作完成!
2018-05-07 17:39:33:
同步表[device_info]操作完成!
2018-05-07 17:39:33:
table work_type has no column named DeviceId
2018-05-07 17:39:33:
library routine called out of sequence
2018-05-07 17:39:33:
设备类型表(work_type) -同步失败!
2018-05-07 17:39:33:
同步失败...
2018-05-07 17:39:38:
正在同步...
2018-05-07 17:39:38:
同步表[device_type]操作完成!
2018-05-07 17:39:38:
同步表[device_info]操作完成!
2018-05-07 17:39:38:
table work_type has no column named DeviceId
2018-05-07 17:39:38:
library routine called out of sequence
2018-05-07 17:39:38:
设备类型表(work_type) -同步失败!
2018-05-07 17:39:38:
同步失败...
2018-05-07 17:39:44:
正在同步...
2018-05-07 17:39:44:
同步表[device_type]操作完成!
2018-05-07 17:39:44:
同步表[device_info]操作完成!
2018-05-07 17:39:44:
table work_type has no column named DeviceId
2018-05-07 17:39:44:
library routine called out of sequence
2018-05-07 17:39:44:
设备类型表(work_type) -同步失败!
2018-05-07 17:39:44:
同步失败...
2018-05-07 17:40:20:
--------------程序结束!--------------
