2018-05-07 18:07:38:
--------------程序启动!--------------
2018-05-07 18:07:40:
正在同步...
2018-05-07 18:07:41:
同步表[device_type]操作完成!
2018-05-07 18:07:41:
同步表[device_info]操作完成!
2018-05-07 18:07:41:
同步表[work_template]操作完成!
2018-05-07 18:07:41:
同步表[work_type]操作完成!
2018-05-07 18:07:41:
同步表[work_task]操作完成!
2018-05-07 18:07:41:
同步表[work_record]操作完成!
2018-05-07 18:07:41:
同步表[sys_user]操作完成!
2018-05-07 18:07:41:
The file './/phone.db' was transferred to the device.
The newly created object's ID is 'o93691'

2018-05-07 18:07:41:
同步完成...
2018-05-07 18:07:55:
--------------程序结束!--------------
2018-05-07 18:10:06:
--------------程序启动!--------------
2018-05-07 18:10:09:
正在同步...
2018-05-07 18:10:09:
同步表[device_type]操作完成!
2018-05-07 18:10:09:
同步表[device_info]操作完成!
2018-05-07 18:10:09:
table work_template has no column named ClassName
2018-05-07 18:10:09:
library routine called out of sequence
2018-05-07 18:10:09:
设备类型表(work_template) -同步失败!
2018-05-07 18:10:09:
同步失败...
2018-05-07 18:10:15:
--------------程序结束!--------------
2018-05-07 18:10:18:
--------------程序启动!--------------
2018-05-07 18:10:21:
正在同步...
2018-05-07 18:10:21:
同步表[device_type]操作完成!
2018-05-07 18:10:21:
同步表[device_info]操作完成!
2018-05-07 18:10:21:
table work_template has no column named ClassName
2018-05-07 18:10:21:
library routine called out of sequence
2018-05-07 18:10:21:
设备类型表(work_template) -同步失败!
2018-05-07 18:10:21:
同步失败...
2018-05-07 18:11:23:
正在同步...
2018-05-07 18:11:23:
同步表[device_type]操作完成!
2018-05-07 18:11:23:
同步表[device_info]操作完成!
2018-05-07 18:11:23:
table work_template has no column named ClassName
2018-05-07 18:11:23:
library routine called out of sequence
2018-05-07 18:11:23:
设备类型表(work_template) -同步失败!
2018-05-07 18:11:23:
同步失败...
2018-05-07 18:12:48:
--------------程序结束!--------------
2018-05-07 18:15:12:
--------------程序启动!--------------
2018-05-07 18:15:15:
正在同步...
2018-05-07 18:15:15:
同步表[device_type]操作完成!
2018-05-07 18:15:15:
同步表[device_info]操作完成!
2018-05-07 18:15:15:
同步表[work_template]操作完成!
2018-05-07 18:15:15:
同步表[work_type]操作完成!
2018-05-07 18:15:15:
同步表[work_task]操作完成!
2018-05-07 18:15:15:
同步表[work_record]操作完成!
2018-05-07 18:15:15:
同步表[sys_user]操作完成!
2018-05-07 18:15:15:
The file './/phone.db' was transferred to the device.
The newly created object's ID is 'o93693'

2018-05-07 18:15:15:
同步完成...
2018-05-07 18:17:25:
软件重复启动,失败!
2018-05-07 18:17:28:
--------------程序结束!--------------
2018-05-07 18:17:29:
--------------程序启动!--------------
2018-05-07 18:17:34:
操作过于频繁!
2018-05-07 18:17:36:
操作过于频繁!
2018-05-07 18:17:40:
指定文件路径下未找到相应数据库文件!Android#safetydata#
2018-05-07 18:17:40:
同步失败...
2018-05-07 18:17:44:
正在同步...
2018-05-07 18:17:44:
同步表[device_type]操作完成!
2018-05-07 18:17:44:
同步表[device_info]操作完成!
2018-05-07 18:17:44:
同步表[work_template]操作完成!
2018-05-07 18:17:44:
同步表[work_type]操作完成!
2018-05-07 18:17:44:
同步表[work_task]操作完成!
2018-05-07 18:17:44:
同步表[work_record]操作完成!
2018-05-07 18:17:44:
同步表[sys_user]操作完成!
2018-05-07 18:17:44:
The file './/safetydata.db' was transferred to the device.
The newly created object's ID is 'o93694'

2018-05-07 18:17:44:
同步完成...
2018-05-07 18:18:43:
--------------程序结束!--------------
